2023-08-06T21:13:29.942Z [Modules] Modules initializing
2023-08-06T21:13:29.944Z [Modules] Distribution: remote
2023-08-06T21:13:29.945Z [Modules] Host updates: enabled
2023-08-06T21:13:29.945Z [Modules] Module updates: enabled
2023-08-06T21:13:29.945Z [Modules] Module install path: /home/zer0/.config/discord/0.0.28/modules
2023-08-06T21:13:29.945Z [Modules] Module installed file path: /home/zer0/.config/discord/0.0.28/modules/installed.json
2023-08-06T21:13:29.945Z [Modules] Module download path: /home/zer0/.config/discord/0.0.28/modules/pending
2023-08-06T21:13:30.227Z [Modules] Bootstrapping...
2023-08-06T21:13:30.228Z [Modules] Installing discord_desktop_core@0 from /opt/discord/resources/bootstrap/discord_desktop_core.zip
2023-08-06T21:13:30.230Z [Modules] Failed installing discord_desktop_core@0: Error: ENOENT: no such file or directory, open '/opt/discord/resources/bootstrap/discord_desktop_core.zip'
2023-08-06T21:13:30.230Z [Modules] Installing discord_erlpack@0 from /opt/discord/resources/bootstrap/discord_erlpack.zip
2023-08-06T21:13:30.231Z [Modules] Failed installing discord_erlpack@0: Error: ENOENT: no such file or directory, open '/opt/discord/resources/bootstrap/discord_erlpack.zip'
2023-08-06T21:13:30.231Z [Modules] Installing discord_spellcheck@0 from /opt/discord/resources/bootstrap/discord_spellcheck.zip
2023-08-06T21:13:30.232Z [Modules] Failed installing discord_spellcheck@0: Error: ENOENT: no such file or directory, open '/opt/discord/resources/bootstrap/discord_spellcheck.zip'
2023-08-06T21:13:30.232Z [Modules] Installing discord_utils@0 from /opt/discord/resources/bootstrap/discord_utils.zip
2023-08-06T21:13:30.233Z [Modules] Failed installing discord_utils@0: Error: ENOENT: no such file or directory, open '/opt/discord/resources/bootstrap/discord_utils.zip'
2023-08-06T21:13:30.233Z [Modules] Installing discord_voice@0 from /opt/discord/resources/bootstrap/discord_voice.zip
2023-08-06T21:13:30.233Z [Modules] Failed installing discord_voice@0: Error: ENOENT: no such file or directory, open '/opt/discord/resources/bootstrap/discord_voice.zip'
2023-08-06T21:13:30.233Z [Modules] Finished module installations. [success: 0] [failure: 5]
2023-08-06T21:13:30.234Z [Modules] Checking for host updates.
2023-08-06T21:13:30.426Z [Modules] Host is up to date.
2023-08-06T21:13:30.426Z [Modules] Checking for module updates at https://discord.com/api/modules/stable/versions.json
2023-08-06T21:13:30.486Z [Modules] Module update available: discord_desktop_core@1 [installed: 0]
2023-08-06T21:13:30.486Z [Modules] Module update available: discord_erlpack@1 [installed: 0]
2023-08-06T21:13:30.486Z [Modules] Module update available: discord_spellcheck@1 [installed: 0]
2023-08-06T21:13:30.486Z [Modules] Module update available: discord_utils@1 [installed: 0]
2023-08-06T21:13:30.486Z [Modules] Module update available: discord_voice@1 [installed: 0]
2023-08-06T21:13:30.487Z [Modules] Fetching discord_desktop_core@1 from https://discord.com/api/modules/stable/discord_desktop_core/1
2023-08-06T21:13:30.487Z [Modules] Streaming discord_desktop_core@1 to /home/zer0/.config/discord/0.0.28/modules/pending/discord_desktop_core-1.zip
2023-08-06T21:13:30.709Z [Modules] Streaming discord_desktop_core@1 to /home/zer0/.config/discord/0.0.28/modules/pending/discord_desktop_core-1.zip: 2%
2023-08-06T21:13:30.725Z [Modules] Streaming discord_desktop_core@1 to /home/zer0/.config/discord/0.0.28/modules/pending/discord_desktop_core-1.zip: 5%
2023-08-06T21:13:30.730Z [Modules] Streaming discord_desktop_core@1 to /home/zer0/.config/discord/0.0.28/modules/pending/discord_desktop_core-1.zip: 7%
2023-08-06T21:13:30.738Z [Modules] Streaming discord_desktop_core@1 to /home/zer0/.config/discord/0.0.28/modules/pending/discord_desktop_core-1.zip: 10%
2023-08-06T21:13:30.740Z [Modules] Streaming discord_desktop_core@1 to /home/zer0/.config/discord/0.0.28/modules/pending/discord_desktop_core-1.zip: 11%
2023-08-06T21:13:30.741Z [Modules] Streaming discord_desktop_core@1 to /home/zer0/.config/discord/0.0.28/modules/pending/discord_desktop_core-1.zip: 12%
2023-08-06T21:13:30.744Z [Modules] Streaming discord_desktop_core@1 to /home/zer0/.config/discord/0.0.28/modules/pending/discord_desktop_core-1.zip: 13%
2023-08-06T21:13:30.745Z [Modules] Streaming discord_desktop_core@1 to /home/zer0/.config/discord/0.0.28/modules/pending/discord_desktop_core-1.zip: 14%
2023-08-06T21:13:30.749Z [Modules] Streaming discord_desktop_core@1 to /home/zer0/.config/discord/0.0.28/modules/pending/discord_desktop_core-1.zip: 16%
2023-08-06T21:13:30.750Z [Modules] Streaming discord_desktop_core@1 to /home/zer0/.config/discord/0.0.28/modules/pending/discord_desktop_core-1.zip: 17%
2023-08-06T21:13:30.752Z [Modules] Streaming discord_desktop_core@1 to /home/zer0/.config/discord/0.0.28/modules/pending/discord_desktop_core-1.zip: 18%
2023-08-06T21:13:30.754Z [Modules] Streaming discord_desktop_core@1 to /home/zer0/.config/discord/0.0.28/modules/pending/discord_desktop_core-1.zip: 19%
2023-08-06T21:13:30.757Z [Modules] Streaming discord_desktop_core@1 to /home/zer0/.config/discord/0.0.28/modules/pending/discord_desktop_core-1.zip: 20%
2023-08-06T21:13:30.758Z [Modules] Streaming discord_desktop_core@1 to /home/zer0/.config/discord/0.0.28/modules/pending/discord_desktop_core-1.zip: 21%
2023-08-06T21:13:30.759Z [Modules] Streaming discord_desktop_core@1 to /home/zer0/.config/discord/0.0.28/modules/pending/discord_desktop_core-1.zip: 22%
2023-08-06T21:13:30.761Z [Modules] Streaming discord_desktop_core@1 to /home/zer0/.config/discord/0.0.28/modules/pending/discord_desktop_core-1.zip: 23%
2023-08-06T21:13:30.762Z [Modules] Streaming discord_desktop_core@1 to /home/zer0/.config/discord/0.0.28/modules/pending/discord_desktop_core-1.zip: 24%
2023-08-06T21:13:30.766Z [Modules] Streaming discord_desktop_core@1 to /home/zer0/.config/discord/0.0.28/modules/pending/discord_desktop_core-1.zip: 26%
2023-08-06T21:13:30.768Z [Modules] Streaming discord_desktop_core@1 to /home/zer0/.config/discord/0.0.28/modules/pending/discord_desktop_core-1.zip: 27%
2023-08-06T21:13:30.771Z [Modules] Streaming discord_desktop_core@1 to /home/zer0/.config/discord/0.0.28/modules/pending/discord_desktop_core-1.zip: 28%
2023-08-06T21:13:30.775Z [Modules] Streaming discord_desktop_core@1 to /home/zer0/.config/discord/0.0.28/modules/pending/discord_desktop_core-1.zip: 31%
2023-08-06T21:13:30.779Z [Modules] Streaming discord_desktop_core@1 to /home/zer0/.config/discord/0.0.28/modules/pending/discord_desktop_core-1.zip: 33%
2023-08-06T21:13:30.780Z [Modules] Streaming discord_desktop_core@1 to /home/zer0/.config/discord/0.0.28/modules/pending/discord_desktop_core-1.zip: 34%
2023-08-06T21:13:30.783Z [Modules] Streaming discord_desktop_core@1 to /home/zer0/.config/discord/0.0.28/modules/pending/discord_desktop_core-1.zip: 35%
2023-08-06T21:13:30.784Z [Modules] Streaming discord_desktop_core@1 to /home/zer0/.config/discord/0.0.28/modules/pending/discord_desktop_core-1.zip: 36%
2023-08-06T21:13:30.786Z [Modules] Streaming discord_desktop_core@1 to /home/zer0/.config/discord/0.0.28/modules/pending/discord_desktop_core-1.zip: 37%
2023-08-06T21:13:30.787Z [Modules] Streaming discord_desktop_core@1 to /home/zer0/.config/discord/0.0.28/modules/pending/discord_desktop_core-1.zip: 38%
2023-08-06T21:13:30.792Z [Modules] Streaming discord_desktop_core@1 to /home/zer0/.config/discord/0.0.28/modules/pending/discord_desktop_core-1.zip: 40%
2023-08-06T21:13:30.793Z [Modules] Streaming discord_desktop_core@1 to /home/zer0/.config/discord/0.0.28/modules/pending/discord_desktop_core-1.zip: 41%
2023-08-06T21:13:30.797Z [Modules] Streaming discord_desktop_core@1 to /home/zer0/.config/discord/0.0.28/modules/pending/discord_desktop_core-1.zip: 44%
2023-08-06T21:13:30.800Z [Modules] Streaming discord_desktop_core@1 to /home/zer0/.config/discord/0.0.28/modules/pending/discord_desktop_core-1.zip: 45%
2023-08-06T21:13:30.804Z [Modules] Streaming discord_desktop_core@1 to /home/zer0/.config/discord/0.0.28/modules/pending/discord_desktop_core-1.zip: 47%
2023-08-06T21:13:30.805Z [Modules] Streaming discord_desktop_core@1 to /home/zer0/.config/discord/0.0.28/modules/pending/discord_desktop_core-1.zip: 48%
2023-08-06T21:13:30.808Z [Modules] Streaming discord_desktop_core@1 to /home/zer0/.config/discord/0.0.28/modules/pending/discord_desktop_core-1.zip: 49%
2023-08-06T21:13:30.810Z [Modules] Streaming discord_desktop_core@1 to /home/zer0/.config/discord/0.0.28/modules/pending/discord_desktop_core-1.zip: 50%
2023-08-06T21:13:30.812Z [Modules] Streaming discord_desktop_core@1 to /home/zer0/.config/discord/0.0.28/modules/pending/discord_desktop_core-1.zip: 52%
2023-08-06T21:13:30.817Z [Modules] Streaming discord_desktop_core@1 to /home/zer0/.config/discord/0.0.28/modules/pending/discord_desktop_core-1.zip: 54%
2023-08-06T21:13:30.818Z [Modules] Streaming discord_desktop_core@1 to /home/zer0/.config/discord/0.0.28/modules/pending/discord_desktop_core-1.zip: 55%
2023-08-06T21:13:30.822Z [Modules] Streaming discord_desktop_core@1 to /home/zer0/.config/discord/0.0.28/modules/pending/discord_desktop_core-1.zip: 57%
2023-08-06T21:13:30.825Z [Modules] Streaming discord_desktop_core@1 to /home/zer0/.config/discord/0.0.28/modules/pending/discord_desktop_core-1.zip: 58%
2023-08-06T21:13:30.827Z [Modules] Streaming discord_desktop_core@1 to /home/zer0/.config/discord/0.0.28/modules/pending/discord_desktop_core-1.zip: 59%
2023-08-06T21:13:30.828Z [Modules] Streaming discord_desktop_core@1 to /home/zer0/.config/discord/0.0.28/modules/pending/discord_desktop_core-1.zip: 60%
2023-08-06T21:13:30.830Z [Modules] Streaming discord_desktop_core@1 to /home/zer0/.config/discord/0.0.28/modules/pending/discord_desktop_core-1.zip: 62%
2023-08-06T21:13:30.834Z [Modules] Streaming discord_desktop_core@1 to /home/zer0/.config/discord/0.0.28/modules/pending/discord_desktop_core-1.zip: 64%
2023-08-06T21:13:30.836Z [Modules] Streaming discord_desktop_core@1 to /home/zer0/.config/discord/0.0.28/modules/pending/discord_desktop_core-1.zip: 65%
2023-08-06T21:13:30.839Z [Modules] Streaming discord_desktop_core@1 to /home/zer0/.config/discord/0.0.28/modules/pending/discord_desktop_core-1.zip: 66%
2023-08-06T21:13:30.840Z [Modules] Streaming discord_desktop_core@1 to /home/zer0/.config/discord/0.0.28/modules/pending/discord_desktop_core-1.zip: 67%
2023-08-06T21:13:30.843Z [Modules] Streaming discord_desktop_core@1 to /home/zer0/.config/discord/0.0.28/modules/pending/discord_desktop_core-1.zip: 69%
2023-08-06T21:13:30.847Z [Modules] Streaming discord_desktop_core@1 to /home/zer0/.config/discord/0.0.28/modules/pending/discord_desktop_core-1.zip: 71%
2023-08-06T21:13:30.849Z [Modules] Streaming discord_desktop_core@1 to /home/zer0/.config/discord/0.0.28/modules/pending/discord_desktop_core-1.zip: 72%
2023-08-06T21:13:30.850Z [Modules] Streaming discord_desktop_core@1 to /home/zer0/.config/discord/0.0.28/modules/pending/discord_desktop_core-1.zip: 73%
2023-08-06T21:13:30.853Z [Modules] Streaming discord_desktop_core@1 to /home/zer0/.config/discord/0.0.28/modules/pending/discord_desktop_core-1.zip: 74%
2023-08-06T21:13:30.856Z [Modules] Streaming discord_desktop_core@1 to /home/zer0/.config/discord/0.0.28/modules/pending/discord_desktop_core-1.zip: 76%
2023-08-06T21:13:30.860Z [Modules] Streaming discord_desktop_core@1 to /home/zer0/.config/discord/0.0.28/modules/pending/discord_desktop_core-1.zip: 78%
2023-08-06T21:13:30.861Z [Modules] Streaming discord_desktop_core@1 to /home/zer0/.config/discord/0.0.28/modules/pending/discord_desktop_core-1.zip: 79%
2023-08-06T21:13:30.864Z [Modules] Streaming discord_desktop_core@1 to /home/zer0/.config/discord/0.0.28/modules/pending/discord_desktop_core-1.zip: 80%
2023-08-06T21:13:30.866Z [Modules] Streaming discord_desktop_core@1 to /home/zer0/.config/discord/0.0.28/modules/pending/discord_desktop_core-1.zip: 81%
2023-08-06T21:13:30.867Z [Modules] Streaming discord_desktop_core@1 to /home/zer0/.config/discord/0.0.28/modules/pending/discord_desktop_core-1.zip: 82%
2023-08-06T21:13:30.868Z [Modules] Streaming discord_desktop_core@1 to /home/zer0/.config/discord/0.0.28/modules/pending/discord_desktop_core-1.zip: 83%
2023-08-06T21:13:30.875Z [Modules] Streaming discord_desktop_core@1 to /home/zer0/.config/discord/0.0.28/modules/pending/discord_desktop_core-1.zip: 85%
2023-08-06T21:13:30.876Z [Modules] Streaming discord_desktop_core@1 to /home/zer0/.config/discord/0.0.28/modules/pending/discord_desktop_core-1.zip: 86%
2023-08-06T21:13:30.877Z [Modules] Streaming discord_desktop_core@1 to /home/zer0/.config/discord/0.0.28/modules/pending/discord_desktop_core-1.zip: 87%
2023-08-06T21:13:30.880Z [Modules] Streaming discord_desktop_core@1 to /home/zer0/.config/discord/0.0.28/modules/pending/discord_desktop_core-1.zip: 88%
2023-08-06T21:13:30.882Z [Modules] Streaming discord_desktop_core@1 to /home/zer0/.config/discord/0.0.28/modules/pending/discord_desktop_core-1.zip: 89%
2023-08-06T21:13:30.884Z [Modules] Streaming discord_desktop_core@1 to /home/zer0/.config/discord/0.0.28/modules/pending/discord_desktop_core-1.zip: 90%
2023-08-06T21:13:30.886Z [Modules] Streaming discord_desktop_core@1 to /home/zer0/.config/discord/0.0.28/modules/pending/discord_desktop_core-1.zip: 91%
2023-08-06T21:13:30.888Z [Modules] Streaming discord_desktop_core@1 to /home/zer0/.config/discord/0.0.28/modules/pending/discord_desktop_core-1.zip: 92%
2023-08-06T21:13:30.894Z [Modules] Streaming discord_desktop_core@1 to /home/zer0/.config/discord/0.0.28/modules/pending/discord_desktop_core-1.zip: 94%
2023-08-06T21:13:30.898Z [Modules] Streaming discord_desktop_core@1 to /home/zer0/.config/discord/0.0.28/modules/pending/discord_desktop_core-1.zip: 96%
2023-08-06T21:13:30.900Z [Modules] Streaming discord_desktop_core@1 to /home/zer0/.config/discord/0.0.28/modules/pending/discord_desktop_core-1.zip: 97%
2023-08-06T21:13:30.902Z [Modules] Streaming discord_desktop_core@1 to /home/zer0/.config/discord/0.0.28/modules/pending/discord_desktop_core-1.zip: 98%
2023-08-06T21:13:30.903Z [Modules] Streaming discord_desktop_core@1 to /home/zer0/.config/discord/0.0.28/modules/pending/discord_desktop_core-1.zip: 99%
2023-08-06T21:13:30.904Z [Modules] Streaming discord_desktop_core@1 to /home/zer0/.config/discord/0.0.28/modules/pending/discord_desktop_core-1.zip: 100%
2023-08-06T21:13:30.905Z [Modules] Fetching discord_erlpack@1 from https://discord.com/api/modules/stable/discord_erlpack/1
2023-08-06T21:13:30.905Z [Modules] Streaming discord_erlpack@1 to /home/zer0/.config/discord/0.0.28/modules/pending/discord_erlpack-1.zip
2023-08-06T21:13:31.015Z [Modules] Streaming discord_erlpack@1 to /home/zer0/.config/discord/0.0.28/modules/pending/discord_erlpack-1.zip: 1%
2023-08-06T21:13:31.018Z [Modules] Streaming discord_erlpack@1 to /home/zer0/.config/discord/0.0.28/modules/pending/discord_erlpack-1.zip: 3%
2023-08-06T21:13:31.019Z [Modules] Streaming discord_erlpack@1 to /home/zer0/.config/discord/0.0.28/modules/pending/discord_erlpack-1.zip: 4%
2023-08-06T21:13:31.022Z [Modules] Streaming discord_erlpack@1 to /home/zer0/.config/discord/0.0.28/modules/pending/discord_erlpack-1.zip: 6%
2023-08-06T21:13:31.024Z [Modules] Streaming discord_erlpack@1 to /home/zer0/.config/discord/0.0.28/modules/pending/discord_erlpack-1.zip: 7%
2023-08-06T21:13:31.026Z [Modules] Streaming discord_erlpack@1 to /home/zer0/.config/discord/0.0.28/modules/pending/discord_erlpack-1.zip: 9%
2023-08-06T21:13:31.028Z [Modules] Streaming discord_erlpack@1 to /home/zer0/.config/discord/0.0.28/modules/pending/discord_erlpack-1.zip: 10%
2023-08-06T21:13:31.030Z [Modules] Streaming discord_erlpack@1 to /home/zer0/.config/discord/0.0.28/modules/pending/discord_erlpack-1.zip: 12%
2023-08-06T21:13:31.032Z [Modules] Streaming discord_erlpack@1 to /home/zer0/.config/discord/0.0.28/modules/pending/discord_erlpack-1.zip: 13%
2023-08-06T21:13:31.033Z [Modules] Streaming discord_erlpack@1 to /home/zer0/.config/discord/0.0.28/modules/pending/discord_erlpack-1.zip: 14%
2023-08-06T21:13:31.035Z [Modules] Streaming discord_erlpack@1 to /home/zer0/.config/discord/0.0.28/modules/pending/discord_erlpack-1.zip: 15%
2023-08-06T21:13:31.037Z [Modules] Streaming discord_erlpack@1 to /home/zer0/.config/discord/0.0.28/modules/pending/discord_erlpack-1.zip: 17%
2023-08-06T21:13:31.046Z [Modules] Streaming discord_erlpack@1 to /home/zer0/.config/discord/0.0.28/modules/pending/discord_erlpack-1.zip: 18%
2023-08-06T21:13:31.049Z [Modules] Streaming discord_erlpack@1 to /home/zer0/.config/discord/0.0.28/modules/pending/discord_erlpack-1.zip: 20%
2023-08-06T21:13:31.051Z [Modules] Streaming discord_erlpack@1 to /home/zer0/.config/discord/0.0.28/modules/pending/discord_erlpack-1.zip: 21%
2023-08-06T21:13:31.054Z [Modules] Streaming discord_erlpack@1 to /home/zer0/.config/discord/0.0.28/modules/pending/discord_erlpack-1.zip: 23%
2023-08-06T21:13:31.055Z [Modules] Streaming discord_erlpack@1 to /home/zer0/.config/discord/0.0.28/modules/pending/discord_erlpack-1.zip: 24%
2023-08-06T21:13:31.058Z [Modules] Streaming discord_erlpack@1 to /home/zer0/.config/discord/0.0.28/modules/pending/discord_erlpack-1.zip: 26%
2023-08-06T21:13:31.059Z [Modules] Streaming discord_erlpack@1 to /home/zer0/.config/discord/0.0.28/modules/pending/discord_erlpack-1.zip: 27%
2023-08-06T21:13:31.062Z [Modules] Streaming discord_erlpack@1 to /home/zer0/.config/discord/0.0.28/modules/pending/discord_erlpack-1.zip: 29%
2023-08-06T21:13:31.069Z [Modules] Streaming discord_erlpack@1 to /home/zer0/.config/discord/0.0.28/modules/pending/discord_erlpack-1.zip: 31%
2023-08-06T21:13:31.070Z [Modules] Streaming discord_erlpack@1 to /home/zer0/.config/discord/0.0.28/modules/pending/discord_erlpack-1.zip: 32%
2023-08-06T21:13:31.071Z [Modules] Streaming discord_erlpack@1 to /home/zer0/.config/discord/0.0.28/modules/pending/discord_erlpack-1.zip: 33%
2023-08-06T21:13:31.073Z [Modules] Streaming discord_erlpack@1 to /home/zer0/.config/discord/0.0.28/modules/pending/discord_erlpack-1.zip: 34%
2023-08-06T21:13:31.076Z [Modules] Streaming discord_erlpack@1 to /home/zer0/.config/discord/0.0.28/modules/pending/discord_erlpack-1.zip: 36%
2023-08-06T21:13:31.077Z [Modules] Streaming discord_erlpack@1 to /home/zer0/.config/discord/0.0.28/modules/pending/discord_erlpack-1.zip: 37%
2023-08-06T21:13:31.080Z [Modules] Streaming discord_erlpack@1 to /home/zer0/.config/discord/0.0.28/modules/pending/discord_erlpack-1.zip: 39%
2023-08-06T21:13:31.081Z [Modules] Streaming discord_erlpack@1 to /home/zer0/.config/discord/0.0.28/modules/pending/discord_erlpack-1.zip: 40%
2023-08-06T21:13:31.083Z [Modules] Streaming discord_erlpack@1 to /home/zer0/.config/discord/0.0.28/modules/pending/discord_erlpack-1.zip: 41%
2023-08-06T21:13:31.084Z [Modules] Streaming discord_erlpack@1 to /home/zer0/.config/discord/0.0.28/modules/pending/discord_erlpack-1.zip: 42%
2023-08-06T21:13:31.087Z [Modules] Streaming discord_erlpack@1 to /home/zer0/.config/discord/0.0.28/modules/pending/discord_erlpack-1.zip: 43%
2023-08-06T21:13:31.096Z [Modules] Streaming discord_erlpack@1 to /home/zer0/.config/discord/0.0.28/modules/pending/discord_erlpack-1.zip: 44%
2023-08-06T21:13:31.099Z [Modules] Streaming discord_erlpack@1 to /home/zer0/.config/discord/0.0.28/modules/pending/discord_erlpack-1.zip: 47%
2023-08-06T21:13:31.103Z [Modules] Streaming discord_erlpack@1 to /home/zer0/.config/discord/0.0.28/modules/pending/discord_erlpack-1.zip: 51%
2023-08-06T21:13:31.112Z [Modules] Streaming discord_erlpack@1 to /home/zer0/.config/discord/0.0.28/modules/pending/discord_erlpack-1.zip: 55%
2023-08-06T21:13:31.112Z [Modules] Streaming discord_erlpack@1 to /home/zer0/.config/discord/0.0.28/modules/pending/discord_erlpack-1.zip: 56%
2023-08-06T21:13:31.118Z [Modules] Streaming discord_erlpack@1 to /home/zer0/.config/discord/0.0.28/modules/pending/discord_erlpack-1.zip: 59%
2023-08-06T21:13:31.121Z [Modules] Streaming discord_erlpack@1 to /home/zer0/.config/discord/0.0.28/modules/pending/discord_erlpack-1.zip: 61%
2023-08-06T21:13:31.122Z [Modules] Streaming discord_erlpack@1 to /home/zer0/.config/discord/0.0.28/modules/pending/discord_erlpack-1.zip: 62%
2023-08-06T21:13:31.125Z [Modules] Streaming discord_erlpack@1 to /home/zer0/.config/discord/0.0.28/modules/pending/discord_erlpack-1.zip: 64%
2023-08-06T21:13:31.126Z [Modules] Streaming discord_erlpack@1 to /home/zer0/.config/discord/0.0.28/modules/pending/discord_erlpack-1.zip: 65%
2023-08-06T21:13:31.128Z [Modules] Streaming discord_erlpack@1 to /home/zer0/.config/discord/0.0.28/modules/pending/discord_erlpack-1.zip: 66%
2023-08-06T21:13:31.133Z [Modules] Streaming discord_erlpack@1 to /home/zer0/.config/discord/0.0.28/modules/pending/discord_erlpack-1.zip: 67%
2023-08-06T21:13:31.134Z [Modules] Streaming discord_erlpack@1 to /home/zer0/.config/discord/0.0.28/modules/pending/discord_erlpack-1.zip: 68%
2023-08-06T21:13:31.137Z [Modules] Streaming discord_erlpack@1 to /home/zer0/.config/discord/0.0.28/modules/pending/discord_erlpack-1.zip: 70%
2023-08-06T21:13:31.138Z [Modules] Streaming discord_erlpack@1 to /home/zer0/.config/discord/0.0.28/modules/pending/discord_erlpack-1.zip: 71%
2023-08-06T21:13:31.140Z [Modules] Streaming discord_erlpack@1 to /home/zer0/.config/discord/0.0.28/modules/pending/discord_erlpack-1.zip: 72%
2023-08-06T21:13:31.142Z [Modules] Streaming discord_erlpack@1 to /home/zer0/.config/discord/0.0.28/modules/pending/discord_erlpack-1.zip: 73%
2023-08-06T21:13:31.145Z [Modules] Streaming discord_erlpack@1 to /home/zer0/.config/discord/0.0.28/modules/pending/discord_erlpack-1.zip: 75%
2023-08-06T21:13:31.146Z [Modules] Streaming discord_erlpack@1 to /home/zer0/.config/discord/0.0.28/modules/pending/discord_erlpack-1.zip: 76%
2023-08-06T21:13:31.150Z [Modules] Streaming discord_erlpack@1 to /home/zer0/.config/discord/0.0.28/modules/pending/discord_erlpack-1.zip: 78%
2023-08-06T21:13:31.153Z [Modules] Streaming discord_erlpack@1 to /home/zer0/.config/discord/0.0.28/modules/pending/discord_erlpack-1.zip: 80%
2023-08-06T21:13:31.158Z [Modules] Streaming discord_erlpack@1 to /home/zer0/.config/discord/0.0.28/modules/pending/discord_erlpack-1.zip: 81%
2023-08-06T21:13:31.160Z [Modules] Streaming discord_erlpack@1 to /home/zer0/.config/discord/0.0.28/modules/pending/discord_erlpack-1.zip: 83%
2023-08-06T21:13:31.165Z [Modules] Streaming discord_erlpack@1 to /home/zer0/.config/discord/0.0.28/modules/pending/discord_erlpack-1.zip: 87%
2023-08-06T21:13:31.173Z [Modules] Streaming discord_erlpack@1 to /home/zer0/.config/discord/0.0.28/modules/pending/discord_erlpack-1.zip: 91%
2023-08-06T21:13:31.175Z [Modules] Streaming discord_erlpack@1 to /home/zer0/.config/discord/0.0.28/modules/pending/discord_erlpack-1.zip: 92%
2023-08-06T21:13:31.178Z [Modules] Streaming discord_erlpack@1 to /home/zer0/.config/discord/0.0.28/modules/pending/discord_erlpack-1.zip: 93%
2023-08-06T21:13:31.182Z [Modules] Streaming discord_erlpack@1 to /home/zer0/.config/discord/0.0.28/modules/pending/discord_erlpack-1.zip: 95%
2023-08-06T21:13:31.186Z [Modules] Streaming discord_erlpack@1 to /home/zer0/.config/discord/0.0.28/modules/pending/discord_erlpack-1.zip: 97%
2023-08-06T21:13:31.187Z [Modules] Streaming discord_erlpack@1 to /home/zer0/.config/discord/0.0.28/modules/pending/discord_erlpack-1.zip: 100%
2023-08-06T21:13:31.190Z [Modules] Fetching discord_spellcheck@1 from https://discord.com/api/modules/stable/discord_spellcheck/1
2023-08-06T21:13:31.190Z [Modules] Streaming discord_spellcheck@1 to /home/zer0/.config/discord/0.0.28/modules/pending/discord_spellcheck-1.zip
2023-08-06T21:13:31.309Z [Modules] Streaming discord_spellcheck@1 to /home/zer0/.config/discord/0.0.28/modules/pending/discord_spellcheck-1.zip: 1%
2023-08-06T21:13:31.321Z [Modules] Streaming discord_spellcheck@1 to /home/zer0/.config/discord/0.0.28/modules/pending/discord_spellcheck-1.zip: 2%
2023-08-06T21:13:31.329Z [Modules] Streaming discord_spellcheck@1 to /home/zer0/.config/discord/0.0.28/modules/pending/discord_spellcheck-1.zip: 3%
2023-08-06T21:13:31.341Z [Modules] Streaming discord_spellcheck@1 to /home/zer0/.config/discord/0.0.28/modules/pending/discord_spellcheck-1.zip: 4%
2023-08-06T21:13:31.350Z [Modules] Streaming discord_spellcheck@1 to /home/zer0/.config/discord/0.0.28/modules/pending/discord_spellcheck-1.zip: 5%
2023-08-06T21:13:31.363Z [Modules] Streaming discord_spellcheck@1 to /home/zer0/.config/discord/0.0.28/modules/pending/discord_spellcheck-1.zip: 6%
2023-08-06T21:13:31.371Z [Modules] Streaming discord_spellcheck@1 to /home/zer0/.config/discord/0.0.28/modules/pending/discord_spellcheck-1.zip: 7%
2023-08-06T21:13:31.380Z [Modules] Streaming discord_spellcheck@1 to /home/zer0/.config/discord/0.0.28/modules/pending/discord_spellcheck-1.zip: 8%
2023-08-06T21:13:31.392Z [Modules] Streaming discord_spellcheck@1 to /home/zer0/.config/discord/0.0.28/modules/pending/discord_spellcheck-1.zip: 9%
2023-08-06T21:13:31.400Z [Modules] Streaming discord_spellcheck@1 to /home/zer0/.config/discord/0.0.28/modules/pending/discord_spellcheck-1.zip: 10%
2023-08-06T21:13:31.411Z [Modules] Streaming discord_spellcheck@1 to /home/zer0/.config/discord/0.0.28/modules/pending/discord_spellcheck-1.zip: 11%
2023-08-06T21:13:31.419Z [Modules] Streaming discord_spellcheck@1 to /home/zer0/.config/discord/0.0.28/modules/pending/discord_spellcheck-1.zip: 12%
2023-08-06T21:13:31.427Z [Modules] Streaming discord_spellcheck@1 to /home/zer0/.config/discord/0.0.28/modules/pending/discord_spellcheck-1.zip: 13%
2023-08-06T21:13:31.436Z [Modules] Streaming discord_spellcheck@1 to /home/zer0/.config/discord/0.0.28/modules/pending/discord_spellcheck-1.zip: 14%
2023-08-06T21:13:31.444Z [Modules] Streaming discord_spellcheck@1 to /home/zer0/.config/discord/0.0.28/modules/pending/discord_spellcheck-1.zip: 15%
2023-08-06T21:13:31.453Z [Modules] Streaming discord_spellcheck@1 to /home/zer0/.config/discord/0.0.28/modules/pending/discord_spellcheck-1.zip: 16%
2023-08-06T21:13:31.462Z [Modules] Streaming discord_spellcheck@1 to /home/zer0/.config/discord/0.0.28/modules/pending/discord_spellcheck-1.zip: 17%
2023-08-06T21:13:31.471Z [Modules] Streaming discord_spellcheck@1 to /home/zer0/.config/discord/0.0.28/modules/pending/discord_spellcheck-1.zip: 18%
2023-08-06T21:13:31.479Z [Modules] Streaming discord_spellcheck@1 to /home/zer0/.config/discord/0.0.28/modules/pending/discord_spellcheck-1.zip: 19%
2023-08-06T21:13:31.488Z [Modules] Streaming discord_spellcheck@1 to /home/zer0/.config/discord/0.0.28/modules/pending/discord_spellcheck-1.zip: 20%
2023-08-06T21:13:31.496Z [Modules] Streaming discord_spellcheck@1 to /home/zer0/.config/discord/0.0.28/modules/pending/discord_spellcheck-1.zip: 21%
2023-08-06T21:13:31.506Z [Modules] Streaming discord_spellcheck@1 to /home/zer0/.config/discord/0.0.28/modules/pending/discord_spellcheck-1.zip: 22%
2023-08-06T21:13:31.514Z [Modules] Streaming discord_spellcheck@1 to /home/zer0/.config/discord/0.0.28/modules/pending/discord_spellcheck-1.zip: 23%
2023-08-06T21:13:31.523Z [Modules] Streaming discord_spellcheck@1 to /home/zer0/.config/discord/0.0.28/modules/pending/discord_spellcheck-1.zip: 24%
2023-08-06T21:13:31.531Z [Modules] Streaming discord_spellcheck@1 to /home/zer0/.config/discord/0.0.28/modules/pending/discord_spellcheck-1.zip: 25%
2023-08-06T21:13:31.539Z [Modules] Streaming discord_spellcheck@1 to /home/zer0/.config/discord/0.0.28/modules/pending/discord_spellcheck-1.zip: 26%
2023-08-06T21:13:31.548Z [Modules] Streaming discord_spellcheck@1 to /home/zer0/.config/discord/0.0.28/modules/pending/discord_spellcheck-1.zip: 27%
2023-08-06T21:13:31.557Z [Modules] Streaming discord_spellcheck@1 to /home/zer0/.config/discord/0.0.28/modules/pending/discord_spellcheck-1.zip: 28%
2023-08-06T21:13:31.566Z [Modules] Streaming discord_spellcheck@1 to /home/zer0/.config/discord/0.0.28/modules/pending/discord_spellcheck-1.zip: 29%
2023-08-06T21:13:31.574Z [Modules] Streaming discord_spellcheck@1 to /home/zer0/.config/discord/0.0.28/modules/pending/discord_spellcheck-1.zip: 30%
2023-08-06T21:13:31.586Z [Modules] Streaming discord_spellcheck@1 to /home/zer0/.config/discord/0.0.28/modules/pending/discord_spellcheck-1.zip: 31%
2023-08-06T21:13:31.595Z [Modules] Streaming discord_spellcheck@1 to /home/zer0/.config/discord/0.0.28/modules/pending/discord_spellcheck-1.zip: 32%
2023-08-06T21:13:31.610Z [Modules] Streaming discord_spellcheck@1 to /home/zer0/.config/discord/0.0.28/modules/pending/discord_spellcheck-1.zip: 33%
2023-08-06T21:13:31.611Z [Modules] Streaming discord_spellcheck@1 to /home/zer0/.config/discord/0.0.28/modules/pending/discord_spellcheck-1.zip: 34%
2023-08-06T21:13:31.618Z [Modules] Streaming discord_spellcheck@1 to /home/zer0/.config/discord/0.0.28/modules/pending/discord_spellcheck-1.zip: 35%
2023-08-06T21:13:31.629Z [Modules] Streaming discord_spellcheck@1 to /home/zer0/.config/discord/0.0.28/modules/pending/discord_spellcheck-1.zip: 36%
2023-08-06T21:13:31.634Z [Modules] Streaming discord_spellcheck@1 to /home/zer0/.config/discord/0.0.28/modules/pending/discord_spellcheck-1.zip: 37%
2023-08-06T21:13:31.644Z [Modules] Streaming discord_spellcheck@1 to /home/zer0/.config/discord/0.0.28/modules/pending/discord_spellcheck-1.zip: 38%
2023-08-06T21:13:31.652Z [Modules] Streaming discord_spellcheck@1 to /home/zer0/.config/discord/0.0.28/modules/pending/discord_spellcheck-1.zip: 39%
2023-08-06T21:13:31.661Z [Modules] Streaming discord_spellcheck@1 to /home/zer0/.config/discord/0.0.28/modules/pending/discord_spellcheck-1.zip: 40%
2023-08-06T21:13:31.669Z [Modules] Streaming discord_spellcheck@1 to /home/zer0/.config/discord/0.0.28/modules/pending/discord_spellcheck-1.zip: 41%
2023-08-06T21:13:31.678Z [Modules] Streaming discord_spellcheck@1 to /home/zer0/.config/discord/0.0.28/modules/pending/discord_spellcheck-1.zip: 42%
2023-08-06T21:13:31.686Z [Modules] Streaming discord_spellcheck@1 to /home/zer0/.config/discord/0.0.28/modules/pending/discord_spellcheck-1.zip: 43%
2023-08-06T21:13:31.694Z [Modules] Streaming discord_spellcheck@1 to /home/zer0/.config/discord/0.0.28/modules/pending/discord_spellcheck-1.zip: 44%
2023-08-06T21:13:31.707Z [Modules] Streaming discord_spellcheck@1 to /home/zer0/.config/discord/0.0.28/modules/pending/discord_spellcheck-1.zip: 45%
2023-08-06T21:13:31.712Z [Modules] Streaming discord_spellcheck@1 to /home/zer0/.config/discord/0.0.28/modules/pending/discord_spellcheck-1.zip: 46%
2023-08-06T21:13:31.721Z [Modules] Streaming discord_spellcheck@1 to /home/zer0/.config/discord/0.0.28/modules/pending/discord_spellcheck-1.zip: 47%
2023-08-06T21:13:31.729Z [Modules] Streaming discord_spellcheck@1 to /home/zer0/.config/discord/0.0.28/modules/pending/discord_spellcheck-1.zip: 48%
2023-08-06T21:13:31.738Z [Modules] Streaming discord_spellcheck@1 to /home/zer0/.config/discord/0.0.28/modules/pending/discord_spellcheck-1.zip: 49%
2023-08-06T21:13:31.749Z [Modules] Streaming discord_spellcheck@1 to /home/zer0/.config/discord/0.0.28/modules/pending/discord_spellcheck-1.zip: 50%
2023-08-06T21:13:31.757Z [Modules] Streaming discord_spellcheck@1 to /home/zer0/.config/discord/0.0.28/modules/pending/discord_spellcheck-1.zip: 51%
2023-08-06T21:13:31.764Z [Modules] Streaming discord_spellcheck@1 to /home/zer0/.config/discord/0.0.28/modules/pending/discord_spellcheck-1.zip: 52%
2023-08-06T21:13:31.772Z [Modules] Streaming discord_spellcheck@1 to /home/zer0/.config/discord/0.0.28/modules/pending/discord_spellcheck-1.zip: 53%
2023-08-06T21:13:31.781Z [Modules] Streaming discord_spellcheck@1 to /home/zer0/.config/discord/0.0.28/modules/pending/discord_spellcheck-1.zip: 54%
2023-08-06T21:13:31.790Z [Modules] Streaming discord_spellcheck@1 to /home/zer0/.config/discord/0.0.28/modules/pending/discord_spellcheck-1.zip: 55%
2023-08-06T21:13:31.800Z [Modules] Streaming discord_spellcheck@1 to /home/zer0/.config/discord/0.0.28/modules/pending/discord_spellcheck-1.zip: 56%
2023-08-06T21:13:31.809Z [Modules] Streaming discord_spellcheck@1 to /home/zer0/.config/discord/0.0.28/modules/pending/discord_spellcheck-1.zip: 57%
2023-08-06T21:13:31.819Z [Modules] Streaming discord_spellcheck@1 to /home/zer0/.config/discord/0.0.28/modules/pending/discord_spellcheck-1.zip: 58%
2023-08-06T21:13:31.824Z [Modules] Streaming discord_spellcheck@1 to /home/zer0/.config/discord/0.0.28/modules/pending/discord_spellcheck-1.zip: 59%
2023-08-06T21:13:31.833Z [Modules] Streaming discord_spellcheck@1 to /home/zer0/.config/discord/0.0.28/modules/pending/discord_spellcheck-1.zip: 60%
2023-08-06T21:13:31.844Z [Modules] Streaming discord_spellcheck@1 to /home/zer0/.config/discord/0.0.28/modules/pending/discord_spellcheck-1.zip: 61%
2023-08-06T21:13:31.851Z [Modules] Streaming discord_spellcheck@1 to /home/zer0/.config/discord/0.0.28/modules/pending/discord_spellcheck-1.zip: 62%
2023-08-06T21:13:31.861Z [Modules] Streaming discord_spellcheck@1 to /home/zer0/.config/discord/0.0.28/modules/pending/discord_spellcheck-1.zip: 63%
2023-08-06T21:13:31.869Z [Modules] Streaming discord_spellcheck@1 to /home/zer0/.config/discord/0.0.28/modules/pending/discord_spellcheck-1.zip: 64%
2023-08-06T21:13:31.876Z [Modules] Streaming discord_spellcheck@1 to /home/zer0/.config/discord/0.0.28/modules/pending/discord_spellcheck-1.zip: 65%
2023-08-06T21:13:31.884Z [Modules] Streaming discord_spellcheck@1 to /home/zer0/.config/discord/0.0.28/modules/pending/discord_spellcheck-1.zip: 66%
2023-08-06T21:13:31.896Z [Modules] Streaming discord_spellcheck@1 to /home/zer0/.config/discord/0.0.28/modules/pending/discord_spellcheck-1.zip: 67%
2023-08-06T21:13:31.904Z [Modules] Streaming discord_spellcheck@1 to /home/zer0/.config/discord/0.0.28/modules/pending/discord_spellcheck-1.zip: 68%
2023-08-06T21:13:31.912Z [Modules] Streaming discord_spellcheck@1 to /home/zer0/.config/discord/0.0.28/modules/pending/discord_spellcheck-1.zip: 69%
2023-08-06T21:13:31.920Z [Modules] Streaming discord_spellcheck@1 to /home/zer0/.config/discord/0.0.28/modules/pending/discord_spellcheck-1.zip: 70%
2023-08-06T21:13:31.930Z [Modules] Streaming discord_spellcheck@1 to /home/zer0/.config/discord/0.0.28/modules/pending/discord_spellcheck-1.zip: 71%
2023-08-06T21:13:31.936Z [Modules] Streaming discord_spellcheck@1 to /home/zer0/.config/discord/0.0.28/modules/pending/discord_spellcheck-1.zip: 72%
2023-08-06T21:13:31.947Z [Modules] Streaming discord_spellcheck@1 to /home/zer0/.config/discord/0.0.28/modules/pending/discord_spellcheck-1.zip: 73%
2023-08-06T21:13:31.955Z [Modules] Streaming discord_spellcheck@1 to /home/zer0/.config/discord/0.0.28/modules/pending/discord_spellcheck-1.zip: 74%
2023-08-06T21:13:31.964Z [Modules] Streaming discord_spellcheck@1 to /home/zer0/.config/discord/0.0.28/modules/pending/discord_spellcheck-1.zip: 75%
2023-08-06T21:13:31.972Z [Modules] Streaming discord_spellcheck@1 to /home/zer0/.config/discord/0.0.28/modules/pending/discord_spellcheck-1.zip: 76%
2023-08-06T21:13:31.981Z [Modules] Streaming discord_spellcheck@1 to /home/zer0/.config/discord/0.0.28/modules/pending/discord_spellcheck-1.zip: 77%
2023-08-06T21:13:31.990Z [Modules] Streaming discord_spellcheck@1 to /home/zer0/.config/discord/0.0.28/modules/pending/discord_spellcheck-1.zip: 78%
2023-08-06T21:13:31.999Z [Modules] Streaming discord_spellcheck@1 to /home/zer0/.config/discord/0.0.28/modules/pending/discord_spellcheck-1.zip: 79%
2023-08-06T21:13:32.007Z [Modules] Streaming discord_spellcheck@1 to /home/zer0/.config/discord/0.0.28/modules/pending/discord_spellcheck-1.zip: 80%
2023-08-06T21:13:32.015Z [Modules] Streaming discord_spellcheck@1 to /home/zer0/.config/discord/0.0.28/modules/pending/discord_spellcheck-1.zip: 81%
2023-08-06T21:13:32.022Z [Modules] Streaming discord_spellcheck@1 to /home/zer0/.config/discord/0.0.28/modules/pending/discord_spellcheck-1.zip: 82%
2023-08-06T21:13:32.030Z [Modules] Streaming discord_spellcheck@1 to /home/zer0/.config/discord/0.0.28/modules/pending/discord_spellcheck-1.zip: 83%
2023-08-06T21:13:32.041Z [Modules] Streaming discord_spellcheck@1 to /home/zer0/.config/discord/0.0.28/modules/pending/discord_spellcheck-1.zip: 84%
2023-08-06T21:13:32.051Z [Modules] Streaming discord_spellcheck@1 to /home/zer0/.config/discord/0.0.28/modules/pending/discord_spellcheck-1.zip: 85%
2023-08-06T21:13:32.058Z [Modules] Streaming discord_spellcheck@1 to /home/zer0/.config/discord/0.0.28/modules/pending/discord_spellcheck-1.zip: 86%
2023-08-06T21:13:32.066Z [Modules] Streaming discord_spellcheck@1 to /home/zer0/.config/discord/0.0.28/modules/pending/discord_spellcheck-1.zip: 87%
2023-08-06T21:13:32.074Z [Modules] Streaming discord_spellcheck@1 to /home/zer0/.config/discord/0.0.28/modules/pending/discord_spellcheck-1.zip: 88%
2023-08-06T21:13:32.084Z [Modules] Streaming discord_spellcheck@1 to /home/zer0/.config/discord/0.0.28/modules/pending/discord_spellcheck-1.zip: 89%
2023-08-06T21:13:32.092Z [Modules] Streaming discord_spellcheck@1 to /home/zer0/.config/discord/0.0.28/modules/pending/discord_spellcheck-1.zip: 90%
2023-08-06T21:13:32.101Z [Modules] Streaming discord_spellcheck@1 to /home/zer0/.config/discord/0.0.28/modules/pending/discord_spellcheck-1.zip: 91%
2023-08-06T21:13:32.109Z [Modules] Streaming discord_spellcheck@1 to /home/zer0/.config/discord/0.0.28/modules/pending/discord_spellcheck-1.zip: 92%
2023-08-06T21:13:32.117Z [Modules] Streaming discord_spellcheck@1 to /home/zer0/.config/discord/0.0.28/modules/pending/discord_spellcheck-1.zip: 93%
2023-08-06T21:13:32.129Z [Modules] Streaming discord_spellcheck@1 to /home/zer0/.config/discord/0.0.28/modules/pending/discord_spellcheck-1.zip: 94%
2023-08-06T21:13:32.137Z [Modules] Streaming discord_spellcheck@1 to /home/zer0/.config/discord/0.0.28/modules/pending/discord_spellcheck-1.zip: 95%
2023-08-06T21:13:32.145Z [Modules] Streaming discord_spellcheck@1 to /home/zer0/.config/discord/0.0.28/modules/pending/discord_spellcheck-1.zip: 96%
2023-08-06T21:13:32.152Z [Modules] Streaming discord_spellcheck@1 to /home/zer0/.config/discord/0.0.28/modules/pending/discord_spellcheck-1.zip: 97%
2023-08-06T21:13:32.161Z [Modules] Streaming discord_spellcheck@1 to /home/zer0/.config/discord/0.0.28/modules/pending/discord_spellcheck-1.zip: 98%
2023-08-06T21:13:32.169Z [Modules] Streaming discord_spellcheck@1 to /home/zer0/.config/discord/0.0.28/modules/pending/discord_spellcheck-1.zip: 99%
2023-08-06T21:13:32.176Z [Modules] Streaming discord_spellcheck@1 to /home/zer0/.config/discord/0.0.28/modules/pending/discord_spellcheck-1.zip: 100%
2023-08-06T21:13:32.178Z [Modules] Fetching discord_utils@1 from https://discord.com/api/modules/stable/discord_utils/1
2023-08-06T21:13:32.178Z [Modules] Streaming discord_utils@1 to /home/zer0/.config/discord/0.0.28/modules/pending/discord_utils-1.zip
2023-08-06T21:13:32.305Z [Modules] Streaming discord_utils@1 to /home/zer0/.config/discord/0.0.28/modules/pending/discord_utils-1.zip: 1%
2023-08-06T21:13:32.307Z [Modules] Streaming discord_utils@1 to /home/zer0/.config/discord/0.0.28/modules/pending/discord_utils-1.zip: 2%
2023-08-06T21:13:32.311Z [Modules] Streaming discord_utils@1 to /home/zer0/.config/discord/0.0.28/modules/pending/discord_utils-1.zip: 3%
2023-08-06T21:13:32.313Z [Modules] Streaming discord_utils@1 to /home/zer0/.config/discord/0.0.28/modules/pending/discord_utils-1.zip: 4%
2023-08-06T21:13:32.316Z [Modules] Streaming discord_utils@1 to /home/zer0/.config/discord/0.0.28/modules/pending/discord_utils-1.zip: 5%
2023-08-06T21:13:32.320Z [Modules] Streaming discord_utils@1 to /home/zer0/.config/discord/0.0.28/modules/pending/discord_utils-1.zip: 7%
2023-08-06T21:13:32.324Z [Modules] Streaming discord_utils@1 to /home/zer0/.config/discord/0.0.28/modules/pending/discord_utils-1.zip: 8%
2023-08-06T21:13:32.325Z [Modules] Streaming discord_utils@1 to /home/zer0/.config/discord/0.0.28/modules/pending/discord_utils-1.zip: 9%
2023-08-06T21:13:32.328Z [Modules] Streaming discord_utils@1 to /home/zer0/.config/discord/0.0.28/modules/pending/discord_utils-1.zip: 10%
2023-08-06T21:13:32.332Z [Modules] Streaming discord_utils@1 to /home/zer0/.config/discord/0.0.28/modules/pending/discord_utils-1.zip: 11%
2023-08-06T21:13:32.334Z [Modules] Streaming discord_utils@1 to /home/zer0/.config/discord/0.0.28/modules/pending/discord_utils-1.zip: 12%
2023-08-06T21:13:32.337Z [Modules] Streaming discord_utils@1 to /home/zer0/.config/discord/0.0.28/modules/pending/discord_utils-1.zip: 13%
2023-08-06T21:13:32.338Z [Modules] Streaming discord_utils@1 to /home/zer0/.config/discord/0.0.28/modules/pending/discord_utils-1.zip: 14%
2023-08-06T21:13:32.341Z [Modules] Streaming discord_utils@1 to /home/zer0/.config/discord/0.0.28/modules/pending/discord_utils-1.zip: 15%
2023-08-06T21:13:32.345Z [Modules] Streaming discord_utils@1 to /home/zer0/.config/discord/0.0.28/modules/pending/discord_utils-1.zip: 16%
2023-08-06T21:13:32.347Z [Modules] Streaming discord_utils@1 to /home/zer0/.config/discord/0.0.28/modules/pending/discord_utils-1.zip: 17%
2023-08-06T21:13:32.349Z [Modules] Streaming discord_utils@1 to /home/zer0/.config/discord/0.0.28/modules/pending/discord_utils-1.zip: 18%
2023-08-06T21:13:32.351Z [Modules] Streaming discord_utils@1 to /home/zer0/.config/discord/0.0.28/modules/pending/discord_utils-1.zip: 19%
2023-08-06T21:13:32.353Z [Modules] Streaming discord_utils@1 to /home/zer0/.config/discord/0.0.28/modules/pending/discord_utils-1.zip: 20%
2023-08-06T21:13:32.359Z [Modules] Streaming discord_utils@1 to /home/zer0/.config/discord/0.0.28/modules/pending/discord_utils-1.zip: 22%
2023-08-06T21:13:32.363Z [Modules] Streaming discord_utils@1 to /home/zer0/.config/discord/0.0.28/modules/pending/discord_utils-1.zip: 23%
2023-08-06T21:13:32.365Z [Modules] Streaming discord_utils@1 to /home/zer0/.config/discord/0.0.28/modules/pending/discord_utils-1.zip: 24%
2023-08-06T21:13:32.368Z [Modules] Streaming discord_utils@1 to /home/zer0/.config/discord/0.0.28/modules/pending/discord_utils-1.zip: 25%
2023-08-06T21:13:32.369Z [Modules] Streaming discord_utils@1 to /home/zer0/.config/discord/0.0.28/modules/pending/discord_utils-1.zip: 26%
2023-08-06T21:13:32.371Z [Modules] Streaming discord_utils@1 to /home/zer0/.config/discord/0.0.28/modules/pending/discord_utils-1.zip: 27%
2023-08-06T21:13:32.376Z [Modules] Streaming discord_utils@1 to /home/zer0/.config/discord/0.0.28/modules/pending/discord_utils-1.zip: 28%
2023-08-06T21:13:32.377Z [Modules] Streaming discord_utils@1 to /home/zer0/.config/discord/0.0.28/modules/pending/discord_utils-1.zip: 29%
2023-08-06T21:13:32.380Z [Modules] Streaming discord_utils@1 to /home/zer0/.config/discord/0.0.28/modules/pending/discord_utils-1.zip: 30%
2023-08-06T21:13:32.381Z [Modules] Streaming discord_utils@1 to /home/zer0/.config/discord/0.0.28/modules/pending/discord_utils-1.zip: 31%
2023-08-06T21:13:32.384Z [Modules] Streaming discord_utils@1 to /home/zer0/.config/discord/0.0.28/modules/pending/discord_utils-1.zip: 32%
2023-08-06T21:13:32.388Z [Modules] Streaming discord_utils@1 to /home/zer0/.config/discord/0.0.28/modules/pending/discord_utils-1.zip: 33%
2023-08-06T21:13:32.390Z [Modules] Streaming discord_utils@1 to /home/zer0/.config/discord/0.0.28/modules/pending/discord_utils-1.zip: 34%
2023-08-06T21:13:32.393Z [Modules] Streaming discord_utils@1 to /home/zer0/.config/discord/0.0.28/modules/pending/discord_utils-1.zip: 35%
2023-08-06T21:13:32.397Z [Modules] Streaming discord_utils@1 to /home/zer0/.config/discord/0.0.28/modules/pending/discord_utils-1.zip: 37%
2023-08-06T21:13:32.401Z [Modules] Streaming discord_utils@1 to /home/zer0/.config/discord/0.0.28/modules/pending/discord_utils-1.zip: 38%
2023-08-06T21:13:32.402Z [Modules] Streaming discord_utils@1 to /home/zer0/.config/discord/0.0.28/modules/pending/discord_utils-1.zip: 39%
2023-08-06T21:13:32.405Z [Modules] Streaming discord_utils@1 to /home/zer0/.config/discord/0.0.28/modules/pending/discord_utils-1.zip: 40%
2023-08-06T21:13:32.409Z [Modules] Streaming discord_utils@1 to /home/zer0/.config/discord/0.0.28/modules/pending/discord_utils-1.zip: 41%
2023-08-06T21:13:32.411Z [Modules] Streaming discord_utils@1 to /home/zer0/.config/discord/0.0.28/modules/pending/discord_utils-1.zip: 42%
2023-08-06T21:13:32.415Z [Modules] Streaming discord_utils@1 to /home/zer0/.config/discord/0.0.28/modules/pending/discord_utils-1.zip: 44%
2023-08-06T21:13:32.419Z [Modules] Streaming discord_utils@1 to /home/zer0/.config/discord/0.0.28/modules/pending/discord_utils-1.zip: 45%
2023-08-06T21:13:32.420Z [Modules] Streaming discord_utils@1 to /home/zer0/.config/discord/0.0.28/modules/pending/discord_utils-1.zip: 46%
2023-08-06T21:13:32.423Z [Modules] Streaming discord_utils@1 to /home/zer0/.config/discord/0.0.28/modules/pending/discord_utils-1.zip: 47%
2023-08-06T21:13:32.427Z [Modules] Streaming discord_utils@1 to /home/zer0/.config/discord/0.0.28/modules/pending/discord_utils-1.zip: 48%
2023-08-06T21:13:32.429Z [Modules] Streaming discord_utils@1 to /home/zer0/.config/discord/0.0.28/modules/pending/discord_utils-1.zip: 49%
2023-08-06T21:13:32.432Z [Modules] Streaming discord_utils@1 to /home/zer0/.config/discord/0.0.28/modules/pending/discord_utils-1.zip: 50%
2023-08-06T21:13:32.436Z [Modules] Streaming discord_utils@1 to /home/zer0/.config/discord/0.0.28/modules/pending/discord_utils-1.zip: 52%
2023-08-06T21:13:32.440Z [Modules] Streaming discord_utils@1 to /home/zer0/.config/discord/0.0.28/modules/pending/discord_utils-1.zip: 53%
2023-08-06T21:13:32.442Z [Modules] Streaming discord_utils@1 to /home/zer0/.config/discord/0.0.28/modules/pending/discord_utils-1.zip: 54%
2023-08-06T21:13:32.444Z [Modules] Streaming discord_utils@1 to /home/zer0/.config/discord/0.0.28/modules/pending/discord_utils-1.zip: 55%
2023-08-06T21:13:32.446Z [Modules] Streaming discord_utils@1 to /home/zer0/.config/discord/0.0.28/modules/pending/discord_utils-1.zip: 56%
2023-08-06T21:13:32.449Z [Modules] Streaming discord_utils@1 to /home/zer0/.config/discord/0.0.28/modules/pending/discord_utils-1.zip: 57%
2023-08-06T21:13:32.451Z [Modules] Streaming discord_utils@1 to /home/zer0/.config/discord/0.0.28/modules/pending/discord_utils-1.zip: 58%
2023-08-06T21:13:32.454Z [Modules] Streaming discord_utils@1 to /home/zer0/.config/discord/0.0.28/modules/pending/discord_utils-1.zip: 59%
2023-08-06T21:13:32.458Z [Modules] Streaming discord_utils@1 to /home/zer0/.config/discord/0.0.28/modules/pending/discord_utils-1.zip: 60%
2023-08-06T21:13:32.460Z [Modules] Streaming discord_utils@1 to /home/zer0/.config/discord/0.0.28/modules/pending/discord_utils-1.zip: 61%
2023-08-06T21:13:32.462Z [Modules] Streaming discord_utils@1 to /home/zer0/.config/discord/0.0.28/modules/pending/discord_utils-1.zip: 62%
2023-08-06T21:13:32.464Z [Modules] Streaming discord_utils@1 to /home/zer0/.config/discord/0.0.28/modules/pending/discord_utils-1.zip: 63%
2023-08-06T21:13:32.466Z [Modules] Streaming discord_utils@1 to /home/zer0/.config/discord/0.0.28/modules/pending/discord_utils-1.zip: 64%
2023-08-06T21:13:32.470Z [Modules] Streaming discord_utils@1 to /home/zer0/.config/discord/0.0.28/modules/pending/discord_utils-1.zip: 65%
2023-08-06T21:13:32.472Z [Modules] Streaming discord_utils@1 to /home/zer0/.config/discord/0.0.28/modules/pending/discord_utils-1.zip: 66%
2023-08-06T21:13:32.475Z [Modules] Streaming discord_utils@1 to /home/zer0/.config/discord/0.0.28/modules/pending/discord_utils-1.zip: 67%
2023-08-06T21:13:32.476Z [Modules] Streaming discord_utils@1 to /home/zer0/.config/discord/0.0.28/modules/pending/discord_utils-1.zip: 68%
2023-08-06T21:13:32.481Z [Modules] Streaming discord_utils@1 to /home/zer0/.config/discord/0.0.28/modules/pending/discord_utils-1.zip: 69%
2023-08-06T21:13:32.481Z [Modules] Streaming discord_utils@1 to /home/zer0/.config/discord/0.0.28/modules/pending/discord_utils-1.zip: 70%
2023-08-06T21:13:32.484Z [Modules] Streaming discord_utils@1 to /home/zer0/.config/discord/0.0.28/modules/pending/discord_utils-1.zip: 71%
2023-08-06T21:13:32.488Z [Modules] Streaming discord_utils@1 to /home/zer0/.config/discord/0.0.28/modules/pending/discord_utils-1.zip: 72%
2023-08-06T21:13:32.490Z [Modules] Streaming discord_utils@1 to /home/zer0/.config/discord/0.0.28/modules/pending/discord_utils-1.zip: 73%
2023-08-06T21:13:32.492Z [Modules] Streaming discord_utils@1 to /home/zer0/.config/discord/0.0.28/modules/pending/discord_utils-1.zip: 74%
2023-08-06T21:13:32.495Z [Modules] Streaming discord_utils@1 to /home/zer0/.config/discord/0.0.28/modules/pending/discord_utils-1.zip: 75%
2023-08-06T21:13:32.499Z [Modules] Streaming discord_utils@1 to /home/zer0/.config/discord/0.0.28/modules/pending/discord_utils-1.zip: 76%
2023-08-06T21:13:32.501Z [Modules] Streaming discord_utils@1 to /home/zer0/.config/discord/0.0.28/modules/pending/discord_utils-1.zip: 77%
2023-08-06T21:13:32.504Z [Modules] Streaming discord_utils@1 to /home/zer0/.config/discord/0.0.28/modules/pending/discord_utils-1.zip: 78%
2023-08-06T21:13:32.506Z [Modules] Streaming discord_utils@1 to /home/zer0/.config/discord/0.0.28/modules/pending/discord_utils-1.zip: 79%
2023-08-06T21:13:32.509Z [Modules] Streaming discord_utils@1 to /home/zer0/.config/discord/0.0.28/modules/pending/discord_utils-1.zip: 80%
2023-08-06T21:13:32.513Z [Modules] Streaming discord_utils@1 to /home/zer0/.config/discord/0.0.28/modules/pending/discord_utils-1.zip: 82%
2023-08-06T21:13:32.517Z [Modules] Streaming discord_utils@1 to /home/zer0/.config/discord/0.0.28/modules/pending/discord_utils-1.zip: 83%
2023-08-06T21:13:32.520Z [Modules] Streaming discord_utils@1 to /home/zer0/.config/discord/0.0.28/modules/pending/discord_utils-1.zip: 84%
2023-08-06T21:13:32.522Z [Modules] Streaming discord_utils@1 to /home/zer0/.config/discord/0.0.28/modules/pending/discord_utils-1.zip: 85%
2023-08-06T21:13:32.524Z [Modules] Streaming discord_utils@1 to /home/zer0/.config/discord/0.0.28/modules/pending/discord_utils-1.zip: 86%
2023-08-06T21:13:32.527Z [Modules] Streaming discord_utils@1 to /home/zer0/.config/discord/0.0.28/modules/pending/discord_utils-1.zip: 87%
2023-08-06T21:13:32.531Z [Modules] Streaming discord_utils@1 to /home/zer0/.config/discord/0.0.28/modules/pending/discord_utils-1.zip: 88%
2023-08-06T21:13:32.532Z [Modules] Streaming discord_utils@1 to /home/zer0/.config/discord/0.0.28/modules/pending/discord_utils-1.zip: 89%
2023-08-06T21:13:32.536Z [Modules] Streaming discord_utils@1 to /home/zer0/.config/discord/0.0.28/modules/pending/discord_utils-1.zip: 90%
2023-08-06T21:13:32.540Z [Modules] Streaming discord_utils@1 to /home/zer0/.config/discord/0.0.28/modules/pending/discord_utils-1.zip: 91%
2023-08-06T21:13:32.542Z [Modules] Streaming discord_utils@1 to /home/zer0/.config/discord/0.0.28/modules/pending/discord_utils-1.zip: 93%
2023-08-06T21:13:32.547Z [Modules] Streaming discord_utils@1 to /home/zer0/.config/discord/0.0.28/modules/pending/discord_utils-1.zip: 94%
2023-08-06T21:13:32.548Z [Modules] Streaming discord_utils@1 to /home/zer0/.config/discord/0.0.28/modules/pending/discord_utils-1.zip: 95%
2023-08-06T21:13:32.551Z [Modules] Streaming discord_utils@1 to /home/zer0/.config/discord/0.0.28/modules/pending/discord_utils-1.zip: 96%
2023-08-06T21:13:32.555Z [Modules] Streaming discord_utils@1 to /home/zer0/.config/discord/0.0.28/modules/pending/discord_utils-1.zip: 97%
2023-08-06T21:13:32.556Z [Modules] Streaming discord_utils@1 to /home/zer0/.config/discord/0.0.28/modules/pending/discord_utils-1.zip: 98%
2023-08-06T21:13:32.560Z [Modules] Streaming discord_utils@1 to /home/zer0/.config/discord/0.0.28/modules/pending/discord_utils-1.zip: 100%
2023-08-06T21:13:32.562Z [Modules] Fetching discord_voice@1 from https://discord.com/api/modules/stable/discord_voice/1
2023-08-06T21:13:32.562Z [Modules] Streaming discord_voice@1 to /home/zer0/.config/discord/0.0.28/modules/pending/discord_voice-1.zip
2023-08-06T21:13:32.705Z [Modules] Streaming discord_voice@1 to /home/zer0/.config/discord/0.0.28/modules/pending/discord_voice-1.zip: 1%
2023-08-06T21:13:32.724Z [Modules] Streaming discord_voice@1 to /home/zer0/.config/discord/0.0.28/modules/pending/discord_voice-1.zip: 2%
2023-08-06T21:13:32.741Z [Modules] Streaming discord_voice@1 to /home/zer0/.config/discord/0.0.28/modules/pending/discord_voice-1.zip: 3%
2023-08-06T21:13:32.761Z [Modules] Streaming discord_voice@1 to /home/zer0/.config/discord/0.0.28/modules/pending/discord_voice-1.zip: 4%
2023-08-06T21:13:32.777Z [Modules] Streaming discord_voice@1 to /home/zer0/.config/discord/0.0.28/modules/pending/discord_voice-1.zip: 5%
2023-08-06T21:13:32.796Z [Modules] Streaming discord_voice@1 to /home/zer0/.config/discord/0.0.28/modules/pending/discord_voice-1.zip: 6%
2023-08-06T21:13:32.813Z [Modules] Streaming discord_voice@1 to /home/zer0/.config/discord/0.0.28/modules/pending/discord_voice-1.zip: 7%
2023-08-06T21:13:32.831Z [Modules] Streaming discord_voice@1 to /home/zer0/.config/discord/0.0.28/modules/pending/discord_voice-1.zip: 8%
2023-08-06T21:13:32.847Z [Modules] Streaming discord_voice@1 to /home/zer0/.config/discord/0.0.28/modules/pending/discord_voice-1.zip: 9%
2023-08-06T21:13:32.866Z [Modules] Streaming discord_voice@1 to /home/zer0/.config/discord/0.0.28/modules/pending/discord_voice-1.zip: 10%
2023-08-06T21:13:32.884Z [Modules] Streaming discord_voice@1 to /home/zer0/.config/discord/0.0.28/modules/pending/discord_voice-1.zip: 11%
2023-08-06T21:13:32.903Z [Modules] Streaming discord_voice@1 to /home/zer0/.config/discord/0.0.28/modules/pending/discord_voice-1.zip: 12%
2023-08-06T21:13:32.920Z [Modules] Streaming discord_voice@1 to /home/zer0/.config/discord/0.0.28/modules/pending/discord_voice-1.zip: 13%
2023-08-06T21:13:32.937Z [Modules] Streaming discord_voice@1 to /home/zer0/.config/discord/0.0.28/modules/pending/discord_voice-1.zip: 14%
2023-08-06T21:13:32.955Z [Modules] Streaming discord_voice@1 to /home/zer0/.config/discord/0.0.28/modules/pending/discord_voice-1.zip: 15%
2023-08-06T21:13:32.974Z [Modules] Streaming discord_voice@1 to /home/zer0/.config/discord/0.0.28/modules/pending/discord_voice-1.zip: 16%
2023-08-06T21:13:32.990Z [Modules] Streaming discord_voice@1 to /home/zer0/.config/discord/0.0.28/modules/pending/discord_voice-1.zip: 17%
2023-08-06T21:13:33.010Z [Modules] Streaming discord_voice@1 to /home/zer0/.config/discord/0.0.28/modules/pending/discord_voice-1.zip: 18%
2023-08-06T21:13:33.028Z [Modules] Streaming discord_voice@1 to /home/zer0/.config/discord/0.0.28/modules/pending/discord_voice-1.zip: 19%
2023-08-06T21:13:33.045Z [Modules] Streaming discord_voice@1 to /home/zer0/.config/discord/0.0.28/modules/pending/discord_voice-1.zip: 20%
2023-08-06T21:13:33.061Z [Modules] Streaming discord_voice@1 to /home/zer0/.config/discord/0.0.28/modules/pending/discord_voice-1.zip: 21%
2023-08-06T21:13:33.080Z [Modules] Streaming discord_voice@1 to /home/zer0/.config/discord/0.0.28/modules/pending/discord_voice-1.zip: 22%
2023-08-06T21:13:33.098Z [Modules] Streaming discord_voice@1 to /home/zer0/.config/discord/0.0.28/modules/pending/discord_voice-1.zip: 23%
2023-08-06T21:13:33.117Z [Modules] Streaming discord_voice@1 to /home/zer0/.config/discord/0.0.28/modules/pending/discord_voice-1.zip: 24%
2023-08-06T21:13:33.133Z [Modules] Streaming discord_voice@1 to /home/zer0/.config/discord/0.0.28/modules/pending/discord_voice-1.zip: 25%
2023-08-06T21:13:33.152Z [Modules] Streaming discord_voice@1 to /home/zer0/.config/discord/0.0.28/modules/pending/discord_voice-1.zip: 26%
2023-08-06T21:13:33.170Z [Modules] Streaming discord_voice@1 to /home/zer0/.config/discord/0.0.28/modules/pending/discord_voice-1.zip: 27%
2023-08-06T21:13:33.189Z [Modules] Streaming discord_voice@1 to /home/zer0/.config/discord/0.0.28/modules/pending/discord_voice-1.zip: 28%
2023-08-06T21:13:33.207Z [Modules] Streaming discord_voice@1 to /home/zer0/.config/discord/0.0.28/modules/pending/discord_voice-1.zip: 29%
2023-08-06T21:13:33.226Z [Modules] Streaming discord_voice@1 to /home/zer0/.config/discord/0.0.28/modules/pending/discord_voice-1.zip: 30%
2023-08-06T21:13:33.246Z [Modules] Streaming discord_voice@1 to /home/zer0/.config/discord/0.0.28/modules/pending/discord_voice-1.zip: 31%
2023-08-06T21:13:33.266Z [Modules] Streaming discord_voice@1 to /home/zer0/.config/discord/0.0.28/modules/pending/discord_voice-1.zip: 32%
2023-08-06T21:13:33.287Z [Modules] Streaming discord_voice@1 to /home/zer0/.config/discord/0.0.28/modules/pending/discord_voice-1.zip: 33%
2023-08-06T21:13:33.309Z [Modules] Streaming discord_voice@1 to /home/zer0/.config/discord/0.0.28/modules/pending/discord_voice-1.zip: 34%
2023-08-06T21:13:33.331Z [Modules] Streaming discord_voice@1 to /home/zer0/.config/discord/0.0.28/modules/pending/discord_voice-1.zip: 35%
2023-08-06T21:13:33.352Z [Modules] Streaming discord_voice@1 to /home/zer0/.config/discord/0.0.28/modules/pending/discord_voice-1.zip: 36%
2023-08-06T21:13:33.366Z [Modules] Streaming discord_voice@1 to /home/zer0/.config/discord/0.0.28/modules/pending/discord_voice-1.zip: 37%
2023-08-06T21:13:33.387Z [Modules] Streaming discord_voice@1 to /home/zer0/.config/discord/0.0.28/modules/pending/discord_voice-1.zip: 38%
2023-08-06T21:13:33.404Z [Modules] Streaming discord_voice@1 to /home/zer0/.config/discord/0.0.28/modules/pending/discord_voice-1.zip: 39%
2023-08-06T21:13:33.424Z [Modules] Streaming discord_voice@1 to /home/zer0/.config/discord/0.0.28/modules/pending/discord_voice-1.zip: 40%
2023-08-06T21:13:33.439Z [Modules] Streaming discord_voice@1 to /home/zer0/.config/discord/0.0.28/modules/pending/discord_voice-1.zip: 41%
2023-08-06T21:13:33.458Z [Modules] Streaming discord_voice@1 to /home/zer0/.config/discord/0.0.28/modules/pending/discord_voice-1.zip: 42%
2023-08-06T21:13:33.476Z [Modules] Streaming discord_voice@1 to /home/zer0/.config/discord/0.0.28/modules/pending/discord_voice-1.zip: 43%
2023-08-06T21:13:33.494Z [Modules] Streaming discord_voice@1 to /home/zer0/.config/discord/0.0.28/modules/pending/discord_voice-1.zip: 44%
2023-08-06T21:13:33.511Z [Modules] Streaming discord_voice@1 to /home/zer0/.config/discord/0.0.28/modules/pending/discord_voice-1.zip: 45%
2023-08-06T21:13:33.530Z [Modules] Streaming discord_voice@1 to /home/zer0/.config/discord/0.0.28/modules/pending/discord_voice-1.zip: 46%
2023-08-06T21:13:33.550Z [Modules] Streaming discord_voice@1 to /home/zer0/.config/discord/0.0.28/modules/pending/discord_voice-1.zip: 47%
2023-08-06T21:13:33.567Z [Modules] Streaming discord_voice@1 to /home/zer0/.config/discord/0.0.28/modules/pending/discord_voice-1.zip: 48%
2023-08-06T21:13:33.584Z [Modules] Streaming discord_voice@1 to /home/zer0/.config/discord/0.0.28/modules/pending/discord_voice-1.zip: 49%
2023-08-06T21:13:33.602Z [Modules] Streaming discord_voice@1 to /home/zer0/.config/discord/0.0.28/modules/pending/discord_voice-1.zip: 50%
2023-08-06T21:13:33.623Z [Modules] Streaming discord_voice@1 to /home/zer0/.config/discord/0.0.28/modules/pending/discord_voice-1.zip: 51%
2023-08-06T21:13:33.639Z [Modules] Streaming discord_voice@1 to /home/zer0/.config/discord/0.0.28/modules/pending/discord_voice-1.zip: 52%
2023-08-06T21:13:33.659Z [Modules] Streaming discord_voice@1 to /home/zer0/.config/discord/0.0.28/modules/pending/discord_voice-1.zip: 53%
2023-08-06T21:13:33.681Z [Modules] Streaming discord_voice@1 to /home/zer0/.config/discord/0.0.28/modules/pending/discord_voice-1.zip: 54%
2023-08-06T21:13:33.694Z [Modules] Streaming discord_voice@1 to /home/zer0/.config/discord/0.0.28/modules/pending/discord_voice-1.zip: 55%
2023-08-06T21:13:33.711Z [Modules] Streaming discord_voice@1 to /home/zer0/.config/discord/0.0.28/modules/pending/discord_voice-1.zip: 56%
2023-08-06T21:13:33.728Z [Modules] Streaming discord_voice@1 to /home/zer0/.config/discord/0.0.28/modules/pending/discord_voice-1.zip: 57%
2023-08-06T21:13:33.746Z [Modules] Streaming discord_voice@1 to /home/zer0/.config/discord/0.0.28/modules/pending/discord_voice-1.zip: 58%
2023-08-06T21:13:33.764Z [Modules] Streaming discord_voice@1 to /home/zer0/.config/discord/0.0.28/modules/pending/discord_voice-1.zip: 59%
2023-08-06T21:13:33.784Z [Modules] Streaming discord_voice@1 to /home/zer0/.config/discord/0.0.28/modules/pending/discord_voice-1.zip: 60%
2023-08-06T21:13:33.799Z [Modules] Streaming discord_voice@1 to /home/zer0/.config/discord/0.0.28/modules/pending/discord_voice-1.zip: 61%
2023-08-06T21:13:33.819Z [Modules] Streaming discord_voice@1 to /home/zer0/.config/discord/0.0.28/modules/pending/discord_voice-1.zip: 62%
2023-08-06T21:13:33.835Z [Modules] Streaming discord_voice@1 to /home/zer0/.config/discord/0.0.28/modules/pending/discord_voice-1.zip: 63%
2023-08-06T21:13:33.854Z [Modules] Streaming discord_voice@1 to /home/zer0/.config/discord/0.0.28/modules/pending/discord_voice-1.zip: 64%
2023-08-06T21:13:33.870Z [Modules] Streaming discord_voice@1 to /home/zer0/.config/discord/0.0.28/modules/pending/discord_voice-1.zip: 65%
2023-08-06T21:13:33.888Z [Modules] Streaming discord_voice@1 to /home/zer0/.config/discord/0.0.28/modules/pending/discord_voice-1.zip: 66%
2023-08-06T21:13:33.907Z [Modules] Streaming discord_voice@1 to /home/zer0/.config/discord/0.0.28/modules/pending/discord_voice-1.zip: 67%
2023-08-06T21:13:33.925Z [Modules] Streaming discord_voice@1 to /home/zer0/.config/discord/0.0.28/modules/pending/discord_voice-1.zip: 68%
2023-08-06T21:13:33.941Z [Modules] Streaming discord_voice@1 to /home/zer0/.config/discord/0.0.28/modules/pending/discord_voice-1.zip: 69%
2023-08-06T21:13:33.960Z [Modules] Streaming discord_voice@1 to /home/zer0/.config/discord/0.0.28/modules/pending/discord_voice-1.zip: 70%
2023-08-06T21:13:33.978Z [Modules] Streaming discord_voice@1 to /home/zer0/.config/discord/0.0.28/modules/pending/discord_voice-1.zip: 71%
2023-08-06T21:13:33.998Z [Modules] Streaming discord_voice@1 to /home/zer0/.config/discord/0.0.28/modules/pending/discord_voice-1.zip: 72%
2023-08-06T21:13:34.014Z [Modules] Streaming discord_voice@1 to /home/zer0/.config/discord/0.0.28/modules/pending/discord_voice-1.zip: 73%
2023-08-06T21:13:34.035Z [Modules] Streaming discord_voice@1 to /home/zer0/.config/discord/0.0.28/modules/pending/discord_voice-1.zip: 74%
2023-08-06T21:13:34.051Z [Modules] Streaming discord_voice@1 to /home/zer0/.config/discord/0.0.28/modules/pending/discord_voice-1.zip: 75%
2023-08-06T21:13:34.071Z [Modules] Streaming discord_voice@1 to /home/zer0/.config/discord/0.0.28/modules/pending/discord_voice-1.zip: 76%
2023-08-06T21:13:34.087Z [Modules] Streaming discord_voice@1 to /home/zer0/.config/discord/0.0.28/modules/pending/discord_voice-1.zip: 77%
2023-08-06T21:13:34.106Z [Modules] Streaming discord_voice@1 to /home/zer0/.config/discord/0.0.28/modules/pending/discord_voice-1.zip: 78%
2023-08-06T21:13:34.132Z [Modules] Streaming discord_voice@1 to /home/zer0/.config/discord/0.0.28/modules/pending/discord_voice-1.zip: 79%
2023-08-06T21:13:34.142Z [Modules] Streaming discord_voice@1 to /home/zer0/.config/discord/0.0.28/modules/pending/discord_voice-1.zip: 80%
2023-08-06T21:13:34.158Z [Modules] Streaming discord_voice@1 to /home/zer0/.config/discord/0.0.28/modules/pending/discord_voice-1.zip: 81%
2023-08-06T21:13:34.177Z [Modules] Streaming discord_voice@1 to /home/zer0/.config/discord/0.0.28/modules/pending/discord_voice-1.zip: 82%
2023-08-06T21:13:34.200Z [Modules] Streaming discord_voice@1 to /home/zer0/.config/discord/0.0.28/modules/pending/discord_voice-1.zip: 83%
2023-08-06T21:13:34.215Z [Modules] Streaming discord_voice@1 to /home/zer0/.config/discord/0.0.28/modules/pending/discord_voice-1.zip: 84%
2023-08-06T21:13:34.230Z [Modules] Streaming discord_voice@1 to /home/zer0/.config/discord/0.0.28/modules/pending/discord_voice-1.zip: 85%
2023-08-06T21:13:34.250Z [Modules] Streaming discord_voice@1 to /home/zer0/.config/discord/0.0.28/modules/pending/discord_voice-1.zip: 86%
2023-08-06T21:13:34.266Z [Modules] Streaming discord_voice@1 to /home/zer0/.config/discord/0.0.28/modules/pending/discord_voice-1.zip: 87%
2023-08-06T21:13:34.284Z [Modules] Streaming discord_voice@1 to /home/zer0/.config/discord/0.0.28/modules/pending/discord_voice-1.zip: 88%
2023-08-06T21:13:34.301Z [Modules] Streaming discord_voice@1 to /home/zer0/.config/discord/0.0.28/modules/pending/discord_voice-1.zip: 89%
2023-08-06T21:13:34.319Z [Modules] Streaming discord_voice@1 to /home/zer0/.config/discord/0.0.28/modules/pending/discord_voice-1.zip: 90%
2023-08-06T21:13:34.339Z [Modules] Streaming discord_voice@1 to /home/zer0/.config/discord/0.0.28/modules/pending/discord_voice-1.zip: 91%
2023-08-06T21:13:34.357Z [Modules] Streaming discord_voice@1 to /home/zer0/.config/discord/0.0.28/modules/pending/discord_voice-1.zip: 92%
2023-08-06T21:13:34.374Z [Modules] Streaming discord_voice@1 to /home/zer0/.config/discord/0.0.28/modules/pending/discord_voice-1.zip: 93%
2023-08-06T21:13:34.391Z [Modules] Streaming discord_voice@1 to /home/zer0/.config/discord/0.0.28/modules/pending/discord_voice-1.zip: 94%
2023-08-06T21:13:34.409Z [Modules] Streaming discord_voice@1 to /home/zer0/.config/discord/0.0.28/modules/pending/discord_voice-1.zip: 95%
2023-08-06T21:13:34.427Z [Modules] Streaming discord_voice@1 to /home/zer0/.config/discord/0.0.28/modules/pending/discord_voice-1.zip: 96%
2023-08-06T21:13:34.444Z [Modules] Streaming discord_voice@1 to /home/zer0/.config/discord/0.0.28/modules/pending/discord_voice-1.zip: 97%
2023-08-06T21:13:34.463Z [Modules] Streaming discord_voice@1 to /home/zer0/.config/discord/0.0.28/modules/pending/discord_voice-1.zip: 98%
2023-08-06T21:13:34.481Z [Modules] Streaming discord_voice@1 to /home/zer0/.config/discord/0.0.28/modules/pending/discord_voice-1.zip: 99%
2023-08-06T21:13:34.495Z [Modules] Streaming discord_voice@1 to /home/zer0/.config/discord/0.0.28/modules/pending/discord_voice-1.zip: 100%
2023-08-06T21:13:34.497Z [Modules] Finished module downloads. [success: 5] [failure: 0]
2023-08-06T21:13:34.497Z [Modules] Installing updates...
2023-08-06T21:13:34.498Z [Modules] Installing discord_desktop_core@1 from /home/zer0/.config/discord/0.0.28/modules/pending/discord_desktop_core-1.zip
2023-08-06T21:13:34.683Z [Modules] Installing discord_erlpack@1 from /home/zer0/.config/discord/0.0.28/modules/pending/discord_erlpack-1.zip
2023-08-06T21:13:34.859Z [Modules] Installing discord_spellcheck@1 from /home/zer0/.config/discord/0.0.28/modules/pending/discord_spellcheck-1.zip
2023-08-06T21:13:35.931Z [Modules] Installing discord_utils@1 from /home/zer0/.config/discord/0.0.28/modules/pending/discord_utils-1.zip
2023-08-06T21:13:36.242Z [Modules] Installing discord_voice@1 from /home/zer0/.config/discord/0.0.28/modules/pending/discord_voice-1.zip
2023-08-06T21:13:36.977Z [Modules] Finished module installations. [success: 5] [failure: 0]
2023-08-06T21:13:36.977Z [Modules] Checking for host updates.
2023-08-06T21:13:37.126Z [Modules] Host is up to date.
2023-08-06T21:13:37.126Z [Modules] Checking for module updates at https://discord.com/api/modules/stable/versions.json
2023-08-06T21:13:37.131Z [Modules] No module updates available.
2023-08-06T21:13:39.877Z [Modules] Starting to install discord_krisp...
2023-08-06T21:13:39.877Z [Modules] Fetching discord_krisp@1 from https://discord.com/api/modules/stable/discord_krisp/1
2023-08-06T21:13:39.877Z [Modules] Streaming discord_krisp@1 to /home/zer0/.config/discord/0.0.28/modules/pending/discord_krisp-1.zip
2023-08-06T21:13:39.894Z [Modules] Starting to install discord_game_utils...
2023-08-06T21:13:40.033Z [Modules] Streaming discord_krisp@1 to /home/zer0/.config/discord/0.0.28/modules/pending/discord_krisp-1.zip: 1%
2023-08-06T21:13:40.036Z [Modules] Streaming discord_krisp@1 to /home/zer0/.config/discord/0.0.28/modules/pending/discord_krisp-1.zip: 2%
2023-08-06T21:13:40.055Z [Modules] Streaming discord_krisp@1 to /home/zer0/.config/discord/0.0.28/modules/pending/discord_krisp-1.zip: 3%
2023-08-06T21:13:40.075Z [Modules] Streaming discord_krisp@1 to /home/zer0/.config/discord/0.0.28/modules/pending/discord_krisp-1.zip: 4%
2023-08-06T21:13:40.093Z [Modules] Streaming discord_krisp@1 to /home/zer0/.config/discord/0.0.28/modules/pending/discord_krisp-1.zip: 5%
2023-08-06T21:13:40.112Z [Modules] Streaming discord_krisp@1 to /home/zer0/.config/discord/0.0.28/modules/pending/discord_krisp-1.zip: 6%
2023-08-06T21:13:40.133Z [Modules] Streaming discord_krisp@1 to /home/zer0/.config/discord/0.0.28/modules/pending/discord_krisp-1.zip: 7%
2023-08-06T21:13:40.152Z [Modules] Streaming discord_krisp@1 to /home/zer0/.config/discord/0.0.28/modules/pending/discord_krisp-1.zip: 8%
2023-08-06T21:13:40.171Z [Modules] Streaming discord_krisp@1 to /home/zer0/.config/discord/0.0.28/modules/pending/discord_krisp-1.zip: 9%
2023-08-06T21:13:40.281Z [Modules] Streaming discord_krisp@1 to /home/zer0/.config/discord/0.0.28/modules/pending/discord_krisp-1.zip: 10%
2023-08-06T21:13:40.287Z [Modules] Streaming discord_krisp@1 to /home/zer0/.config/discord/0.0.28/modules/pending/discord_krisp-1.zip: 11%
2023-08-06T21:13:40.292Z [Modules] Streaming discord_krisp@1 to /home/zer0/.config/discord/0.0.28/modules/pending/discord_krisp-1.zip: 12%
2023-08-06T21:13:40.296Z [Modules] Streaming discord_krisp@1 to /home/zer0/.config/discord/0.0.28/modules/pending/discord_krisp-1.zip: 13%
2023-08-06T21:13:40.300Z [Modules] Streaming discord_krisp@1 to /home/zer0/.config/discord/0.0.28/modules/pending/discord_krisp-1.zip: 14%
2023-08-06T21:13:40.307Z [Modules] Streaming discord_krisp@1 to /home/zer0/.config/discord/0.0.28/modules/pending/discord_krisp-1.zip: 15%
2023-08-06T21:13:40.313Z [Modules] Streaming discord_krisp@1 to /home/zer0/.config/discord/0.0.28/modules/pending/discord_krisp-1.zip: 16%
2023-08-06T21:13:40.333Z [Modules] Streaming discord_krisp@1 to /home/zer0/.config/discord/0.0.28/modules/pending/discord_krisp-1.zip: 17%
2023-08-06T21:13:40.347Z [Modules] Streaming discord_krisp@1 to /home/zer0/.config/discord/0.0.28/modules/pending/discord_krisp-1.zip: 18%
2023-08-06T21:13:40.365Z [Modules] Streaming discord_krisp@1 to /home/zer0/.config/discord/0.0.28/modules/pending/discord_krisp-1.zip: 19%
2023-08-06T21:13:40.386Z [Modules] Streaming discord_krisp@1 to /home/zer0/.config/discord/0.0.28/modules/pending/discord_krisp-1.zip: 20%
2023-08-06T21:13:40.405Z [Modules] Streaming discord_krisp@1 to /home/zer0/.config/discord/0.0.28/modules/pending/discord_krisp-1.zip: 21%
2023-08-06T21:13:40.424Z [Modules] Streaming discord_krisp@1 to /home/zer0/.config/discord/0.0.28/modules/pending/discord_krisp-1.zip: 22%
2023-08-06T21:13:40.445Z [Modules] Streaming discord_krisp@1 to /home/zer0/.config/discord/0.0.28/modules/pending/discord_krisp-1.zip: 23%
2023-08-06T21:13:40.464Z [Modules] Streaming discord_krisp@1 to /home/zer0/.config/discord/0.0.28/modules/pending/discord_krisp-1.zip: 24%
2023-08-06T21:13:40.482Z [Modules] Streaming discord_krisp@1 to /home/zer0/.config/discord/0.0.28/modules/pending/discord_krisp-1.zip: 25%
2023-08-06T21:13:40.503Z [Modules] Streaming discord_krisp@1 to /home/zer0/.config/discord/0.0.28/modules/pending/discord_krisp-1.zip: 26%
2023-08-06T21:13:40.521Z [Modules] Streaming discord_krisp@1 to /home/zer0/.config/discord/0.0.28/modules/pending/discord_krisp-1.zip: 27%
2023-08-06T21:13:40.538Z [Modules] Streaming discord_krisp@1 to /home/zer0/.config/discord/0.0.28/modules/pending/discord_krisp-1.zip: 28%
2023-08-06T21:13:40.559Z [Modules] Streaming discord_krisp@1 to /home/zer0/.config/discord/0.0.28/modules/pending/discord_krisp-1.zip: 29%
2023-08-06T21:13:40.580Z [Modules] Streaming discord_krisp@1 to /home/zer0/.config/discord/0.0.28/modules/pending/discord_krisp-1.zip: 30%
2023-08-06T21:13:40.598Z [Modules] Streaming discord_krisp@1 to /home/zer0/.config/discord/0.0.28/modules/pending/discord_krisp-1.zip: 31%
2023-08-06T21:13:40.616Z [Modules] Streaming discord_krisp@1 to /home/zer0/.config/discord/0.0.28/modules/pending/discord_krisp-1.zip: 32%
2023-08-06T21:13:40.635Z [Modules] Streaming discord_krisp@1 to /home/zer0/.config/discord/0.0.28/modules/pending/discord_krisp-1.zip: 33%
2023-08-06T21:13:40.657Z [Modules] Streaming discord_krisp@1 to /home/zer0/.config/discord/0.0.28/modules/pending/discord_krisp-1.zip: 34%
2023-08-06T21:13:40.675Z [Modules] Streaming discord_krisp@1 to /home/zer0/.config/discord/0.0.28/modules/pending/discord_krisp-1.zip: 35%
2023-08-06T21:13:40.693Z [Modules] Streaming discord_krisp@1 to /home/zer0/.config/discord/0.0.28/modules/pending/discord_krisp-1.zip: 36%
2023-08-06T21:13:40.712Z [Modules] Streaming discord_krisp@1 to /home/zer0/.config/discord/0.0.28/modules/pending/discord_krisp-1.zip: 37%
2023-08-06T21:13:40.732Z [Modules] Streaming discord_krisp@1 to /home/zer0/.config/discord/0.0.28/modules/pending/discord_krisp-1.zip: 38%
2023-08-06T21:13:40.751Z [Modules] Streaming discord_krisp@1 to /home/zer0/.config/discord/0.0.28/modules/pending/discord_krisp-1.zip: 39%
2023-08-06T21:13:40.934Z [Modules] Streaming discord_krisp@1 to /home/zer0/.config/discord/0.0.28/modules/pending/discord_krisp-1.zip: 40%
2023-08-06T21:13:40.997Z [Modules] Streaming discord_krisp@1 to /home/zer0/.config/discord/0.0.28/modules/pending/discord_krisp-1.zip: 41%
2023-08-06T21:13:41.018Z [Modules] Streaming discord_krisp@1 to /home/zer0/.config/discord/0.0.28/modules/pending/discord_krisp-1.zip: 42%
2023-08-06T21:13:41.036Z [Modules] Streaming discord_krisp@1 to /home/zer0/.config/discord/0.0.28/modules/pending/discord_krisp-1.zip: 43%
2023-08-06T21:13:41.054Z [Modules] Streaming discord_krisp@1 to /home/zer0/.config/discord/0.0.28/modules/pending/discord_krisp-1.zip: 44%
2023-08-06T21:13:41.074Z [Modules] Streaming discord_krisp@1 to /home/zer0/.config/discord/0.0.28/modules/pending/discord_krisp-1.zip: 45%
2023-08-06T21:13:41.095Z [Modules] Streaming discord_krisp@1 to /home/zer0/.config/discord/0.0.28/modules/pending/discord_krisp-1.zip: 46%
2023-08-06T21:13:41.113Z [Modules] Streaming discord_krisp@1 to /home/zer0/.config/discord/0.0.28/modules/pending/discord_krisp-1.zip: 47%
2023-08-06T21:13:41.131Z [Modules] Streaming discord_krisp@1 to /home/zer0/.config/discord/0.0.28/modules/pending/discord_krisp-1.zip: 48%
2023-08-06T21:13:41.151Z [Modules] Streaming discord_krisp@1 to /home/zer0/.config/discord/0.0.28/modules/pending/discord_krisp-1.zip: 49%
2023-08-06T21:13:41.172Z [Modules] Streaming discord_krisp@1 to /home/zer0/.config/discord/0.0.28/modules/pending/discord_krisp-1.zip: 50%
2023-08-06T21:13:41.190Z [Modules] Streaming discord_krisp@1 to /home/zer0/.config/discord/0.0.28/modules/pending/discord_krisp-1.zip: 51%
2023-08-06T21:13:41.208Z [Modules] Streaming discord_krisp@1 to /home/zer0/.config/discord/0.0.28/modules/pending/discord_krisp-1.zip: 52%
2023-08-06T21:13:41.228Z [Modules] Streaming discord_krisp@1 to /home/zer0/.config/discord/0.0.28/modules/pending/discord_krisp-1.zip: 53%
2023-08-06T21:13:41.247Z [Modules] Streaming discord_krisp@1 to /home/zer0/.config/discord/0.0.28/modules/pending/discord_krisp-1.zip: 54%
2023-08-06T21:13:41.267Z [Modules] Streaming discord_krisp@1 to /home/zer0/.config/discord/0.0.28/modules/pending/discord_krisp-1.zip: 55%
2023-08-06T21:13:41.285Z [Modules] Streaming discord_krisp@1 to /home/zer0/.config/discord/0.0.28/modules/pending/discord_krisp-1.zip: 56%
2023-08-06T21:13:41.306Z [Modules] Streaming discord_krisp@1 to /home/zer0/.config/discord/0.0.28/modules/pending/discord_krisp-1.zip: 57%
2023-08-06T21:13:41.324Z [Modules] Streaming discord_krisp@1 to /home/zer0/.config/discord/0.0.28/modules/pending/discord_krisp-1.zip: 58%
2023-08-06T21:13:41.344Z [Modules] Streaming discord_krisp@1 to /home/zer0/.config/discord/0.0.28/modules/pending/discord_krisp-1.zip: 59%
2023-08-06T21:13:41.362Z [Modules] Streaming discord_krisp@1 to /home/zer0/.config/discord/0.0.28/modules/pending/discord_krisp-1.zip: 60%
2023-08-06T21:13:41.383Z [Modules] Streaming discord_krisp@1 to /home/zer0/.config/discord/0.0.28/modules/pending/discord_krisp-1.zip: 61%
2023-08-06T21:13:41.407Z [Modules] Streaming discord_krisp@1 to /home/zer0/.config/discord/0.0.28/modules/pending/discord_krisp-1.zip: 62%
2023-08-06T21:13:41.436Z [Modules] Streaming discord_krisp@1 to /home/zer0/.config/discord/0.0.28/modules/pending/discord_krisp-1.zip: 63%
2023-08-06T21:13:41.460Z [Modules] Streaming discord_krisp@1 to /home/zer0/.config/discord/0.0.28/modules/pending/discord_krisp-1.zip: 64%
2023-08-06T21:13:41.478Z [Modules] Streaming discord_krisp@1 to /home/zer0/.config/discord/0.0.28/modules/pending/discord_krisp-1.zip: 65%
2023-08-06T21:13:41.499Z [Modules] Streaming discord_krisp@1 to /home/zer0/.config/discord/0.0.28/modules/pending/discord_krisp-1.zip: 66%
2023-08-06T21:13:41.518Z [Modules] Streaming discord_krisp@1 to /home/zer0/.config/discord/0.0.28/modules/pending/discord_krisp-1.zip: 67%
2023-08-06T21:13:41.536Z [Modules] Streaming discord_krisp@1 to /home/zer0/.config/discord/0.0.28/modules/pending/discord_krisp-1.zip: 68%
2023-08-06T21:13:41.555Z [Modules] Streaming discord_krisp@1 to /home/zer0/.config/discord/0.0.28/modules/pending/discord_krisp-1.zip: 69%
2023-08-06T21:13:41.576Z [Modules] Streaming discord_krisp@1 to /home/zer0/.config/discord/0.0.28/modules/pending/discord_krisp-1.zip: 70%
2023-08-06T21:13:41.595Z [Modules] Streaming discord_krisp@1 to /home/zer0/.config/discord/0.0.28/modules/pending/discord_krisp-1.zip: 71%
2023-08-06T21:13:41.609Z [Modules] Checking for host updates.
2023-08-06T21:13:41.613Z [Modules] Streaming discord_krisp@1 to /home/zer0/.config/discord/0.0.28/modules/pending/discord_krisp-1.zip: 72%
2023-08-06T21:13:41.634Z [Modules] Streaming discord_krisp@1 to /home/zer0/.config/discord/0.0.28/modules/pending/discord_krisp-1.zip: 73%
2023-08-06T21:13:41.652Z [Modules] Streaming discord_krisp@1 to /home/zer0/.config/discord/0.0.28/modules/pending/discord_krisp-1.zip: 74%
2023-08-06T21:13:41.673Z [Modules] Streaming discord_krisp@1 to /home/zer0/.config/discord/0.0.28/modules/pending/discord_krisp-1.zip: 75%
2023-08-06T21:13:41.690Z [Modules] Streaming discord_krisp@1 to /home/zer0/.config/discord/0.0.28/modules/pending/discord_krisp-1.zip: 76%
2023-08-06T21:13:41.710Z [Modules] Streaming discord_krisp@1 to /home/zer0/.config/discord/0.0.28/modules/pending/discord_krisp-1.zip: 77%
2023-08-06T21:13:41.729Z [Modules] Host is up to date.
2023-08-06T21:13:41.730Z [Modules] Checking for module updates at https://discord.com/api/modules/stable/versions.json
2023-08-06T21:13:41.732Z [Modules] Streaming discord_krisp@1 to /home/zer0/.config/discord/0.0.28/modules/pending/discord_krisp-1.zip: 78%
2023-08-06T21:13:41.749Z [Modules] Streaming discord_krisp@1 to /home/zer0/.config/discord/0.0.28/modules/pending/discord_krisp-1.zip: 79%
2023-08-06T21:13:41.766Z [Modules] Streaming discord_krisp@1 to /home/zer0/.config/discord/0.0.28/modules/pending/discord_krisp-1.zip: 80%
2023-08-06T21:13:41.786Z [Modules] Streaming discord_krisp@1 to /home/zer0/.config/discord/0.0.28/modules/pending/discord_krisp-1.zip: 81%
2023-08-06T21:13:41.795Z [Modules] No module updates available.
2023-08-06T21:13:41.805Z [Modules] Streaming discord_krisp@1 to /home/zer0/.config/discord/0.0.28/modules/pending/discord_krisp-1.zip: 82%
2023-08-06T21:13:41.872Z [Modules] Streaming discord_krisp@1 to /home/zer0/.config/discord/0.0.28/modules/pending/discord_krisp-1.zip: 83%
2023-08-06T21:13:41.872Z [Modules] Streaming discord_krisp@1 to /home/zer0/.config/discord/0.0.28/modules/pending/discord_krisp-1.zip: 84%
2023-08-06T21:13:41.873Z [Modules] Streaming discord_krisp@1 to /home/zer0/.config/discord/0.0.28/modules/pending/discord_krisp-1.zip: 85%
2023-08-06T21:13:41.882Z [Modules] Streaming discord_krisp@1 to /home/zer0/.config/discord/0.0.28/modules/pending/discord_krisp-1.zip: 86%
2023-08-06T21:13:41.900Z [Modules] Streaming discord_krisp@1 to /home/zer0/.config/discord/0.0.28/modules/pending/discord_krisp-1.zip: 87%
2023-08-06T21:13:41.920Z [Modules] Streaming discord_krisp@1 to /home/zer0/.config/discord/0.0.28/modules/pending/discord_krisp-1.zip: 88%
2023-08-06T21:13:41.941Z [Modules] Streaming discord_krisp@1 to /home/zer0/.config/discord/0.0.28/modules/pending/discord_krisp-1.zip: 89%
2023-08-06T21:13:41.961Z [Modules] Streaming discord_krisp@1 to /home/zer0/.config/discord/0.0.28/modules/pending/discord_krisp-1.zip: 90%
2023-08-06T21:13:41.977Z [Modules] Streaming discord_krisp@1 to /home/zer0/.config/discord/0.0.28/modules/pending/discord_krisp-1.zip: 91%
2023-08-06T21:13:41.997Z [Modules] Streaming discord_krisp@1 to /home/zer0/.config/discord/0.0.28/modules/pending/discord_krisp-1.zip: 92%
2023-08-06T21:13:42.013Z [Modules] Starting to install discord_rpc...
2023-08-06T21:13:42.017Z [Modules] Streaming discord_krisp@1 to /home/zer0/.config/discord/0.0.28/modules/pending/discord_krisp-1.zip: 93%
2023-08-06T21:13:42.042Z [Modules] Streaming discord_krisp@1 to /home/zer0/.config/discord/0.0.28/modules/pending/discord_krisp-1.zip: 94%
2023-08-06T21:13:42.057Z [Modules] Streaming discord_krisp@1 to /home/zer0/.config/discord/0.0.28/modules/pending/discord_krisp-1.zip: 95%
2023-08-06T21:13:42.075Z [Modules] Streaming discord_krisp@1 to /home/zer0/.config/discord/0.0.28/modules/pending/discord_krisp-1.zip: 96%
2023-08-06T21:13:42.095Z [Modules] Streaming discord_krisp@1 to /home/zer0/.config/discord/0.0.28/modules/pending/discord_krisp-1.zip: 97%
2023-08-06T21:13:42.115Z [Modules] Streaming discord_krisp@1 to /home/zer0/.config/discord/0.0.28/modules/pending/discord_krisp-1.zip: 98%
2023-08-06T21:13:42.142Z [Modules] Streaming discord_krisp@1 to /home/zer0/.config/discord/0.0.28/modules/pending/discord_krisp-1.zip: 99%
2023-08-06T21:13:42.150Z [Modules] Streaming discord_krisp@1 to /home/zer0/.config/discord/0.0.28/modules/pending/discord_krisp-1.zip: 100%
2023-08-06T21:13:42.152Z [Modules] Fetching discord_game_utils@1 from https://discord.com/api/modules/stable/discord_game_utils/1
2023-08-06T21:13:42.153Z [Modules] Streaming discord_game_utils@1 to /home/zer0/.config/discord/0.0.28/modules/pending/discord_game_utils-1.zip
2023-08-06T21:13:42.153Z [Modules] Installing discord_krisp@1 from /home/zer0/.config/discord/0.0.28/modules/pending/discord_krisp-1.zip
2023-08-06T21:13:42.300Z [Modules] Streaming discord_game_utils@1 to /home/zer0/.config/discord/0.0.28/modules/pending/discord_game_utils-1.zip: 2%
2023-08-06T21:13:42.301Z [Modules] Streaming discord_game_utils@1 to /home/zer0/.config/discord/0.0.28/modules/pending/discord_game_utils-1.zip: 3%
2023-08-06T21:13:42.304Z [Modules] Streaming discord_game_utils@1 to /home/zer0/.config/discord/0.0.28/modules/pending/discord_game_utils-1.zip: 4%
2023-08-06T21:13:42.305Z [Modules] Streaming discord_game_utils@1 to /home/zer0/.config/discord/0.0.28/modules/pending/discord_game_utils-1.zip: 5%
2023-08-06T21:13:42.308Z [Modules] Streaming discord_game_utils@1 to /home/zer0/.config/discord/0.0.28/modules/pending/discord_game_utils-1.zip: 6%
2023-08-06T21:13:42.309Z [Modules] Streaming discord_game_utils@1 to /home/zer0/.config/discord/0.0.28/modules/pending/discord_game_utils-1.zip: 7%
2023-08-06T21:13:42.312Z [Modules] Streaming discord_game_utils@1 to /home/zer0/.config/discord/0.0.28/modules/pending/discord_game_utils-1.zip: 8%
2023-08-06T21:13:42.313Z [Modules] Streaming discord_game_utils@1 to /home/zer0/.config/discord/0.0.28/modules/pending/discord_game_utils-1.zip: 9%
2023-08-06T21:13:42.316Z [Modules] Streaming discord_game_utils@1 to /home/zer0/.config/discord/0.0.28/modules/pending/discord_game_utils-1.zip: 10%
2023-08-06T21:13:42.318Z [Modules] Streaming discord_game_utils@1 to /home/zer0/.config/discord/0.0.28/modules/pending/discord_game_utils-1.zip: 11%
2023-08-06T21:13:42.320Z [Modules] Streaming discord_game_utils@1 to /home/zer0/.config/discord/0.0.28/modules/pending/discord_game_utils-1.zip: 12%
2023-08-06T21:13:42.322Z [Modules] Streaming discord_game_utils@1 to /home/zer0/.config/discord/0.0.28/modules/pending/discord_game_utils-1.zip: 13%
2023-08-06T21:13:42.325Z [Modules] Streaming discord_game_utils@1 to /home/zer0/.config/discord/0.0.28/modules/pending/discord_game_utils-1.zip: 14%
2023-08-06T21:13:42.326Z [Modules] Streaming discord_game_utils@1 to /home/zer0/.config/discord/0.0.28/modules/pending/discord_game_utils-1.zip: 15%
2023-08-06T21:13:42.329Z [Modules] Streaming discord_game_utils@1 to /home/zer0/.config/discord/0.0.28/modules/pending/discord_game_utils-1.zip: 16%
2023-08-06T21:13:42.330Z [Modules] Streaming discord_game_utils@1 to /home/zer0/.config/discord/0.0.28/modules/pending/discord_game_utils-1.zip: 17%
2023-08-06T21:13:42.333Z [Modules] Streaming discord_game_utils@1 to /home/zer0/.config/discord/0.0.28/modules/pending/discord_game_utils-1.zip: 18%
2023-08-06T21:13:42.334Z [Modules] Streaming discord_game_utils@1 to /home/zer0/.config/discord/0.0.28/modules/pending/discord_game_utils-1.zip: 19%
2023-08-06T21:13:42.337Z [Modules] Streaming discord_game_utils@1 to /home/zer0/.config/discord/0.0.28/modules/pending/discord_game_utils-1.zip: 20%
2023-08-06T21:13:42.338Z [Modules] Streaming discord_game_utils@1 to /home/zer0/.config/discord/0.0.28/modules/pending/discord_game_utils-1.zip: 21%
2023-08-06T21:13:42.341Z [Modules] Streaming discord_game_utils@1 to /home/zer0/.config/discord/0.0.28/modules/pending/discord_game_utils-1.zip: 22%
2023-08-06T21:13:42.343Z [Modules] Streaming discord_game_utils@1 to /home/zer0/.config/discord/0.0.28/modules/pending/discord_game_utils-1.zip: 23%
2023-08-06T21:13:42.345Z [Modules] Streaming discord_game_utils@1 to /home/zer0/.config/discord/0.0.28/modules/pending/discord_game_utils-1.zip: 24%
2023-08-06T21:13:42.347Z [Modules] Streaming discord_game_utils@1 to /home/zer0/.config/discord/0.0.28/modules/pending/discord_game_utils-1.zip: 25%
2023-08-06T21:13:42.351Z [Modules] Streaming discord_game_utils@1 to /home/zer0/.config/discord/0.0.28/modules/pending/discord_game_utils-1.zip: 27%
2023-08-06T21:13:42.353Z [Modules] Streaming discord_game_utils@1 to /home/zer0/.config/discord/0.0.28/modules/pending/discord_game_utils-1.zip: 28%
2023-08-06T21:13:42.355Z [Modules] Streaming discord_game_utils@1 to /home/zer0/.config/discord/0.0.28/modules/pending/discord_game_utils-1.zip: 29%
2023-08-06T21:13:42.357Z [Modules] Streaming discord_game_utils@1 to /home/zer0/.config/discord/0.0.28/modules/pending/discord_game_utils-1.zip: 30%
2023-08-06T21:13:42.360Z [Modules] Streaming discord_game_utils@1 to /home/zer0/.config/discord/0.0.28/modules/pending/discord_game_utils-1.zip: 31%
2023-08-06T21:13:42.361Z [Modules] Streaming discord_game_utils@1 to /home/zer0/.config/discord/0.0.28/modules/pending/discord_game_utils-1.zip: 32%
2023-08-06T21:13:42.364Z [Modules] Streaming discord_game_utils@1 to /home/zer0/.config/discord/0.0.28/modules/pending/discord_game_utils-1.zip: 33%
2023-08-06T21:13:42.367Z [Modules] Streaming discord_game_utils@1 to /home/zer0/.config/discord/0.0.28/modules/pending/discord_game_utils-1.zip: 34%
2023-08-06T21:13:42.368Z [Modules] Streaming discord_game_utils@1 to /home/zer0/.config/discord/0.0.28/modules/pending/discord_game_utils-1.zip: 35%
2023-08-06T21:13:42.371Z [Modules] Streaming discord_game_utils@1 to /home/zer0/.config/discord/0.0.28/modules/pending/discord_game_utils-1.zip: 36%
2023-08-06T21:13:42.372Z [Modules] Streaming discord_game_utils@1 to /home/zer0/.config/discord/0.0.28/modules/pending/discord_game_utils-1.zip: 37%
2023-08-06T21:13:42.375Z [Modules] Streaming discord_game_utils@1 to /home/zer0/.config/discord/0.0.28/modules/pending/discord_game_utils-1.zip: 38%
2023-08-06T21:13:42.376Z [Modules] Streaming discord_game_utils@1 to /home/zer0/.config/discord/0.0.28/modules/pending/discord_game_utils-1.zip: 39%
2023-08-06T21:13:42.379Z [Modules] Streaming discord_game_utils@1 to /home/zer0/.config/discord/0.0.28/modules/pending/discord_game_utils-1.zip: 40%
2023-08-06T21:13:42.380Z [Modules] Streaming discord_game_utils@1 to /home/zer0/.config/discord/0.0.28/modules/pending/discord_game_utils-1.zip: 41%
2023-08-06T21:13:42.383Z [Modules] Streaming discord_game_utils@1 to /home/zer0/.config/discord/0.0.28/modules/pending/discord_game_utils-1.zip: 42%
2023-08-06T21:13:42.385Z [Modules] Streaming discord_game_utils@1 to /home/zer0/.config/discord/0.0.28/modules/pending/discord_game_utils-1.zip: 43%
2023-08-06T21:13:42.387Z [Modules] Streaming discord_game_utils@1 to /home/zer0/.config/discord/0.0.28/modules/pending/discord_game_utils-1.zip: 44%
2023-08-06T21:13:42.389Z [Modules] Streaming discord_game_utils@1 to /home/zer0/.config/discord/0.0.28/modules/pending/discord_game_utils-1.zip: 45%
2023-08-06T21:13:42.391Z [Modules] Streaming discord_game_utils@1 to /home/zer0/.config/discord/0.0.28/modules/pending/discord_game_utils-1.zip: 46%
2023-08-06T21:13:42.393Z [Modules] Streaming discord_game_utils@1 to /home/zer0/.config/discord/0.0.28/modules/pending/discord_game_utils-1.zip: 47%
2023-08-06T21:13:42.396Z [Modules] Streaming discord_game_utils@1 to /home/zer0/.config/discord/0.0.28/modules/pending/discord_game_utils-1.zip: 48%
2023-08-06T21:13:42.397Z [Modules] Streaming discord_game_utils@1 to /home/zer0/.config/discord/0.0.28/modules/pending/discord_game_utils-1.zip: 49%
2023-08-06T21:13:42.400Z [Modules] Streaming discord_game_utils@1 to /home/zer0/.config/discord/0.0.28/modules/pending/discord_game_utils-1.zip: 50%
2023-08-06T21:13:42.401Z [Modules] Streaming discord_game_utils@1 to /home/zer0/.config/discord/0.0.28/modules/pending/discord_game_utils-1.zip: 51%
2023-08-06T21:13:42.404Z [Modules] Streaming discord_game_utils@1 to /home/zer0/.config/discord/0.0.28/modules/pending/discord_game_utils-1.zip: 52%
2023-08-06T21:13:42.405Z [Modules] Streaming discord_game_utils@1 to /home/zer0/.config/discord/0.0.28/modules/pending/discord_game_utils-1.zip: 53%
2023-08-06T21:13:42.413Z [Modules] Streaming discord_game_utils@1 to /home/zer0/.config/discord/0.0.28/modules/pending/discord_game_utils-1.zip: 56%
2023-08-06T21:13:42.414Z [Modules] Streaming discord_game_utils@1 to /home/zer0/.config/discord/0.0.28/modules/pending/discord_game_utils-1.zip: 57%
2023-08-06T21:13:42.415Z [Modules] Streaming discord_game_utils@1 to /home/zer0/.config/discord/0.0.28/modules/pending/discord_game_utils-1.zip: 58%
2023-08-06T21:13:42.418Z [Modules] Streaming discord_game_utils@1 to /home/zer0/.config/discord/0.0.28/modules/pending/discord_game_utils-1.zip: 59%
2023-08-06T21:13:42.425Z [Modules] Streaming discord_game_utils@1 to /home/zer0/.config/discord/0.0.28/modules/pending/discord_game_utils-1.zip: 62%
2023-08-06T21:13:42.434Z [Modules] Streaming discord_game_utils@1 to /home/zer0/.config/discord/0.0.28/modules/pending/discord_game_utils-1.zip: 64%
2023-08-06T21:13:42.440Z [Modules] Streaming discord_game_utils@1 to /home/zer0/.config/discord/0.0.28/modules/pending/discord_game_utils-1.zip: 68%
2023-08-06T21:13:42.441Z [Modules] Streaming discord_game_utils@1 to /home/zer0/.config/discord/0.0.28/modules/pending/discord_game_utils-1.zip: 70%
2023-08-06T21:13:42.447Z [Modules] Streaming discord_game_utils@1 to /home/zer0/.config/discord/0.0.28/modules/pending/discord_game_utils-1.zip: 72%
2023-08-06T21:13:42.448Z [Modules] Streaming discord_game_utils@1 to /home/zer0/.config/discord/0.0.28/modules/pending/discord_game_utils-1.zip: 73%
2023-08-06T21:13:42.452Z [Modules] Streaming discord_game_utils@1 to /home/zer0/.config/discord/0.0.28/modules/pending/discord_game_utils-1.zip: 75%
2023-08-06T21:13:42.453Z [Modules] Streaming discord_game_utils@1 to /home/zer0/.config/discord/0.0.28/modules/pending/discord_game_utils-1.zip: 76%
2023-08-06T21:13:42.456Z [Modules] Streaming discord_game_utils@1 to /home/zer0/.config/discord/0.0.28/modules/pending/discord_game_utils-1.zip: 77%
2023-08-06T21:13:42.460Z [Modules] Streaming discord_game_utils@1 to /home/zer0/.config/discord/0.0.28/modules/pending/discord_game_utils-1.zip: 79%
2023-08-06T21:13:42.465Z [Modules] Streaming discord_game_utils@1 to /home/zer0/.config/discord/0.0.28/modules/pending/discord_game_utils-1.zip: 81%
2023-08-06T21:13:42.468Z [Modules] Streaming discord_game_utils@1 to /home/zer0/.config/discord/0.0.28/modules/pending/discord_game_utils-1.zip: 82%
2023-08-06T21:13:42.470Z [Modules] Streaming discord_game_utils@1 to /home/zer0/.config/discord/0.0.28/modules/pending/discord_game_utils-1.zip: 84%
2023-08-06T21:13:42.473Z [Modules] Streaming discord_game_utils@1 to /home/zer0/.config/discord/0.0.28/modules/pending/discord_game_utils-1.zip: 85%
2023-08-06T21:13:42.474Z [Modules] Streaming discord_game_utils@1 to /home/zer0/.config/discord/0.0.28/modules/pending/discord_game_utils-1.zip: 86%
2023-08-06T21:13:42.478Z [Modules] Streaming discord_game_utils@1 to /home/zer0/.config/discord/0.0.28/modules/pending/discord_game_utils-1.zip: 88%
2023-08-06T21:13:42.481Z [Modules] Streaming discord_game_utils@1 to /home/zer0/.config/discord/0.0.28/modules/pending/discord_game_utils-1.zip: 89%
2023-08-06T21:13:42.482Z [Modules] Streaming discord_game_utils@1 to /home/zer0/.config/discord/0.0.28/modules/pending/discord_game_utils-1.zip: 90%
2023-08-06T21:13:42.487Z [Modules] Streaming discord_game_utils@1 to /home/zer0/.config/discord/0.0.28/modules/pending/discord_game_utils-1.zip: 92%
2023-08-06T21:13:42.491Z [Modules] Streaming discord_game_utils@1 to /home/zer0/.config/discord/0.0.28/modules/pending/discord_game_utils-1.zip: 94%
2023-08-06T21:13:42.495Z [Modules] Streaming discord_game_utils@1 to /home/zer0/.config/discord/0.0.28/modules/pending/discord_game_utils-1.zip: 96%
2023-08-06T21:13:42.499Z [Modules] Streaming discord_game_utils@1 to /home/zer0/.config/discord/0.0.28/modules/pending/discord_game_utils-1.zip: 98%
2023-08-06T21:13:42.502Z [Modules] Streaming discord_game_utils@1 to /home/zer0/.config/discord/0.0.28/modules/pending/discord_game_utils-1.zip: 100%
2023-08-06T21:13:42.504Z [Modules] Fetching discord_rpc@1 from https://discord.com/api/modules/stable/discord_rpc/1
2023-08-06T21:13:42.504Z [Modules] Streaming discord_rpc@1 to /home/zer0/.config/discord/0.0.28/modules/pending/discord_rpc-1.zip
2023-08-06T21:13:42.623Z [Modules] Streaming discord_rpc@1 to /home/zer0/.config/discord/0.0.28/modules/pending/discord_rpc-1.zip: 39%
2023-08-06T21:13:42.624Z [Modules] Streaming discord_rpc@1 to /home/zer0/.config/discord/0.0.28/modules/pending/discord_rpc-1.zip: 100%
2023-08-06T21:13:42.625Z [Modules] Finished module downloads. [success: 3] [failure: 0]
2023-08-06T21:13:42.659Z [Modules] Installing discord_game_utils@1 from /home/zer0/.config/discord/0.0.28/modules/pending/discord_game_utils-1.zip
2023-08-06T21:13:42.723Z [Modules] Installing discord_rpc@1 from /home/zer0/.config/discord/0.0.28/modules/pending/discord_rpc-1.zip
2023-08-06T21:13:42.748Z [Modules] Finished module installations. [success: 3] [failure: 0]
