INFO: 2023-07-22 13:02:32,161: main() 'Using profile folder /home/zer0/.config/variety/'
INFO: 2023-07-22 13:02:32,164: perform_upgrade() 'Last run version was 0.8.10 or earlier, current version is 0.8.10'
INFO: 2023-07-22 13:02:32,257: process_command() 'Received command: []'
INFO: 2023-07-22 13:02:32,258: start() 'Using data_path /usr/share/variety'
INFO: 2023-07-22 13:02:32,258: load() 'Jumble loading'
INFO: 2023-07-22 13:02:32,258: _walk_modules() 'Jumble loading module in __init__ from /usr/lib/python3.11/site-packages/variety/plugins/builtin/__init__.py'
INFO: 2023-07-22 13:02:32,259: _walk_modules() 'Jumble loading module in __init__ from /usr/lib/python3.11/site-packages/variety/plugins/builtin/downloaders/__init__.py'
INFO: 2023-07-22 13:02:32,260: _walk_modules() 'Jumble loading module in UnsplashConfigurableSource from /usr/lib/python3.11/site-packages/variety/plugins/builtin/downloaders/UnsplashConfigurableSource.py'
INFO: 2023-07-22 13:02:32,261: load() 'Jumble found plugin class: <class 'UnsplashConfigurableSource.UnsplashConfigurableSource'>: {'name': 'UnsplashConfigurableSource', 'description': 'Configurable source for fetching photos from Unsplash.com', 'author': 'Peter Levi', 'version': '0.1'}'
INFO: 2023-07-22 13:02:32,261: _walk_modules() 'Jumble loading module in ArtStationSource from /usr/lib/python3.11/site-packages/variety/plugins/builtin/downloaders/ArtStationSource.py'
INFO: 2023-07-22 13:02:32,262: load() 'Jumble found plugin class: <class 'ArtStationSource.ArtStationSource'>: {'name': 'ArtStationSource', 'description': 'Configurable source for fetching images from ArtStation', 'author': 'Denis Gordeev', 'version': '0.1'}'
INFO: 2023-07-22 13:02:32,262: _walk_modules() 'Jumble loading module in EarthviewDownloader from /usr/lib/python3.11/site-packages/variety/plugins/builtin/downloaders/EarthviewDownloader.py'
INFO: 2023-07-22 13:02:32,263: load() 'Jumble found plugin class: <class 'EarthviewDownloader.EarthviewDownloader'>: {'name': 'EarthviewDownloader', 'description': 'Google Earth View Wallpapers', 'author': 'Peter Levi', 'version': '0.1'}'
INFO: 2023-07-22 13:02:32,263: _walk_modules() 'Jumble loading module in RedditSource from /usr/lib/python3.11/site-packages/variety/plugins/builtin/downloaders/RedditSource.py'
INFO: 2023-07-22 13:02:32,264: load() 'Jumble found plugin class: <class 'RedditSource.RedditSource'>: {'name': 'RedditSource', 'description': 'Configurable source for fetching images from Reddit', 'author': 'Peter Levi', 'version': '0.1'}'
INFO: 2023-07-22 13:02:32,264: _walk_modules() 'Jumble loading module in UnsplashDownloader from /usr/lib/python3.11/site-packages/variety/plugins/builtin/downloaders/UnsplashDownloader.py'
INFO: 2023-07-22 13:02:32,264: load() 'Jumble found plugin class: <class 'UnsplashDownloader.UnsplashDownloader'>: {'name': 'UnsplashDownloader', 'description': 'High-resolution photos from Unsplash.com', 'author': 'Peter Levi', 'version': '0.1'}'
INFO: 2023-07-22 13:02:32,264: _walk_modules() 'Jumble loading module in APODDownloader from /usr/lib/python3.11/site-packages/variety/plugins/builtin/downloaders/APODDownloader.py'
INFO: 2023-07-22 13:02:32,265: load() 'Jumble found plugin class: <class 'APODDownloader.APODDownloader'>: {'name': 'APODDownloader', 'description': 'NASA Astro Pic of the Day', 'author': 'Peter Levi', 'version': '0.1'}'
INFO: 2023-07-22 13:02:32,265: _walk_modules() 'Jumble loading module in WallhavenSource from /usr/lib/python3.11/site-packages/variety/plugins/builtin/downloaders/WallhavenSource.py'
INFO: 2023-07-22 13:02:32,266: load() 'Jumble found plugin class: <class 'WallhavenSource.WallhavenSource'>: {'name': 'WallhavenSource', 'description': 'Configurable source for fetching images from Wallhaven.cc', 'author': 'Peter Levi', 'version': '0.1'}'
INFO: 2023-07-22 13:02:32,267: _walk_modules() 'Jumble loading module in NationalGeographicDownloader from /usr/lib/python3.11/site-packages/variety/plugins/builtin/downloaders/NationalGeographicDownloader.py'
INFO: 2023-07-22 13:02:32,267: load() 'Jumble found plugin class: <class 'NationalGeographicDownloader.NationalGeographicDownloader'>: {'name': 'NationalGeographicDownloader', 'description': "National Geographic's photo of the day", 'author': 'Eric Rösch', 'version': '0.1'}'
INFO: 2023-07-22 13:02:32,267: _walk_modules() 'Jumble loading module in WallhavenLegacyDownloader from /usr/lib/python3.11/site-packages/variety/plugins/builtin/downloaders/WallhavenLegacyDownloader.py'
INFO: 2023-07-22 13:02:32,268: _walk_modules() 'Jumble loading module in MediaRSSDownloader from /usr/lib/python3.11/site-packages/variety/plugins/builtin/downloaders/MediaRSSDownloader.py'
INFO: 2023-07-22 13:02:32,268: _walk_modules() 'Jumble loading module in MediaRSSSource from /usr/lib/python3.11/site-packages/variety/plugins/builtin/downloaders/MediaRSSSource.py'
INFO: 2023-07-22 13:02:32,269: load() 'Jumble found plugin class: <class 'MediaRSSSource.MediaRSSSource'>: {'name': 'MediaRSSSource', 'description': 'Configurable source for fetching images from MediaRSS feeds', 'author': 'Peter Levi', 'version': '0.1'}'
INFO: 2023-07-22 13:02:32,269: _walk_modules() 'Jumble loading module in RedditDownloader from /usr/lib/python3.11/site-packages/variety/plugins/builtin/downloaders/RedditDownloader.py'
INFO: 2023-07-22 13:02:32,269: _walk_modules() 'Jumble loading module in WallhavenDownloader from /usr/lib/python3.11/site-packages/variety/plugins/builtin/downloaders/WallhavenDownloader.py'
INFO: 2023-07-22 13:02:32,270: _walk_modules() 'Jumble loading module in ArtStationDownloader from /usr/lib/python3.11/site-packages/variety/plugins/builtin/downloaders/ArtStationDownloader.py'
INFO: 2023-07-22 13:02:32,270: _walk_modules() 'Jumble loading module in BingDownloader from /usr/lib/python3.11/site-packages/variety/plugins/builtin/downloaders/BingDownloader.py'
INFO: 2023-07-22 13:02:32,271: load() 'Jumble found plugin class: <class 'BingDownloader.BingDownloader'>: {'name': 'BingDownloader', 'description': 'Bing Photo of the Day', 'author': 'Peter Levi', 'version': '0.1'}'
INFO: 2023-07-22 13:02:32,271: _walk_modules() 'Jumble loading module in __init__ from /usr/lib/python3.11/site-packages/variety/plugins/builtin/display_modes/__init__.py'
INFO: 2023-07-22 13:02:32,271: _walk_modules() 'Jumble loading module in LegacyDisplayModesPlugin from /usr/lib/python3.11/site-packages/variety/plugins/builtin/display_modes/LegacyDisplayModesPlugin.py'
INFO: 2023-07-22 13:02:32,272: load() 'Jumble found plugin class: <class 'LegacyDisplayModesPlugin.LegacyDisplayModesPlugin'>: {'name': 'LegacyDisplayModesPlugin', 'description': 'Legacy display mode for compatibility with past Variety versions', 'version': '1.0', 'author': 'Peter Levi'}'
INFO: 2023-07-22 13:02:32,272: _walk_modules() 'Jumble loading module in ResizingDisplayModesPlugin from /usr/lib/python3.11/site-packages/variety/plugins/builtin/display_modes/ResizingDisplayModesPlugin.py'
INFO: 2023-07-22 13:02:32,272: load() 'Jumble found plugin class: <class 'ResizingDisplayModesPlugin.ResizingDisplayModesPlugin'>: {'name': 'ResizingDisplayModesPlugin', 'description': 'Display modes that use image resizing within Variety', 'version': '1.0', 'author': 'Peter Levi'}'
INFO: 2023-07-22 13:02:32,273: _walk_modules() 'Jumble loading module in GnomeDisplayModesPlugin from /usr/lib/python3.11/site-packages/variety/plugins/builtin/display_modes/GnomeDisplayModesPlugin.py'
INFO: 2023-07-22 13:02:32,273: load() 'Jumble found plugin class: <class 'GnomeDisplayModesPlugin.GnomeDisplayModesPlugin'>: {'name': 'GnomeDisplayModesPlugin', 'description': 'Display modes relying on the underlying desktop environment', 'version': '1.0', 'author': 'Peter Levi'}'
INFO: 2023-07-22 13:02:32,273: _walk_modules() 'Jumble loading module in __init__ from /usr/lib/python3.11/site-packages/variety/plugins/builtin/quotes/__init__.py'
INFO: 2023-07-22 13:02:32,274: _walk_modules() 'Jumble loading module in QuotationsPageSource from /usr/lib/python3.11/site-packages/variety/plugins/builtin/quotes/QuotationsPageSource.py'
INFO: 2023-07-22 13:02:32,303: load() 'Jumble found plugin class: <class 'QuotationsPageSource.QuotationsPageSource'>: {'name': 'TheQuotationsPage.com', 'description': 'Fetches quotes from TheQuotationsPage.com', 'author': 'Peter Levi', 'version': '0.1'}'
INFO: 2023-07-22 13:02:32,303: _walk_modules() 'Jumble loading module in LocalFilesSource from /usr/lib/python3.11/site-packages/variety/plugins/builtin/quotes/LocalFilesSource.py'
INFO: 2023-07-22 13:02:32,304: load() 'Jumble found plugin class: <class 'LocalFilesSource.LocalFilesSource'>: {'name': 'Local text files', 'description': 'Displays quotes, defined in local text files.\nPut your own txt files in: ~/.config/variety/pluginconfig/quotes/.\nThe file format is:\n\nquote -- author\n.\nsecond quote -- another author\n.\netc...\n\nExample: http://rvelthuis.de/zips/quotes.txt', 'author': 'Peter Levi', 'version': '0.1'}'
INFO: 2023-07-22 13:02:32,304: _walk_modules() 'Jumble loading module in FortuneSource from /usr/lib/python3.11/site-packages/variety/plugins/builtin/quotes/FortuneSource.py'
INFO: 2023-07-22 13:02:32,304: load() 'Jumble found plugin class: <class 'FortuneSource.FortuneSource'>: {'name': 'UNIX fortune program', 'description': 'Displays quotes using the UNIX fortune program. You may want to install additional fortune packs, e.g. fortunes-bofh-excuses.', 'author': 'Dan Jones', 'version': '0.1'}'
INFO: 2023-07-22 13:02:32,305: _walk_modules() 'Jumble loading module in GoodreadsSource from /usr/lib/python3.11/site-packages/variety/plugins/builtin/quotes/GoodreadsSource.py'
INFO: 2023-07-22 13:02:32,305: load() 'Jumble found plugin class: <class 'GoodreadsSource.GoodreadsSource'>: {'name': 'Goodreads', 'description': 'Fetches quotes from Goodreads.com', 'author': 'Peter Levi', 'version': '0.1'}'
INFO: 2023-07-22 13:02:32,305: _walk_modules() 'Jumble loading module in UrbanDictionarySource from /usr/lib/python3.11/site-packages/variety/plugins/builtin/quotes/UrbanDictionarySource.py'
INFO: 2023-07-22 13:02:32,306: load() 'Jumble found plugin class: <class 'UrbanDictionarySource.UrbanDictionarySource'>: {'name': 'Urban Dictionary', 'description': 'Displays definitions from Urban Dictionary', 'author': 'James Miller', 'version': '0.1'}'
INFO: 2023-07-22 13:02:32,318: log_options() 'Loaded options:'
INFO: 2023-07-22 13:02:32,318: log_options() 'change_enabled = False'
INFO: 2023-07-22 13:02:32,318: log_options() 'change_interval = 300'
INFO: 2023-07-22 13:02:32,318: log_options() 'change_on_start = False'
INFO: 2023-07-22 13:02:32,318: log_options() 'clipboard_enabled = False'
INFO: 2023-07-22 13:02:32,318: log_options() 'clipboard_hosts = ['wallhaven.cc', 'wallpapers.net', 'flickr.com', 'imgur.com', 'deviantart.com', 'interfacelift.com', 'vladstudio.com', 'imageshack.us', 'deviantart.net', 'imageshack.com']'
INFO: 2023-07-22 13:02:32,318: log_options() 'clipboard_use_whitelist = True'
INFO: 2023-07-22 13:02:32,318: log_options() 'clock_date_font = Serif 30'
INFO: 2023-07-22 13:02:32,318: log_options() 'clock_enabled = False'
INFO: 2023-07-22 13:02:32,318: log_options() 'clock_filter = -density 100 -font `fc-match -f '%{file[0]}' '%CLOCK_FONT_NAME'` -pointsize %CLOCK_FONT_SIZE -gravity SouthEast -fill '#00000044' -annotate 0x0+[%HOFFSET+58]+[%VOFFSET+108] '%H:%M' -fill white -annotate 0x0+[%HOFFSET+60]+[%VOFFSET+110] '%H:%M' -font `fc-match -f '%{file[0]}' '%DATE_FONT_NAME'` -pointsize %DATE_FONT_SIZE -fill '#00000044' -annotate 0x0+[%HOFFSET+58]+[%VOFFSET+58] '%A, %B %d' -fill white -annotate 0x0+[%HOFFSET+60]+[%VOFFSET+60] '%A, %B %d''
INFO: 2023-07-22 13:02:32,318: log_options() 'clock_font = Serif 70'
INFO: 2023-07-22 13:02:32,318: log_options() 'configfile = /home/zer0/.config/variety/variety.conf'
INFO: 2023-07-22 13:02:32,318: log_options() 'copyto_enabled = False'
INFO: 2023-07-22 13:02:32,318: log_options() 'copyto_folder = Default'
INFO: 2023-07-22 13:02:32,318: log_options() 'desired_color = None'
INFO: 2023-07-22 13:02:32,318: log_options() 'desired_color_enabled = False'
INFO: 2023-07-22 13:02:32,318: log_options() 'download_folder = /home/zer0/.config/variety/Downloaded'
INFO: 2023-07-22 13:02:32,318: log_options() 'download_preference_ratio = 0.9'
INFO: 2023-07-22 13:02:32,318: log_options() 'favorites_folder = /home/zer0/.config/variety/Favorites'
INFO: 2023-07-22 13:02:32,318: log_options() 'favorites_operations = [['Downloaded', 'Copy'], ['Fetched', 'Move'], ['Others', 'Copy']]'
INFO: 2023-07-22 13:02:32,318: log_options() 'fetched_folder = /home/zer0/.config/variety/Fetched'
INFO: 2023-07-22 13:02:32,318: log_options() 'filters = [[False, 'Keep original', ''], [False, 'Grayscale', '-type Grayscale'], [False, 'Heavy blur', '-scale 20% -blur 0x10 -resize 500%'], [False, 'Soft blur', '-scale 20% -blur 0x2 -resize 500%'], [False, 'Oil painting', '-paint 8'], [False, 'Pointilism', '-spread 10 -noise 3'], [False, 'Pixellate', '-scale 3% -scale 3333%']]'
INFO: 2023-07-22 13:02:32,318: log_options() 'get_wallpaper_script = /home/zer0/.config/variety/scripts/get_wallpaper_arco'
INFO: 2023-07-22 13:02:32,319: log_options() 'icon = Light'
INFO: 2023-07-22 13:02:32,319: log_options() 'internet_enabled = True'
INFO: 2023-07-22 13:02:32,319: log_options() 'lightness_enabled = False'
INFO: 2023-07-22 13:02:32,319: log_options() 'lightness_mode = 0'
INFO: 2023-07-22 13:02:32,319: log_options() 'min_rating = 4'
INFO: 2023-07-22 13:02:32,319: log_options() 'min_rating_enabled = False'
INFO: 2023-07-22 13:02:32,319: log_options() 'min_size = 80'
INFO: 2023-07-22 13:02:32,319: log_options() 'min_size_enabled = True'
INFO: 2023-07-22 13:02:32,319: log_options() 'quota_enabled = True'
INFO: 2023-07-22 13:02:32,319: log_options() 'quota_size = 1000'
INFO: 2023-07-22 13:02:32,319: log_options() 'quotes_authors = '
INFO: 2023-07-22 13:02:32,319: log_options() 'quotes_bg_color = [80, 80, 80]'
INFO: 2023-07-22 13:02:32,319: log_options() 'quotes_bg_opacity = 55'
INFO: 2023-07-22 13:02:32,319: log_options() 'quotes_change_enabled = False'
INFO: 2023-07-22 13:02:32,319: log_options() 'quotes_change_interval = 300'
INFO: 2023-07-22 13:02:32,319: log_options() 'quotes_disabled_sources = ['Urban Dictionary']'
INFO: 2023-07-22 13:02:32,319: log_options() 'quotes_enabled = False'
INFO: 2023-07-22 13:02:32,319: log_options() 'quotes_favorites_file = /home/zer0/.config/variety/favorite_quotes.txt'
INFO: 2023-07-22 13:02:32,319: log_options() 'quotes_font = Serif 30'
INFO: 2023-07-22 13:02:32,319: log_options() 'quotes_hpos = 100'
INFO: 2023-07-22 13:02:32,319: log_options() 'quotes_max_length = 250'
INFO: 2023-07-22 13:02:32,319: log_options() 'quotes_tags = '
INFO: 2023-07-22 13:02:32,319: log_options() 'quotes_text_color = [255, 255, 255]'
INFO: 2023-07-22 13:02:32,319: log_options() 'quotes_text_shadow = False'
INFO: 2023-07-22 13:02:32,319: log_options() 'quotes_vpos = 40'
INFO: 2023-07-22 13:02:32,319: log_options() 'quotes_width = 70'
INFO: 2023-07-22 13:02:32,319: log_options() 'safe_mode = False'
INFO: 2023-07-22 13:02:32,319: log_options() 'set_wallpaper_script = /home/zer0/.config/variety/scripts/set_wallpaper_arco'
INFO: 2023-07-22 13:02:32,319: log_options() 'slideshow_custom_enabled = False'
INFO: 2023-07-22 13:02:32,319: log_options() 'slideshow_custom_folder = /home/zer0'
INFO: 2023-07-22 13:02:32,319: log_options() 'slideshow_downloads_enabled = False'
INFO: 2023-07-22 13:02:32,319: log_options() 'slideshow_fade = 0.4'
INFO: 2023-07-22 13:02:32,319: log_options() 'slideshow_favorites_enabled = True'
INFO: 2023-07-22 13:02:32,319: log_options() 'slideshow_mode = Fullscreen'
INFO: 2023-07-22 13:02:32,319: log_options() 'slideshow_monitor = All'
INFO: 2023-07-22 13:02:32,319: log_options() 'slideshow_pan = 0.05'
INFO: 2023-07-22 13:02:32,319: log_options() 'slideshow_seconds = 6.0'
INFO: 2023-07-22 13:02:32,319: log_options() 'slideshow_sort_order = Random'
INFO: 2023-07-22 13:02:32,319: log_options() 'slideshow_sources_enabled = True'
INFO: 2023-07-22 13:02:32,319: log_options() 'slideshow_zoom = 0.2'
INFO: 2023-07-22 13:02:32,319: log_options() 'smart_enabled = False'
INFO: 2023-07-22 13:02:32,319: log_options() 'smart_notice_shown = False'
INFO: 2023-07-22 13:02:32,319: log_options() 'smart_register_shown = False'
INFO: 2023-07-22 13:02:32,319: log_options() 'sources = [[True, 'favorites', 'The Favorites folder'], [False, 'fetched', 'The Fetched folder'], [True, 'folder', '/usr/share/backgrounds'], [False, 'flickr', 'user:www.flickr.com/photos/peter-levi/;user_id:93647178@N00;'], [False, 'apod', 'NASA Astro Pic of the Day'], [False, 'bing', 'Bing Photo of the Day'], [False, 'earthview', 'Google Earth View Wallpapers'], [False, 'natgeo', "National Geographic's photo of the day"], [False, 'unsplash', 'High-resolution photos from Unsplash.com']]'
INFO: 2023-07-22 13:02:32,319: log_options() 'stats_enabled = True'
INFO: 2023-07-22 13:02:32,319: log_options() 'stats_notice_shown = False'
INFO: 2023-07-22 13:02:32,319: log_options() 'sync_enabled = True'
INFO: 2023-07-22 13:02:32,319: log_options() 'use_landscape_enabled = True'
INFO: 2023-07-22 13:02:32,319: log_options() 'wallhaven_api_key = '
INFO: 2023-07-22 13:02:32,319: log_options() 'wallpaper_auto_rotate = True'
INFO: 2023-07-22 13:02:32,319: log_options() 'wallpaper_display_mode = os'
INFO: 2023-07-22 13:02:32,319: reload_config() 'No need to clear prepared queue'
INFO: 2023-07-22 13:02:32,319: update_indicator() 'Setting file info to: /usr/share/backgrounds/arcolinux/arco-wallpaper.jpg'
INFO: 2023-07-22 13:02:32,324: load_last_change_time() 'Change interval < 6 hours, ignore persisted last_change_time, wait initially the whole interval: 300'
INFO: 2023-07-22 13:02:32,324: update_indicator() 'Setting file info to: /usr/share/backgrounds/arcolinux/arco-wallpaper.jpg'
INFO: 2023-07-22 13:02:32,325: regular_change_thread() 'regular_change thread running'
INFO: 2023-07-22 13:02:32,325: regular_change_thread() 'regular_change: waiting till user resumes'
INFO: 2023-07-22 13:02:32,325: prepare_thread() 'Prepare thread running'
INFO: 2023-07-22 13:02:32,325: prepare_thread() 'Prepared buffer contains 0 images'
INFO: 2023-07-22 13:02:32,325: prepare_thread() 'Preparing some images'
INFO: 2023-07-22 13:02:32,358: update_indicator_icon() 'Creating indicator'
WARNING: 2023-07-22 13:02:32,362: create_menu() 'Variety Slideshow is not installed. This is an optional extension adding pan-and-zoom slideshows to Variety: see https://github.com/peterlevi/variety-slideshow for details'
INFO: 2023-07-22 13:02:32,363: create_indicator() 'indicator backend: AppIndicator3'
INFO: 2023-07-22 13:02:32,392: set_from_theme_icon() 'Showing indicator icon variety-indicator from GTK theme'
INFO: 2023-07-22 13:02:32,425: do_set_wp() 'Calling do_set_wp with /usr/share/backgrounds/arcolinux/arco-wallpaper.jpg, time: 1690045352.4252179'
INFO: 2023-07-22 13:02:32,426: apply_auto_rotate() 'ImageMagick auto-rotate cmd: convert /usr/share/backgrounds/arcolinux/arco-wallpaper.jpg -auto-orient /home/zer0/.config/variety/wallpaper/wallpaper-auto-rotated-a2c3282baa4de92192bff001ee9bfbf8.jpg'
INFO: 2023-07-22 13:02:32,450: prepare_thread() 'After search prepared buffer contains 99 images'
INFO: 2023-07-22 13:02:32,503: update_indicator() 'Setting file info to: /usr/share/backgrounds/arcolinux/arco-wallpaper.jpg'
INFO: 2023-07-22 13:02:32,504: list_files() 'More than 1 files in the folders, stop listing'
INFO: 2023-07-22 13:02:35,603: reload() 'Reloading preferences dialog'
INFO: 2023-07-22 13:02:36,345: trigger_download() 'Triggering download thread to check if download needed and possible'
INFO: 2023-07-22 13:02:37,729: process_command() 'Received command: ['-n']'
INFO: 2023-07-22 13:02:37,731: set_wallpaper() 'Calling set_wallpaper with /usr/share/backgrounds/arcolinux-candy/candy-02.jpg'
INFO: 2023-07-22 13:02:37,731: do_set_wp() 'Calling do_set_wp with /usr/share/backgrounds/arcolinux-candy/candy-02.jpg, time: 1690045357.731765'
INFO: 2023-07-22 13:02:37,731: prepare_thread() 'Prepared buffer contains 98 images'
INFO: 2023-07-22 13:02:37,732: apply_auto_rotate() 'ImageMagick auto-rotate cmd: convert /usr/share/backgrounds/arcolinux-candy/candy-02.jpg -auto-orient /home/zer0/.config/variety/wallpaper/wallpaper-auto-rotated-99d49f1707a6e0f8b9289723fbfaedcd.jpg'
INFO: 2023-07-22 13:02:38,134: update_indicator() 'Setting file info to: /usr/share/backgrounds/arcolinux-candy/candy-02.jpg'
INFO: 2023-07-22 13:02:38,135: list_files() 'More than 1 files in the folders, stop listing'
INFO: 2023-07-22 13:02:39,732: trigger_download() 'Triggering download thread to check if download needed and possible'
INFO: 2023-07-22 13:02:46,295: set_wallpaper() 'Calling set_wallpaper with /home/zer0/.config/variety/Favorites/nord_scenary.png'
INFO: 2023-07-22 13:02:46,295: prepare_thread() 'Prepared buffer contains 97 images'
INFO: 2023-07-22 13:02:46,296: do_set_wp() 'Calling do_set_wp with /home/zer0/.config/variety/Favorites/nord_scenary.png, time: 1690045366.296267'
INFO: 2023-07-22 13:02:46,296: apply_auto_rotate() 'ImageMagick auto-rotate cmd: convert /home/zer0/.config/variety/Favorites/nord_scenary.png -auto-orient /home/zer0/.config/variety/wallpaper/wallpaper-auto-rotated-b1c58ee2626a4b309abf9f4936ce6576.jpg'
INFO: 2023-07-22 13:02:46,569: update_indicator() 'Setting file info to: /home/zer0/.config/variety/Favorites/nord_scenary.png'
INFO: 2023-07-22 13:02:46,570: list_files() 'More than 1 files in the folders, stop listing'
INFO: 2023-07-22 13:02:48,296: trigger_download() 'Triggering download thread to check if download needed and possible'
INFO: 2023-07-22 13:02:54,220: server_options_thread() 'Fetching server options from http://tiny.cc/variety-options-063'
INFO: 2023-07-22 13:02:54,762: server_options_thread() 'Fetched server options: {'flickr': {'min_fill_queue_interval': 1200, 'min_download_interval': 1200}, 'wallbase': {'min_fill_queue_interval': 1800, 'min_download_interval': 1800}, 'wallhaven': {'min_fill_queue_interval': 1800, 'min_download_interval': 1800}, 'wallpapers.net': {'min_fill_queue_interval': 601, 'min_download_interval': 0}, 'unsplash': {'min_fill_queue_interval': 20000000000, 'min_download_interval': 20000000000}, 'unsplash_v2': {'min_fill_queue_interval': 3600, 'min_download_interval': 1800}, 'status_message': {'0.0.1': '', '*': ''}}'
INFO: 2023-07-22 13:34:55,591: reload() 'Reloading preferences dialog'
INFO: 2023-07-22 13:34:59,502: apply() 'Applying preferences'
INFO: 2023-07-22 13:34:59,517: set_visible() 'Showing indicator icon'
INFO: 2023-07-22 13:34:59,518: set_from_theme_icon() 'Showing indicator icon variety-indicator from GTK theme'
INFO: 2023-07-22 13:34:59,519: log_options() 'Loaded options:'
INFO: 2023-07-22 13:34:59,519: log_options() 'change_enabled = False'
INFO: 2023-07-22 13:34:59,519: log_options() 'change_interval = 300'
INFO: 2023-07-22 13:34:59,520: log_options() 'change_on_start = False'
INFO: 2023-07-22 13:34:59,520: log_options() 'clipboard_enabled = False'
INFO: 2023-07-22 13:34:59,520: log_options() 'clipboard_hosts = ['wallhaven.cc', 'wallpapers.net', 'flickr.com', 'imgur.com', 'deviantart.com', 'interfacelift.com', 'vladstudio.com', 'imageshack.us', 'deviantart.net', 'imageshack.com']'
INFO: 2023-07-22 13:34:59,520: log_options() 'clipboard_use_whitelist = True'
INFO: 2023-07-22 13:34:59,520: log_options() 'clock_date_font = Serif 30'
INFO: 2023-07-22 13:34:59,520: log_options() 'clock_enabled = False'
INFO: 2023-07-22 13:34:59,520: log_options() 'clock_filter = -density 100 -font `fc-match -f '%{file[0]}' '%CLOCK_FONT_NAME'` -pointsize %CLOCK_FONT_SIZE -gravity SouthEast -fill '#00000044' -annotate 0x0+[%HOFFSET+58]+[%VOFFSET+108] '%H:%M' -fill white -annotate 0x0+[%HOFFSET+60]+[%VOFFSET+110] '%H:%M' -font `fc-match -f '%{file[0]}' '%DATE_FONT_NAME'` -pointsize %DATE_FONT_SIZE -fill '#00000044' -annotate 0x0+[%HOFFSET+58]+[%VOFFSET+58] '%A, %B %d' -fill white -annotate 0x0+[%HOFFSET+60]+[%VOFFSET+60] '%A, %B %d''
INFO: 2023-07-22 13:34:59,520: log_options() 'clock_font = Serif 70'
INFO: 2023-07-22 13:34:59,520: log_options() 'configfile = /home/zer0/.config/variety/variety.conf'
INFO: 2023-07-22 13:34:59,520: log_options() 'copyto_enabled = False'
INFO: 2023-07-22 13:34:59,520: log_options() 'copyto_folder = Default'
INFO: 2023-07-22 13:34:59,520: log_options() 'desired_color = [160, 160, 160]'
INFO: 2023-07-22 13:34:59,520: log_options() 'desired_color_enabled = False'
INFO: 2023-07-22 13:34:59,520: log_options() 'download_folder = /home/zer0/.config/variety/Downloaded'
INFO: 2023-07-22 13:34:59,520: log_options() 'download_preference_ratio = 0.9'
INFO: 2023-07-22 13:34:59,520: log_options() 'favorites_folder = /home/zer0/.config/variety/Favorites'
INFO: 2023-07-22 13:34:59,520: log_options() 'favorites_operations = [['Downloaded', 'Copy'], ['Fetched', 'Move'], ['Others', 'Copy']]'
INFO: 2023-07-22 13:34:59,520: log_options() 'fetched_folder = /home/zer0/.config/variety/Fetched'
INFO: 2023-07-22 13:34:59,520: log_options() 'filters = [[False, 'Keep original', ''], [False, 'Grayscale', '-type Grayscale'], [False, 'Heavy blur', '-scale 20% -blur 0x10 -resize 500%'], [False, 'Soft blur', '-scale 20% -blur 0x2 -resize 500%'], [False, 'Oil painting', '-paint 8'], [False, 'Pointilism', '-spread 10 -noise 3'], [False, 'Pixellate', '-scale 3% -scale 3333%']]'
INFO: 2023-07-22 13:34:59,520: log_options() 'get_wallpaper_script = /home/zer0/.config/variety/scripts/get_wallpaper_arco'
INFO: 2023-07-22 13:34:59,520: log_options() 'icon = Light'
INFO: 2023-07-22 13:34:59,520: log_options() 'internet_enabled = True'
INFO: 2023-07-22 13:34:59,520: log_options() 'lightness_enabled = False'
INFO: 2023-07-22 13:34:59,521: log_options() 'lightness_mode = 0'
INFO: 2023-07-22 13:34:59,521: log_options() 'min_rating = 4'
INFO: 2023-07-22 13:34:59,521: log_options() 'min_rating_enabled = False'
INFO: 2023-07-22 13:34:59,521: log_options() 'min_size = 80'
INFO: 2023-07-22 13:34:59,521: log_options() 'min_size_enabled = True'
INFO: 2023-07-22 13:34:59,521: log_options() 'quota_enabled = True'
INFO: 2023-07-22 13:34:59,521: log_options() 'quota_size = 1000'
INFO: 2023-07-22 13:34:59,521: log_options() 'quotes_authors = '
INFO: 2023-07-22 13:34:59,521: log_options() 'quotes_bg_color = [80, 80, 80]'
INFO: 2023-07-22 13:34:59,521: log_options() 'quotes_bg_opacity = 55'
INFO: 2023-07-22 13:34:59,521: log_options() 'quotes_change_enabled = False'
INFO: 2023-07-22 13:34:59,521: log_options() 'quotes_change_interval = 300'
INFO: 2023-07-22 13:34:59,521: log_options() 'quotes_disabled_sources = ['Urban Dictionary']'
INFO: 2023-07-22 13:34:59,521: log_options() 'quotes_enabled = False'
INFO: 2023-07-22 13:34:59,521: log_options() 'quotes_favorites_file = /home/zer0/.config/variety/favorite_quotes.txt'
INFO: 2023-07-22 13:34:59,521: log_options() 'quotes_font = Serif 30'
INFO: 2023-07-22 13:34:59,521: log_options() 'quotes_hpos = 100'
INFO: 2023-07-22 13:34:59,521: log_options() 'quotes_max_length = 250'
INFO: 2023-07-22 13:34:59,521: log_options() 'quotes_tags = '
INFO: 2023-07-22 13:34:59,521: log_options() 'quotes_text_color = [255, 255, 255]'
INFO: 2023-07-22 13:34:59,521: log_options() 'quotes_text_shadow = False'
INFO: 2023-07-22 13:34:59,521: log_options() 'quotes_vpos = 40'
INFO: 2023-07-22 13:34:59,521: log_options() 'quotes_width = 70'
INFO: 2023-07-22 13:34:59,521: log_options() 'safe_mode = False'
INFO: 2023-07-22 13:34:59,521: log_options() 'set_wallpaper_script = /home/zer0/.config/variety/scripts/set_wallpaper_arco'
INFO: 2023-07-22 13:34:59,521: log_options() 'slideshow_custom_enabled = False'
INFO: 2023-07-22 13:34:59,521: log_options() 'slideshow_custom_folder = /home/zer0'
INFO: 2023-07-22 13:34:59,521: log_options() 'slideshow_downloads_enabled = False'
INFO: 2023-07-22 13:34:59,521: log_options() 'slideshow_fade = 0.4'
INFO: 2023-07-22 13:34:59,521: log_options() 'slideshow_favorites_enabled = True'
INFO: 2023-07-22 13:34:59,521: log_options() 'slideshow_mode = Fullscreen'
INFO: 2023-07-22 13:34:59,521: log_options() 'slideshow_monitor = All'
INFO: 2023-07-22 13:34:59,521: log_options() 'slideshow_pan = 0.05'
INFO: 2023-07-22 13:34:59,522: log_options() 'slideshow_seconds = 6.0'
INFO: 2023-07-22 13:34:59,522: log_options() 'slideshow_sort_order = Random'
INFO: 2023-07-22 13:34:59,522: log_options() 'slideshow_sources_enabled = True'
INFO: 2023-07-22 13:34:59,522: log_options() 'slideshow_zoom = 0.2'
INFO: 2023-07-22 13:34:59,522: log_options() 'smart_enabled = False'
INFO: 2023-07-22 13:34:59,522: log_options() 'smart_notice_shown = False'
INFO: 2023-07-22 13:34:59,522: log_options() 'smart_register_shown = False'
INFO: 2023-07-22 13:34:59,522: log_options() 'sources = [[True, 'favorites', 'The Favorites folder'], [False, 'fetched', 'The Fetched folder'], [False, 'folder', '/usr/share/backgrounds'], [False, 'flickr', 'user:www.flickr.com/photos/peter-levi/;user_id:93647178@N00;'], [False, 'apod', "NASA's Astronomy Picture of the Day"], [False, 'bing', 'Bing Photo of the Day'], [False, 'earthview', 'Google Earth View Wallpapers'], [False, 'natgeo', "National Geographic's photo of the day"], [False, 'unsplash', 'High-resolution photos from Unsplash.com']]'
INFO: 2023-07-22 13:34:59,522: log_options() 'stats_enabled = True'
INFO: 2023-07-22 13:34:59,522: log_options() 'stats_notice_shown = False'
INFO: 2023-07-22 13:34:59,522: log_options() 'sync_enabled = True'
INFO: 2023-07-22 13:34:59,522: log_options() 'use_landscape_enabled = True'
INFO: 2023-07-22 13:34:59,522: log_options() 'wallhaven_api_key = '
INFO: 2023-07-22 13:34:59,522: log_options() 'wallpaper_auto_rotate = True'
INFO: 2023-07-22 13:34:59,522: log_options() 'wallpaper_display_mode = os'
INFO: 2023-07-22 13:34:59,522: clear_prepared_queue() 'Clearing prepared queue'
INFO: 2023-07-22 13:34:59,522: update_indicator() 'Setting file info to: /home/zer0/.config/variety/Favorites/nord_scenary.png'
INFO: 2023-07-22 13:34:59,522: prepare_thread() 'Prepared buffer contains 0 images'
INFO: 2023-07-22 13:34:59,522: prepare_thread() 'Preparing some images'
INFO: 2023-07-22 13:34:59,532: list_files() 'More than 1 files in the folders, stop listing'
INFO: 2023-07-22 13:34:59,533: regular_change_thread() 'regular_change: waiting till user resumes'
INFO: 2023-07-22 13:34:59,633: do_set_wp() 'Calling do_set_wp with /home/zer0/.config/variety/Favorites/nord_scenary.png, time: 1690047299.6335645'
INFO: 2023-07-22 13:34:59,634: apply_auto_rotate() 'ImageMagick auto-rotate cmd: convert /home/zer0/.config/variety/Favorites/nord_scenary.png -auto-orient /home/zer0/.config/variety/wallpaper/wallpaper-auto-rotated-eaa884664d5ada27d8648bb0de89152e.jpg'
INFO: 2023-07-22 13:34:59,992: update_indicator() 'Setting file info to: /home/zer0/.config/variety/Favorites/nord_scenary.png'
INFO: 2023-07-22 13:34:59,993: list_files() 'More than 1 files in the folders, stop listing'
INFO: 2023-07-22 13:35:01,324: prepare_thread() 'After search prepared buffer contains 98 images'
INFO: 2023-07-22 13:35:01,324: prepare_thread() 'Prepared buffer contains 98 images'
INFO: 2023-07-22 13:35:03,324: trigger_download() 'Triggering download thread to check if download needed and possible'
INFO: 2023-07-22 13:35:03,325: trigger_download() 'Triggering download thread to check if download needed and possible'
INFO: 2023-07-22 13:35:03,593: process_command() 'Received command: ['-n']'
INFO: 2023-07-22 13:35:03,596: set_wallpaper() 'Calling set_wallpaper with /home/zer0/.config/variety/Favorites/nord_triangles.png'
INFO: 2023-07-22 13:35:03,596: prepare_thread() 'Prepared buffer contains 97 images'
INFO: 2023-07-22 13:35:03,597: do_set_wp() 'Calling do_set_wp with /home/zer0/.config/variety/Favorites/nord_triangles.png, time: 1690047303.597292'
INFO: 2023-07-22 13:35:03,597: apply_auto_rotate() 'ImageMagick auto-rotate cmd: convert /home/zer0/.config/variety/Favorites/nord_triangles.png -auto-orient /home/zer0/.config/variety/wallpaper/wallpaper-auto-rotated-3642ddf4640b3766197e1a417237d907.jpg'
INFO: 2023-07-22 13:35:03,841: update_indicator() 'Setting file info to: /home/zer0/.config/variety/Favorites/nord_triangles.png'
INFO: 2023-07-22 13:35:03,842: list_files() 'More than 1 files in the folders, stop listing'
INFO: 2023-07-22 13:35:05,597: trigger_download() 'Triggering download thread to check if download needed and possible'
INFO: 2023-07-22 13:35:21,025: apply() 'Applying preferences'
INFO: 2023-07-22 13:35:21,028: set_visible() 'Showing indicator icon'
INFO: 2023-07-22 13:35:21,029: log_options() 'Loaded options:'
INFO: 2023-07-22 13:35:21,029: log_options() 'change_enabled = False'
INFO: 2023-07-22 13:35:21,029: log_options() 'change_interval = 300'
INFO: 2023-07-22 13:35:21,029: log_options() 'change_on_start = False'
INFO: 2023-07-22 13:35:21,029: log_options() 'clipboard_enabled = False'
INFO: 2023-07-22 13:35:21,029: log_options() 'clipboard_hosts = ['wallhaven.cc', 'wallpapers.net', 'flickr.com', 'imgur.com', 'deviantart.com', 'interfacelift.com', 'vladstudio.com', 'imageshack.us', 'deviantart.net', 'imageshack.com']'
INFO: 2023-07-22 13:35:21,029: log_options() 'clipboard_use_whitelist = True'
INFO: 2023-07-22 13:35:21,029: log_options() 'clock_date_font = Serif 30'
INFO: 2023-07-22 13:35:21,029: log_options() 'clock_enabled = False'
INFO: 2023-07-22 13:35:21,029: log_options() 'clock_filter = -density 100 -font `fc-match -f '%{file[0]}' '%CLOCK_FONT_NAME'` -pointsize %CLOCK_FONT_SIZE -gravity SouthEast -fill '#00000044' -annotate 0x0+[%HOFFSET+58]+[%VOFFSET+108] '%H:%M' -fill white -annotate 0x0+[%HOFFSET+60]+[%VOFFSET+110] '%H:%M' -font `fc-match -f '%{file[0]}' '%DATE_FONT_NAME'` -pointsize %DATE_FONT_SIZE -fill '#00000044' -annotate 0x0+[%HOFFSET+58]+[%VOFFSET+58] '%A, %B %d' -fill white -annotate 0x0+[%HOFFSET+60]+[%VOFFSET+60] '%A, %B %d''
INFO: 2023-07-22 13:35:21,029: log_options() 'clock_font = Serif 70'
INFO: 2023-07-22 13:35:21,029: log_options() 'configfile = /home/zer0/.config/variety/variety.conf'
INFO: 2023-07-22 13:35:21,029: log_options() 'copyto_enabled = False'
INFO: 2023-07-22 13:35:21,029: log_options() 'copyto_folder = Default'
INFO: 2023-07-22 13:35:21,029: log_options() 'desired_color = [160, 160, 160]'
INFO: 2023-07-22 13:35:21,029: log_options() 'desired_color_enabled = False'
INFO: 2023-07-22 13:35:21,029: log_options() 'download_folder = /home/zer0/.config/variety/Downloaded'
INFO: 2023-07-22 13:35:21,029: log_options() 'download_preference_ratio = 0.9'
INFO: 2023-07-22 13:35:21,029: log_options() 'favorites_folder = /home/zer0/.config/variety/Favorites'
INFO: 2023-07-22 13:35:21,029: log_options() 'favorites_operations = [['Downloaded', 'Copy'], ['Fetched', 'Move'], ['Others', 'Copy']]'
INFO: 2023-07-22 13:35:21,029: log_options() 'fetched_folder = /home/zer0/.config/variety/Fetched'
INFO: 2023-07-22 13:35:21,029: log_options() 'filters = [[False, 'Keep original', ''], [False, 'Grayscale', '-type Grayscale'], [False, 'Heavy blur', '-scale 20% -blur 0x10 -resize 500%'], [False, 'Soft blur', '-scale 20% -blur 0x2 -resize 500%'], [False, 'Oil painting', '-paint 8'], [False, 'Pointilism', '-spread 10 -noise 3'], [False, 'Pixellate', '-scale 3% -scale 3333%']]'
INFO: 2023-07-22 13:35:21,029: log_options() 'get_wallpaper_script = /home/zer0/.config/variety/scripts/get_wallpaper_arco'
INFO: 2023-07-22 13:35:21,029: log_options() 'icon = Light'
INFO: 2023-07-22 13:35:21,029: log_options() 'internet_enabled = True'
INFO: 2023-07-22 13:35:21,029: log_options() 'lightness_enabled = False'
INFO: 2023-07-22 13:35:21,029: log_options() 'lightness_mode = 0'
INFO: 2023-07-22 13:35:21,029: log_options() 'min_rating = 4'
INFO: 2023-07-22 13:35:21,029: log_options() 'min_rating_enabled = False'
INFO: 2023-07-22 13:35:21,029: log_options() 'min_size = 80'
INFO: 2023-07-22 13:35:21,029: log_options() 'min_size_enabled = True'
INFO: 2023-07-22 13:35:21,029: log_options() 'quota_enabled = True'
INFO: 2023-07-22 13:35:21,029: log_options() 'quota_size = 1000'
INFO: 2023-07-22 13:35:21,029: log_options() 'quotes_authors = '
INFO: 2023-07-22 13:35:21,029: log_options() 'quotes_bg_color = [80, 80, 80]'
INFO: 2023-07-22 13:35:21,029: log_options() 'quotes_bg_opacity = 55'
INFO: 2023-07-22 13:35:21,029: log_options() 'quotes_change_enabled = False'
INFO: 2023-07-22 13:35:21,029: log_options() 'quotes_change_interval = 300'
INFO: 2023-07-22 13:35:21,029: log_options() 'quotes_disabled_sources = ['Urban Dictionary']'
INFO: 2023-07-22 13:35:21,029: log_options() 'quotes_enabled = False'
INFO: 2023-07-22 13:35:21,029: log_options() 'quotes_favorites_file = /home/zer0/.config/variety/favorite_quotes.txt'
INFO: 2023-07-22 13:35:21,029: log_options() 'quotes_font = Serif 30'
INFO: 2023-07-22 13:35:21,029: log_options() 'quotes_hpos = 100'
INFO: 2023-07-22 13:35:21,029: log_options() 'quotes_max_length = 250'
INFO: 2023-07-22 13:35:21,029: set_from_theme_icon() 'Showing indicator icon variety-indicator from GTK theme'
INFO: 2023-07-22 13:35:21,029: log_options() 'quotes_tags = '
INFO: 2023-07-22 13:35:21,030: log_options() 'quotes_text_color = [255, 255, 255]'
INFO: 2023-07-22 13:35:21,030: log_options() 'quotes_text_shadow = False'
INFO: 2023-07-22 13:35:21,030: log_options() 'quotes_vpos = 40'
INFO: 2023-07-22 13:35:21,030: log_options() 'quotes_width = 70'
INFO: 2023-07-22 13:35:21,030: log_options() 'safe_mode = False'
INFO: 2023-07-22 13:35:21,030: log_options() 'set_wallpaper_script = /home/zer0/.config/variety/scripts/set_wallpaper_arco'
INFO: 2023-07-22 13:35:21,030: log_options() 'slideshow_custom_enabled = False'
INFO: 2023-07-22 13:35:21,030: log_options() 'slideshow_custom_folder = /home/zer0'
INFO: 2023-07-22 13:35:21,030: log_options() 'slideshow_downloads_enabled = False'
INFO: 2023-07-22 13:35:21,030: log_options() 'slideshow_fade = 0.4'
INFO: 2023-07-22 13:35:21,030: log_options() 'slideshow_favorites_enabled = True'
INFO: 2023-07-22 13:35:21,030: log_options() 'slideshow_mode = Fullscreen'
INFO: 2023-07-22 13:35:21,030: log_options() 'slideshow_monitor = All'
INFO: 2023-07-22 13:35:21,030: log_options() 'slideshow_pan = 0.05'
INFO: 2023-07-22 13:35:21,030: log_options() 'slideshow_seconds = 6.0'
INFO: 2023-07-22 13:35:21,030: log_options() 'slideshow_sort_order = Random'
INFO: 2023-07-22 13:35:21,030: log_options() 'slideshow_sources_enabled = True'
INFO: 2023-07-22 13:35:21,030: log_options() 'slideshow_zoom = 0.2'
INFO: 2023-07-22 13:35:21,030: log_options() 'smart_enabled = False'
INFO: 2023-07-22 13:35:21,030: log_options() 'smart_notice_shown = False'
INFO: 2023-07-22 13:35:21,030: log_options() 'smart_register_shown = False'
INFO: 2023-07-22 13:35:21,030: log_options() 'sources = [[True, 'favorites', 'The Favorites folder'], [False, 'fetched', 'The Fetched folder'], [False, 'folder', '/usr/share/backgrounds'], [False, 'flickr', 'user:www.flickr.com/photos/peter-levi/;user_id:93647178@N00;'], [False, 'apod', "NASA's Astronomy Picture of the Day"], [False, 'bing', 'Bing Photo of the Day'], [False, 'earthview', 'Google Earth View Wallpapers'], [False, 'natgeo', "National Geographic's photo of the day"], [False, 'unsplash', 'High-resolution photos from Unsplash.com']]'
INFO: 2023-07-22 13:35:21,030: log_options() 'stats_enabled = True'
INFO: 2023-07-22 13:35:21,030: log_options() 'stats_notice_shown = False'
INFO: 2023-07-22 13:35:21,030: log_options() 'sync_enabled = True'
INFO: 2023-07-22 13:35:21,030: log_options() 'use_landscape_enabled = True'
INFO: 2023-07-22 13:35:21,030: log_options() 'wallhaven_api_key = '
INFO: 2023-07-22 13:35:21,030: log_options() 'wallpaper_auto_rotate = True'
INFO: 2023-07-22 13:35:21,030: log_options() 'wallpaper_display_mode = os'
INFO: 2023-07-22 13:35:21,030: reload_config() 'No need to clear prepared queue'
INFO: 2023-07-22 13:35:21,030: update_indicator() 'Setting file info to: /home/zer0/.config/variety/Favorites/nord_triangles.png'
INFO: 2023-07-22 13:35:21,031: list_files() 'More than 1 files in the folders, stop listing'
INFO: 2023-07-22 13:35:21,031: regular_change_thread() 'regular_change: waiting till user resumes'
INFO: 2023-07-22 13:35:21,031: prepare_thread() 'Prepared buffer contains 97 images'
INFO: 2023-07-22 13:35:21,131: do_set_wp() 'Calling do_set_wp with /home/zer0/.config/variety/Favorites/nord_triangles.png, time: 1690047321.1317198'
INFO: 2023-07-22 13:35:21,132: apply_auto_rotate() 'ImageMagick auto-rotate cmd: convert /home/zer0/.config/variety/Favorites/nord_triangles.png -auto-orient /home/zer0/.config/variety/wallpaper/wallpaper-auto-rotated-890449e44ed0e84d7a17424f56d0d6f6.jpg'
INFO: 2023-07-22 13:35:21,353: update_indicator() 'Setting file info to: /home/zer0/.config/variety/Favorites/nord_triangles.png'
INFO: 2023-07-22 13:35:21,354: list_files() 'More than 1 files in the folders, stop listing'
INFO: 2023-07-22 13:35:21,895: update_indicator() 'Setting file info to: /home/zer0/.config/variety/Favorites/nord_triangles.png'
INFO: 2023-07-22 13:35:21,895: list_files() 'More than 1 files in the folders, stop listing'
INFO: 2023-07-22 13:35:23,031: trigger_download() 'Triggering download thread to check if download needed and possible'
INFO: 2023-07-22 13:35:28,858: apply() 'Applying preferences'
INFO: 2023-07-22 13:35:28,865: set_visible() 'Showing indicator icon'
INFO: 2023-07-22 13:35:28,865: set_from_theme_icon() 'Showing indicator icon variety-indicator from GTK theme'
INFO: 2023-07-22 13:35:28,865: log_options() 'Loaded options:'
INFO: 2023-07-22 13:35:28,865: log_options() 'change_enabled = False'
INFO: 2023-07-22 13:35:28,865: log_options() 'change_interval = 300'
INFO: 2023-07-22 13:35:28,865: log_options() 'change_on_start = False'
INFO: 2023-07-22 13:35:28,865: log_options() 'clipboard_enabled = False'
INFO: 2023-07-22 13:35:28,865: log_options() 'clipboard_hosts = ['wallhaven.cc', 'wallpapers.net', 'flickr.com', 'imgur.com', 'deviantart.com', 'interfacelift.com', 'vladstudio.com', 'imageshack.us', 'deviantart.net', 'imageshack.com']'
INFO: 2023-07-22 13:35:28,865: log_options() 'clipboard_use_whitelist = True'
INFO: 2023-07-22 13:35:28,865: log_options() 'clock_date_font = Serif 30'
INFO: 2023-07-22 13:35:28,865: log_options() 'clock_enabled = False'
INFO: 2023-07-22 13:35:28,865: log_options() 'clock_filter = -density 100 -font `fc-match -f '%{file[0]}' '%CLOCK_FONT_NAME'` -pointsize %CLOCK_FONT_SIZE -gravity SouthEast -fill '#00000044' -annotate 0x0+[%HOFFSET+58]+[%VOFFSET+108] '%H:%M' -fill white -annotate 0x0+[%HOFFSET+60]+[%VOFFSET+110] '%H:%M' -font `fc-match -f '%{file[0]}' '%DATE_FONT_NAME'` -pointsize %DATE_FONT_SIZE -fill '#00000044' -annotate 0x0+[%HOFFSET+58]+[%VOFFSET+58] '%A, %B %d' -fill white -annotate 0x0+[%HOFFSET+60]+[%VOFFSET+60] '%A, %B %d''
INFO: 2023-07-22 13:35:28,865: log_options() 'clock_font = Serif 70'
INFO: 2023-07-22 13:35:28,865: log_options() 'configfile = /home/zer0/.config/variety/variety.conf'
INFO: 2023-07-22 13:35:28,865: log_options() 'copyto_enabled = False'
INFO: 2023-07-22 13:35:28,865: log_options() 'copyto_folder = Default'
INFO: 2023-07-22 13:35:28,865: log_options() 'desired_color = [160, 160, 160]'
INFO: 2023-07-22 13:35:28,865: log_options() 'desired_color_enabled = False'
INFO: 2023-07-22 13:35:28,865: log_options() 'download_folder = /home/zer0/.config/variety/Downloaded'
INFO: 2023-07-22 13:35:28,865: log_options() 'download_preference_ratio = 0.9'
INFO: 2023-07-22 13:35:28,865: log_options() 'favorites_folder = /home/zer0/.config/variety/Favorites'
INFO: 2023-07-22 13:35:28,865: log_options() 'favorites_operations = [['Downloaded', 'Copy'], ['Fetched', 'Move'], ['Others', 'Copy']]'
INFO: 2023-07-22 13:35:28,865: log_options() 'fetched_folder = /home/zer0/.config/variety/Fetched'
INFO: 2023-07-22 13:35:28,865: log_options() 'filters = [[False, 'Keep original', ''], [False, 'Grayscale', '-type Grayscale'], [False, 'Heavy blur', '-scale 20% -blur 0x10 -resize 500%'], [False, 'Soft blur', '-scale 20% -blur 0x2 -resize 500%'], [False, 'Oil painting', '-paint 8'], [False, 'Pointilism', '-spread 10 -noise 3'], [False, 'Pixellate', '-scale 3% -scale 3333%']]'
INFO: 2023-07-22 13:35:28,865: log_options() 'get_wallpaper_script = /home/zer0/.config/variety/scripts/get_wallpaper_arco'
INFO: 2023-07-22 13:35:28,865: log_options() 'icon = Light'
INFO: 2023-07-22 13:35:28,865: log_options() 'internet_enabled = True'
INFO: 2023-07-22 13:35:28,865: log_options() 'lightness_enabled = False'
INFO: 2023-07-22 13:35:28,866: log_options() 'lightness_mode = 0'
INFO: 2023-07-22 13:35:28,866: log_options() 'min_rating = 4'
INFO: 2023-07-22 13:35:28,866: log_options() 'min_rating_enabled = False'
INFO: 2023-07-22 13:35:28,866: log_options() 'min_size = 80'
INFO: 2023-07-22 13:35:28,866: log_options() 'min_size_enabled = True'
INFO: 2023-07-22 13:35:28,866: log_options() 'quota_enabled = True'
INFO: 2023-07-22 13:35:28,866: log_options() 'quota_size = 1000'
INFO: 2023-07-22 13:35:28,866: log_options() 'quotes_authors = '
INFO: 2023-07-22 13:35:28,866: log_options() 'quotes_bg_color = [80, 80, 80]'
INFO: 2023-07-22 13:35:28,866: log_options() 'quotes_bg_opacity = 55'
INFO: 2023-07-22 13:35:28,866: log_options() 'quotes_change_enabled = False'
INFO: 2023-07-22 13:35:28,866: log_options() 'quotes_change_interval = 300'
INFO: 2023-07-22 13:35:28,866: log_options() 'quotes_disabled_sources = ['Urban Dictionary']'
INFO: 2023-07-22 13:35:28,866: log_options() 'quotes_enabled = False'
INFO: 2023-07-22 13:35:28,866: log_options() 'quotes_favorites_file = /home/zer0/.config/variety/favorite_quotes.txt'
INFO: 2023-07-22 13:35:28,866: log_options() 'quotes_font = Serif 30'
INFO: 2023-07-22 13:35:28,866: log_options() 'quotes_hpos = 100'
INFO: 2023-07-22 13:35:28,866: log_options() 'quotes_max_length = 250'
INFO: 2023-07-22 13:35:28,866: log_options() 'quotes_tags = '
INFO: 2023-07-22 13:35:28,866: log_options() 'quotes_text_color = [255, 255, 255]'
INFO: 2023-07-22 13:35:28,866: log_options() 'quotes_text_shadow = False'
INFO: 2023-07-22 13:35:28,866: log_options() 'quotes_vpos = 40'
INFO: 2023-07-22 13:35:28,866: log_options() 'quotes_width = 70'
INFO: 2023-07-22 13:35:28,866: log_options() 'safe_mode = False'
INFO: 2023-07-22 13:35:28,866: log_options() 'set_wallpaper_script = /home/zer0/.config/variety/scripts/set_wallpaper_arco'
INFO: 2023-07-22 13:35:28,866: log_options() 'slideshow_custom_enabled = False'
INFO: 2023-07-22 13:35:28,866: log_options() 'slideshow_custom_folder = /home/zer0'
INFO: 2023-07-22 13:35:28,866: log_options() 'slideshow_downloads_enabled = False'
INFO: 2023-07-22 13:35:28,866: log_options() 'slideshow_fade = 0.4'
INFO: 2023-07-22 13:35:28,866: log_options() 'slideshow_favorites_enabled = True'
INFO: 2023-07-22 13:35:28,866: log_options() 'slideshow_mode = Fullscreen'
INFO: 2023-07-22 13:35:28,866: log_options() 'slideshow_monitor = All'
INFO: 2023-07-22 13:35:28,866: log_options() 'slideshow_pan = 0.05'
INFO: 2023-07-22 13:35:28,866: log_options() 'slideshow_seconds = 6.0'
INFO: 2023-07-22 13:35:28,866: log_options() 'slideshow_sort_order = Random'
INFO: 2023-07-22 13:35:28,866: log_options() 'slideshow_sources_enabled = True'
INFO: 2023-07-22 13:35:28,866: log_options() 'slideshow_zoom = 0.2'
INFO: 2023-07-22 13:35:28,866: log_options() 'smart_enabled = False'
INFO: 2023-07-22 13:35:28,866: log_options() 'smart_notice_shown = False'
INFO: 2023-07-22 13:35:28,866: log_options() 'smart_register_shown = False'
INFO: 2023-07-22 13:35:28,866: log_options() 'sources = [[True, 'favorites', 'The Favorites folder'], [False, 'fetched', 'The Fetched folder'], [False, 'folder', '/usr/share/backgrounds'], [False, 'flickr', 'user:www.flickr.com/photos/peter-levi/;user_id:93647178@N00;'], [False, 'apod', "NASA's Astronomy Picture of the Day"], [False, 'bing', 'Bing Photo of the Day'], [False, 'earthview', 'Google Earth View Wallpapers'], [False, 'natgeo', "National Geographic's photo of the day"], [False, 'unsplash', 'High-resolution photos from Unsplash.com']]'
INFO: 2023-07-22 13:35:28,866: log_options() 'stats_enabled = True'
INFO: 2023-07-22 13:35:28,866: log_options() 'stats_notice_shown = False'
INFO: 2023-07-22 13:35:28,866: log_options() 'sync_enabled = True'
INFO: 2023-07-22 13:35:28,866: log_options() 'use_landscape_enabled = True'
INFO: 2023-07-22 13:35:28,866: log_options() 'wallhaven_api_key = '
INFO: 2023-07-22 13:35:28,866: log_options() 'wallpaper_auto_rotate = True'
INFO: 2023-07-22 13:35:28,866: log_options() 'wallpaper_display_mode = os'
INFO: 2023-07-22 13:35:28,866: reload_config() 'No need to clear prepared queue'
INFO: 2023-07-22 13:35:28,866: update_indicator() 'Setting file info to: /home/zer0/.config/variety/Favorites/nord_triangles.png'
INFO: 2023-07-22 13:35:28,866: list_files() 'More than 1 files in the folders, stop listing'
INFO: 2023-07-22 13:35:28,867: regular_change_thread() 'regular_change: waiting till user resumes'
INFO: 2023-07-22 13:35:28,867: prepare_thread() 'Prepared buffer contains 97 images'
INFO: 2023-07-22 13:35:28,967: do_set_wp() 'Calling do_set_wp with /home/zer0/.config/variety/Favorites/nord_triangles.png, time: 1690047328.9677463'
INFO: 2023-07-22 13:35:28,968: apply_auto_rotate() 'ImageMagick auto-rotate cmd: convert /home/zer0/.config/variety/Favorites/nord_triangles.png -auto-orient /home/zer0/.config/variety/wallpaper/wallpaper-auto-rotated-7951de7333c4c8214fab750090a2a47c.jpg'
INFO: 2023-07-22 13:35:29,192: update_indicator() 'Setting file info to: /home/zer0/.config/variety/Favorites/nord_triangles.png'
INFO: 2023-07-22 13:35:29,192: list_files() 'More than 1 files in the folders, stop listing'
INFO: 2023-07-22 13:35:30,868: trigger_download() 'Triggering download thread to check if download needed and possible'
INFO: 2023-07-22 13:35:34,062: apply() 'Applying preferences'
INFO: 2023-07-22 13:35:34,069: set_visible() 'Showing indicator icon'
INFO: 2023-07-22 13:35:34,069: log_options() 'Loaded options:'
INFO: 2023-07-22 13:35:34,070: log_options() 'change_enabled = False'
INFO: 2023-07-22 13:35:34,070: log_options() 'change_interval = 300'
INFO: 2023-07-22 13:35:34,070: log_options() 'change_on_start = False'
INFO: 2023-07-22 13:35:34,070: log_options() 'clipboard_enabled = False'
INFO: 2023-07-22 13:35:34,070: set_from_theme_icon() 'Showing indicator icon variety-indicator from GTK theme'
INFO: 2023-07-22 13:35:34,070: log_options() 'clipboard_hosts = ['wallhaven.cc', 'wallpapers.net', 'flickr.com', 'imgur.com', 'deviantart.com', 'interfacelift.com', 'vladstudio.com', 'imageshack.us', 'deviantart.net', 'imageshack.com']'
INFO: 2023-07-22 13:35:34,070: log_options() 'clipboard_use_whitelist = True'
INFO: 2023-07-22 13:35:34,070: log_options() 'clock_date_font = Serif 30'
INFO: 2023-07-22 13:35:34,070: log_options() 'clock_enabled = False'
INFO: 2023-07-22 13:35:34,070: log_options() 'clock_filter = -density 100 -font `fc-match -f '%{file[0]}' '%CLOCK_FONT_NAME'` -pointsize %CLOCK_FONT_SIZE -gravity SouthEast -fill '#00000044' -annotate 0x0+[%HOFFSET+58]+[%VOFFSET+108] '%H:%M' -fill white -annotate 0x0+[%HOFFSET+60]+[%VOFFSET+110] '%H:%M' -font `fc-match -f '%{file[0]}' '%DATE_FONT_NAME'` -pointsize %DATE_FONT_SIZE -fill '#00000044' -annotate 0x0+[%HOFFSET+58]+[%VOFFSET+58] '%A, %B %d' -fill white -annotate 0x0+[%HOFFSET+60]+[%VOFFSET+60] '%A, %B %d''
INFO: 2023-07-22 13:35:34,070: log_options() 'clock_font = Serif 70'
INFO: 2023-07-22 13:35:34,070: log_options() 'configfile = /home/zer0/.config/variety/variety.conf'
INFO: 2023-07-22 13:35:34,070: log_options() 'copyto_enabled = False'
INFO: 2023-07-22 13:35:34,070: log_options() 'copyto_folder = Default'
INFO: 2023-07-22 13:35:34,070: log_options() 'desired_color = [160, 160, 160]'
INFO: 2023-07-22 13:35:34,070: log_options() 'desired_color_enabled = False'
INFO: 2023-07-22 13:35:34,070: log_options() 'download_folder = /home/zer0/.config/variety/Downloaded'
INFO: 2023-07-22 13:35:34,070: log_options() 'download_preference_ratio = 0.9'
INFO: 2023-07-22 13:35:34,070: log_options() 'favorites_folder = /home/zer0/.config/variety/Favorites'
INFO: 2023-07-22 13:35:34,070: log_options() 'favorites_operations = [['Downloaded', 'Copy'], ['Fetched', 'Move'], ['Others', 'Copy']]'
INFO: 2023-07-22 13:35:34,070: log_options() 'fetched_folder = /home/zer0/.config/variety/Fetched'
INFO: 2023-07-22 13:35:34,070: log_options() 'filters = [[False, 'Keep original', ''], [False, 'Grayscale', '-type Grayscale'], [False, 'Heavy blur', '-scale 20% -blur 0x10 -resize 500%'], [False, 'Soft blur', '-scale 20% -blur 0x2 -resize 500%'], [False, 'Oil painting', '-paint 8'], [False, 'Pointilism', '-spread 10 -noise 3'], [False, 'Pixellate', '-scale 3% -scale 3333%']]'
INFO: 2023-07-22 13:35:34,070: log_options() 'get_wallpaper_script = /home/zer0/.config/variety/scripts/get_wallpaper_arco'
INFO: 2023-07-22 13:35:34,070: log_options() 'icon = Light'
INFO: 2023-07-22 13:35:34,070: log_options() 'internet_enabled = True'
INFO: 2023-07-22 13:35:34,070: log_options() 'lightness_enabled = False'
INFO: 2023-07-22 13:35:34,070: log_options() 'lightness_mode = 0'
INFO: 2023-07-22 13:35:34,070: log_options() 'min_rating = 4'
INFO: 2023-07-22 13:35:34,070: log_options() 'min_rating_enabled = False'
INFO: 2023-07-22 13:35:34,070: log_options() 'min_size = 80'
INFO: 2023-07-22 13:35:34,070: log_options() 'min_size_enabled = True'
INFO: 2023-07-22 13:35:34,070: log_options() 'quota_enabled = True'
INFO: 2023-07-22 13:35:34,070: log_options() 'quota_size = 1000'
INFO: 2023-07-22 13:35:34,070: log_options() 'quotes_authors = '
INFO: 2023-07-22 13:35:34,070: log_options() 'quotes_bg_color = [80, 80, 80]'
INFO: 2023-07-22 13:35:34,070: log_options() 'quotes_bg_opacity = 55'
INFO: 2023-07-22 13:35:34,070: log_options() 'quotes_change_enabled = False'
INFO: 2023-07-22 13:35:34,070: log_options() 'quotes_change_interval = 300'
INFO: 2023-07-22 13:35:34,070: log_options() 'quotes_disabled_sources = ['Urban Dictionary']'
INFO: 2023-07-22 13:35:34,070: log_options() 'quotes_enabled = False'
INFO: 2023-07-22 13:35:34,070: log_options() 'quotes_favorites_file = /home/zer0/.config/variety/favorite_quotes.txt'
INFO: 2023-07-22 13:35:34,070: log_options() 'quotes_font = Serif 30'
INFO: 2023-07-22 13:35:34,070: log_options() 'quotes_hpos = 100'
INFO: 2023-07-22 13:35:34,070: log_options() 'quotes_max_length = 250'
INFO: 2023-07-22 13:35:34,070: log_options() 'quotes_tags = '
INFO: 2023-07-22 13:35:34,070: log_options() 'quotes_text_color = [255, 255, 255]'
INFO: 2023-07-22 13:35:34,070: log_options() 'quotes_text_shadow = False'
INFO: 2023-07-22 13:35:34,070: log_options() 'quotes_vpos = 40'
INFO: 2023-07-22 13:35:34,071: log_options() 'quotes_width = 70'
INFO: 2023-07-22 13:35:34,071: log_options() 'safe_mode = False'
INFO: 2023-07-22 13:35:34,071: log_options() 'set_wallpaper_script = /home/zer0/.config/variety/scripts/set_wallpaper_arco'
INFO: 2023-07-22 13:35:34,071: log_options() 'slideshow_custom_enabled = False'
INFO: 2023-07-22 13:35:34,071: log_options() 'slideshow_custom_folder = /home/zer0'
INFO: 2023-07-22 13:35:34,071: log_options() 'slideshow_downloads_enabled = False'
INFO: 2023-07-22 13:35:34,071: log_options() 'slideshow_fade = 0.4'
INFO: 2023-07-22 13:35:34,071: log_options() 'slideshow_favorites_enabled = True'
INFO: 2023-07-22 13:35:34,071: log_options() 'slideshow_mode = Fullscreen'
INFO: 2023-07-22 13:35:34,071: log_options() 'slideshow_monitor = All'
INFO: 2023-07-22 13:35:34,071: log_options() 'slideshow_pan = 0.05'
INFO: 2023-07-22 13:35:34,071: log_options() 'slideshow_seconds = 6.0'
INFO: 2023-07-22 13:35:34,071: log_options() 'slideshow_sort_order = Random'
INFO: 2023-07-22 13:35:34,071: log_options() 'slideshow_sources_enabled = True'
INFO: 2023-07-22 13:35:34,071: log_options() 'slideshow_zoom = 0.2'
INFO: 2023-07-22 13:35:34,071: log_options() 'smart_enabled = False'
INFO: 2023-07-22 13:35:34,071: log_options() 'smart_notice_shown = False'
INFO: 2023-07-22 13:35:34,071: log_options() 'smart_register_shown = False'
INFO: 2023-07-22 13:35:34,071: log_options() 'sources = [[True, 'favorites', 'The Favorites folder'], [False, 'fetched', 'The Fetched folder'], [False, 'folder', '/usr/share/backgrounds'], [False, 'flickr', 'user:www.flickr.com/photos/peter-levi/;user_id:93647178@N00;'], [False, 'apod', "NASA's Astronomy Picture of the Day"], [False, 'bing', 'Bing Photo of the Day'], [False, 'earthview', 'Google Earth View Wallpapers'], [False, 'natgeo', "National Geographic's photo of the day"], [False, 'unsplash', 'High-resolution photos from Unsplash.com']]'
INFO: 2023-07-22 13:35:34,071: log_options() 'stats_enabled = True'
INFO: 2023-07-22 13:35:34,071: log_options() 'stats_notice_shown = False'
INFO: 2023-07-22 13:35:34,071: log_options() 'sync_enabled = True'
INFO: 2023-07-22 13:35:34,071: log_options() 'use_landscape_enabled = True'
INFO: 2023-07-22 13:35:34,071: log_options() 'wallhaven_api_key = '
INFO: 2023-07-22 13:35:34,071: log_options() 'wallpaper_auto_rotate = True'
INFO: 2023-07-22 13:35:34,071: log_options() 'wallpaper_display_mode = os'
INFO: 2023-07-22 13:35:34,071: reload_config() 'No need to clear prepared queue'
INFO: 2023-07-22 13:35:34,071: update_indicator() 'Setting file info to: /home/zer0/.config/variety/Favorites/nord_triangles.png'
INFO: 2023-07-22 13:35:34,072: list_files() 'More than 1 files in the folders, stop listing'
INFO: 2023-07-22 13:35:34,073: regular_change_thread() 'regular_change: waiting till user resumes'
INFO: 2023-07-22 13:35:34,073: prepare_thread() 'Prepared buffer contains 97 images'
INFO: 2023-07-22 13:35:34,173: do_set_wp() 'Calling do_set_wp with /home/zer0/.config/variety/Favorites/nord_triangles.png, time: 1690047334.1735368'
INFO: 2023-07-22 13:35:34,174: apply_auto_rotate() 'ImageMagick auto-rotate cmd: convert /home/zer0/.config/variety/Favorites/nord_triangles.png -auto-orient /home/zer0/.config/variety/wallpaper/wallpaper-auto-rotated-19d691d10051290a67696ce74ae41aa6.jpg'
INFO: 2023-07-22 13:35:34,383: update_indicator() 'Setting file info to: /home/zer0/.config/variety/Favorites/nord_triangles.png'
INFO: 2023-07-22 13:35:34,384: list_files() 'More than 1 files in the folders, stop listing'
INFO: 2023-07-22 13:35:36,074: trigger_download() 'Triggering download thread to check if download needed and possible'
INFO: 2023-07-22 13:35:43,995: apply() 'Applying preferences'
INFO: 2023-07-22 13:35:44,001: log_options() 'Loaded options:'
INFO: 2023-07-22 13:35:44,001: log_options() 'change_enabled = False'
INFO: 2023-07-22 13:35:44,001: log_options() 'change_interval = 300'
INFO: 2023-07-22 13:35:44,001: log_options() 'change_on_start = False'
INFO: 2023-07-22 13:35:44,001: log_options() 'clipboard_enabled = True'
INFO: 2023-07-22 13:35:44,001: log_options() 'clipboard_hosts = ['wallhaven.cc', 'wallpapers.net', 'flickr.com', 'imgur.com', 'deviantart.com', 'interfacelift.com', 'vladstudio.com', 'imageshack.us', 'deviantart.net', 'imageshack.com']'
INFO: 2023-07-22 13:35:44,001: log_options() 'clipboard_use_whitelist = True'
INFO: 2023-07-22 13:35:44,001: log_options() 'clock_date_font = Serif 30'
INFO: 2023-07-22 13:35:44,001: log_options() 'clock_enabled = False'
INFO: 2023-07-22 13:35:44,001: log_options() 'clock_filter = -density 100 -font `fc-match -f '%{file[0]}' '%CLOCK_FONT_NAME'` -pointsize %CLOCK_FONT_SIZE -gravity SouthEast -fill '#00000044' -annotate 0x0+[%HOFFSET+58]+[%VOFFSET+108] '%H:%M' -fill white -annotate 0x0+[%HOFFSET+60]+[%VOFFSET+110] '%H:%M' -font `fc-match -f '%{file[0]}' '%DATE_FONT_NAME'` -pointsize %DATE_FONT_SIZE -fill '#00000044' -annotate 0x0+[%HOFFSET+58]+[%VOFFSET+58] '%A, %B %d' -fill white -annotate 0x0+[%HOFFSET+60]+[%VOFFSET+60] '%A, %B %d''
INFO: 2023-07-22 13:35:44,001: log_options() 'clock_font = Serif 70'
INFO: 2023-07-22 13:35:44,001: log_options() 'configfile = /home/zer0/.config/variety/variety.conf'
INFO: 2023-07-22 13:35:44,001: log_options() 'copyto_enabled = False'
INFO: 2023-07-22 13:35:44,001: log_options() 'copyto_folder = Default'
INFO: 2023-07-22 13:35:44,001: log_options() 'desired_color = [160, 160, 160]'
INFO: 2023-07-22 13:35:44,001: log_options() 'desired_color_enabled = False'
INFO: 2023-07-22 13:35:44,001: log_options() 'download_folder = /home/zer0/.config/variety/Downloaded'
INFO: 2023-07-22 13:35:44,001: log_options() 'download_preference_ratio = 0.9'
INFO: 2023-07-22 13:35:44,001: log_options() 'favorites_folder = /home/zer0/.config/variety/Favorites'
INFO: 2023-07-22 13:35:44,001: log_options() 'favorites_operations = [['Downloaded', 'Copy'], ['Fetched', 'Move'], ['Others', 'Copy']]'
INFO: 2023-07-22 13:35:44,001: log_options() 'fetched_folder = /home/zer0/.config/variety/Fetched'
INFO: 2023-07-22 13:35:44,001: log_options() 'filters = [[False, 'Keep original', ''], [False, 'Grayscale', '-type Grayscale'], [False, 'Heavy blur', '-scale 20% -blur 0x10 -resize 500%'], [False, 'Soft blur', '-scale 20% -blur 0x2 -resize 500%'], [False, 'Oil painting', '-paint 8'], [False, 'Pointilism', '-spread 10 -noise 3'], [False, 'Pixellate', '-scale 3% -scale 3333%']]'
INFO: 2023-07-22 13:35:44,001: log_options() 'get_wallpaper_script = /home/zer0/.config/variety/scripts/get_wallpaper_arco'
INFO: 2023-07-22 13:35:44,001: log_options() 'icon = Light'
INFO: 2023-07-22 13:35:44,001: log_options() 'internet_enabled = True'
INFO: 2023-07-22 13:35:44,001: log_options() 'lightness_enabled = False'
INFO: 2023-07-22 13:35:44,001: log_options() 'lightness_mode = 0'
INFO: 2023-07-22 13:35:44,001: log_options() 'min_rating = 4'
INFO: 2023-07-22 13:35:44,002: set_visible() 'Showing indicator icon'
INFO: 2023-07-22 13:35:44,002: log_options() 'min_rating_enabled = False'
INFO: 2023-07-22 13:35:44,002: log_options() 'min_size = 80'
INFO: 2023-07-22 13:35:44,002: log_options() 'min_size_enabled = True'
INFO: 2023-07-22 13:35:44,002: log_options() 'quota_enabled = True'
INFO: 2023-07-22 13:35:44,002: log_options() 'quota_size = 1000'
INFO: 2023-07-22 13:35:44,002: log_options() 'quotes_authors = '
INFO: 2023-07-22 13:35:44,002: log_options() 'quotes_bg_color = [80, 80, 80]'
INFO: 2023-07-22 13:35:44,002: log_options() 'quotes_bg_opacity = 55'
INFO: 2023-07-22 13:35:44,002: log_options() 'quotes_change_enabled = False'
INFO: 2023-07-22 13:35:44,002: log_options() 'quotes_change_interval = 300'
INFO: 2023-07-22 13:35:44,002: log_options() 'quotes_disabled_sources = ['Urban Dictionary']'
INFO: 2023-07-22 13:35:44,002: log_options() 'quotes_enabled = False'
INFO: 2023-07-22 13:35:44,002: log_options() 'quotes_favorites_file = /home/zer0/.config/variety/favorite_quotes.txt'
INFO: 2023-07-22 13:35:44,002: log_options() 'quotes_font = Serif 30'
INFO: 2023-07-22 13:35:44,002: log_options() 'quotes_hpos = 100'
INFO: 2023-07-22 13:35:44,002: log_options() 'quotes_max_length = 250'
INFO: 2023-07-22 13:35:44,002: log_options() 'quotes_tags = '
INFO: 2023-07-22 13:35:44,002: log_options() 'quotes_text_color = [255, 255, 255]'
INFO: 2023-07-22 13:35:44,002: log_options() 'quotes_text_shadow = False'
INFO: 2023-07-22 13:35:44,002: log_options() 'quotes_vpos = 40'
INFO: 2023-07-22 13:35:44,002: log_options() 'quotes_width = 70'
INFO: 2023-07-22 13:35:44,002: log_options() 'safe_mode = False'
INFO: 2023-07-22 13:35:44,002: log_options() 'set_wallpaper_script = /home/zer0/.config/variety/scripts/set_wallpaper_arco'
INFO: 2023-07-22 13:35:44,002: log_options() 'slideshow_custom_enabled = False'
INFO: 2023-07-22 13:35:44,002: log_options() 'slideshow_custom_folder = /home/zer0'
INFO: 2023-07-22 13:35:44,002: log_options() 'slideshow_downloads_enabled = False'
INFO: 2023-07-22 13:35:44,002: log_options() 'slideshow_fade = 0.4'
INFO: 2023-07-22 13:35:44,002: log_options() 'slideshow_favorites_enabled = True'
INFO: 2023-07-22 13:35:44,002: log_options() 'slideshow_mode = Fullscreen'
INFO: 2023-07-22 13:35:44,002: log_options() 'slideshow_monitor = All'
INFO: 2023-07-22 13:35:44,002: log_options() 'slideshow_pan = 0.05'
INFO: 2023-07-22 13:35:44,002: log_options() 'slideshow_seconds = 6.0'
INFO: 2023-07-22 13:35:44,002: log_options() 'slideshow_sort_order = Random'
INFO: 2023-07-22 13:35:44,002: log_options() 'slideshow_sources_enabled = True'
INFO: 2023-07-22 13:35:44,002: log_options() 'slideshow_zoom = 0.2'
INFO: 2023-07-22 13:35:44,002: log_options() 'smart_enabled = False'
INFO: 2023-07-22 13:35:44,002: log_options() 'smart_notice_shown = False'
INFO: 2023-07-22 13:35:44,002: log_options() 'smart_register_shown = False'
INFO: 2023-07-22 13:35:44,002: log_options() 'sources = [[True, 'favorites', 'The Favorites folder'], [False, 'fetched', 'The Fetched folder'], [False, 'folder', '/usr/share/backgrounds'], [False, 'flickr', 'user:www.flickr.com/photos/peter-levi/;user_id:93647178@N00;'], [False, 'apod', "NASA's Astronomy Picture of the Day"], [False, 'bing', 'Bing Photo of the Day'], [False, 'earthview', 'Google Earth View Wallpapers'], [False, 'natgeo', "National Geographic's photo of the day"], [False, 'unsplash', 'High-resolution photos from Unsplash.com']]'
INFO: 2023-07-22 13:35:44,002: log_options() 'stats_enabled = True'
INFO: 2023-07-22 13:35:44,002: log_options() 'stats_notice_shown = False'
INFO: 2023-07-22 13:35:44,002: log_options() 'sync_enabled = True'
INFO: 2023-07-22 13:35:44,002: log_options() 'use_landscape_enabled = True'
INFO: 2023-07-22 13:35:44,002: log_options() 'wallhaven_api_key = '
INFO: 2023-07-22 13:35:44,002: log_options() 'wallpaper_auto_rotate = True'
INFO: 2023-07-22 13:35:44,002: log_options() 'wallpaper_display_mode = os'
INFO: 2023-07-22 13:35:44,002: reload_config() 'No need to clear prepared queue'
INFO: 2023-07-22 13:35:44,002: update_indicator() 'Setting file info to: /home/zer0/.config/variety/Favorites/nord_triangles.png'
INFO: 2023-07-22 13:35:44,002: set_from_theme_icon() 'Showing indicator icon variety-indicator from GTK theme'
INFO: 2023-07-22 13:35:44,003: list_files() 'More than 1 files in the folders, stop listing'
INFO: 2023-07-22 13:35:44,004: regular_change_thread() 'regular_change: waiting till user resumes'
INFO: 2023-07-22 13:35:44,005: prepare_thread() 'Prepared buffer contains 97 images'
INFO: 2023-07-22 13:35:44,104: do_set_wp() 'Calling do_set_wp with /home/zer0/.config/variety/Favorites/nord_triangles.png, time: 1690047344.1049523'
INFO: 2023-07-22 13:35:44,105: apply_auto_rotate() 'ImageMagick auto-rotate cmd: convert /home/zer0/.config/variety/Favorites/nord_triangles.png -auto-orient /home/zer0/.config/variety/wallpaper/wallpaper-auto-rotated-371473a21aede5c1a1a24c8ccfacd3a0.jpg'
INFO: 2023-07-22 13:35:44,319: update_indicator() 'Setting file info to: /home/zer0/.config/variety/Favorites/nord_triangles.png'
INFO: 2023-07-22 13:35:44,320: list_files() 'More than 1 files in the folders, stop listing'
INFO: 2023-07-22 13:35:46,006: trigger_download() 'Triggering download thread to check if download needed and possible'
INFO: 2023-07-22 13:35:47,961: apply() 'Applying preferences'
INFO: 2023-07-22 13:35:47,968: set_visible() 'Showing indicator icon'
INFO: 2023-07-22 13:35:47,968: set_from_theme_icon() 'Showing indicator icon variety-indicator from GTK theme'
INFO: 2023-07-22 13:35:47,968: log_options() 'Loaded options:'
INFO: 2023-07-22 13:35:47,968: log_options() 'change_enabled = False'
INFO: 2023-07-22 13:35:47,968: log_options() 'change_interval = 300'
INFO: 2023-07-22 13:35:47,968: log_options() 'change_on_start = False'
INFO: 2023-07-22 13:35:47,968: log_options() 'clipboard_enabled = False'
INFO: 2023-07-22 13:35:47,968: log_options() 'clipboard_hosts = ['wallhaven.cc', 'wallpapers.net', 'flickr.com', 'imgur.com', 'deviantart.com', 'interfacelift.com', 'vladstudio.com', 'imageshack.us', 'deviantart.net', 'imageshack.com']'
INFO: 2023-07-22 13:35:47,968: log_options() 'clipboard_use_whitelist = True'
INFO: 2023-07-22 13:35:47,968: log_options() 'clock_date_font = Serif 30'
INFO: 2023-07-22 13:35:47,968: log_options() 'clock_enabled = False'
INFO: 2023-07-22 13:35:47,968: log_options() 'clock_filter = -density 100 -font `fc-match -f '%{file[0]}' '%CLOCK_FONT_NAME'` -pointsize %CLOCK_FONT_SIZE -gravity SouthEast -fill '#00000044' -annotate 0x0+[%HOFFSET+58]+[%VOFFSET+108] '%H:%M' -fill white -annotate 0x0+[%HOFFSET+60]+[%VOFFSET+110] '%H:%M' -font `fc-match -f '%{file[0]}' '%DATE_FONT_NAME'` -pointsize %DATE_FONT_SIZE -fill '#00000044' -annotate 0x0+[%HOFFSET+58]+[%VOFFSET+58] '%A, %B %d' -fill white -annotate 0x0+[%HOFFSET+60]+[%VOFFSET+60] '%A, %B %d''
INFO: 2023-07-22 13:35:47,968: log_options() 'clock_font = Serif 70'
INFO: 2023-07-22 13:35:47,968: log_options() 'configfile = /home/zer0/.config/variety/variety.conf'
INFO: 2023-07-22 13:35:47,968: log_options() 'copyto_enabled = False'
INFO: 2023-07-22 13:35:47,968: log_options() 'copyto_folder = Default'
INFO: 2023-07-22 13:35:47,968: log_options() 'desired_color = [160, 160, 160]'
INFO: 2023-07-22 13:35:47,968: log_options() 'desired_color_enabled = False'
INFO: 2023-07-22 13:35:47,968: log_options() 'download_folder = /home/zer0/.config/variety/Downloaded'
INFO: 2023-07-22 13:35:47,968: log_options() 'download_preference_ratio = 0.9'
INFO: 2023-07-22 13:35:47,968: log_options() 'favorites_folder = /home/zer0/.config/variety/Favorites'
INFO: 2023-07-22 13:35:47,968: log_options() 'favorites_operations = [['Downloaded', 'Copy'], ['Fetched', 'Move'], ['Others', 'Copy']]'
INFO: 2023-07-22 13:35:47,968: log_options() 'fetched_folder = /home/zer0/.config/variety/Fetched'
INFO: 2023-07-22 13:35:47,968: log_options() 'filters = [[False, 'Keep original', ''], [False, 'Grayscale', '-type Grayscale'], [False, 'Heavy blur', '-scale 20% -blur 0x10 -resize 500%'], [False, 'Soft blur', '-scale 20% -blur 0x2 -resize 500%'], [False, 'Oil painting', '-paint 8'], [False, 'Pointilism', '-spread 10 -noise 3'], [False, 'Pixellate', '-scale 3% -scale 3333%']]'
INFO: 2023-07-22 13:35:47,968: log_options() 'get_wallpaper_script = /home/zer0/.config/variety/scripts/get_wallpaper_arco'
INFO: 2023-07-22 13:35:47,968: log_options() 'icon = Light'
INFO: 2023-07-22 13:35:47,968: log_options() 'internet_enabled = True'
INFO: 2023-07-22 13:35:47,968: log_options() 'lightness_enabled = False'
INFO: 2023-07-22 13:35:47,968: log_options() 'lightness_mode = 0'
INFO: 2023-07-22 13:35:47,968: log_options() 'min_rating = 4'
INFO: 2023-07-22 13:35:47,968: log_options() 'min_rating_enabled = False'
INFO: 2023-07-22 13:35:47,968: log_options() 'min_size = 80'
INFO: 2023-07-22 13:35:47,968: log_options() 'min_size_enabled = True'
INFO: 2023-07-22 13:35:47,968: log_options() 'quota_enabled = True'
INFO: 2023-07-22 13:35:47,968: log_options() 'quota_size = 1000'
INFO: 2023-07-22 13:35:47,969: log_options() 'quotes_authors = '
INFO: 2023-07-22 13:35:47,969: log_options() 'quotes_bg_color = [80, 80, 80]'
INFO: 2023-07-22 13:35:47,969: log_options() 'quotes_bg_opacity = 55'
INFO: 2023-07-22 13:35:47,969: log_options() 'quotes_change_enabled = False'
INFO: 2023-07-22 13:35:47,969: log_options() 'quotes_change_interval = 300'
INFO: 2023-07-22 13:35:47,969: log_options() 'quotes_disabled_sources = ['Urban Dictionary']'
INFO: 2023-07-22 13:35:47,969: log_options() 'quotes_enabled = False'
INFO: 2023-07-22 13:35:47,969: log_options() 'quotes_favorites_file = /home/zer0/.config/variety/favorite_quotes.txt'
INFO: 2023-07-22 13:35:47,969: log_options() 'quotes_font = Serif 30'
INFO: 2023-07-22 13:35:47,969: log_options() 'quotes_hpos = 100'
INFO: 2023-07-22 13:35:47,969: log_options() 'quotes_max_length = 250'
INFO: 2023-07-22 13:35:47,969: log_options() 'quotes_tags = '
INFO: 2023-07-22 13:35:47,969: log_options() 'quotes_text_color = [255, 255, 255]'
INFO: 2023-07-22 13:35:47,969: log_options() 'quotes_text_shadow = False'
INFO: 2023-07-22 13:35:47,969: log_options() 'quotes_vpos = 40'
INFO: 2023-07-22 13:35:47,969: log_options() 'quotes_width = 70'
INFO: 2023-07-22 13:35:47,969: log_options() 'safe_mode = False'
INFO: 2023-07-22 13:35:47,969: log_options() 'set_wallpaper_script = /home/zer0/.config/variety/scripts/set_wallpaper_arco'
INFO: 2023-07-22 13:35:47,969: log_options() 'slideshow_custom_enabled = False'
INFO: 2023-07-22 13:35:47,969: log_options() 'slideshow_custom_folder = /home/zer0'
INFO: 2023-07-22 13:35:47,969: log_options() 'slideshow_downloads_enabled = False'
INFO: 2023-07-22 13:35:47,969: log_options() 'slideshow_fade = 0.4'
INFO: 2023-07-22 13:35:47,969: log_options() 'slideshow_favorites_enabled = True'
INFO: 2023-07-22 13:35:47,969: log_options() 'slideshow_mode = Fullscreen'
INFO: 2023-07-22 13:35:47,969: log_options() 'slideshow_monitor = All'
INFO: 2023-07-22 13:35:47,969: log_options() 'slideshow_pan = 0.05'
INFO: 2023-07-22 13:35:47,969: log_options() 'slideshow_seconds = 6.0'
INFO: 2023-07-22 13:35:47,969: log_options() 'slideshow_sort_order = Random'
INFO: 2023-07-22 13:35:47,969: log_options() 'slideshow_sources_enabled = True'
INFO: 2023-07-22 13:35:47,969: log_options() 'slideshow_zoom = 0.2'
INFO: 2023-07-22 13:35:47,969: log_options() 'smart_enabled = False'
INFO: 2023-07-22 13:35:47,969: log_options() 'smart_notice_shown = False'
INFO: 2023-07-22 13:35:47,969: log_options() 'smart_register_shown = False'
INFO: 2023-07-22 13:35:47,969: log_options() 'sources = [[True, 'favorites', 'The Favorites folder'], [False, 'fetched', 'The Fetched folder'], [False, 'folder', '/usr/share/backgrounds'], [False, 'flickr', 'user:www.flickr.com/photos/peter-levi/;user_id:93647178@N00;'], [False, 'apod', "NASA's Astronomy Picture of the Day"], [False, 'bing', 'Bing Photo of the Day'], [False, 'earthview', 'Google Earth View Wallpapers'], [False, 'natgeo', "National Geographic's photo of the day"], [False, 'unsplash', 'High-resolution photos from Unsplash.com']]'
INFO: 2023-07-22 13:35:47,969: log_options() 'stats_enabled = True'
INFO: 2023-07-22 13:35:47,969: log_options() 'stats_notice_shown = False'
INFO: 2023-07-22 13:35:47,969: log_options() 'sync_enabled = True'
INFO: 2023-07-22 13:35:47,969: log_options() 'use_landscape_enabled = True'
INFO: 2023-07-22 13:35:47,969: log_options() 'wallhaven_api_key = '
INFO: 2023-07-22 13:35:47,969: log_options() 'wallpaper_auto_rotate = True'
INFO: 2023-07-22 13:35:47,969: log_options() 'wallpaper_display_mode = os'
INFO: 2023-07-22 13:35:47,969: reload_config() 'No need to clear prepared queue'
INFO: 2023-07-22 13:35:47,969: update_indicator() 'Setting file info to: /home/zer0/.config/variety/Favorites/nord_triangles.png'
INFO: 2023-07-22 13:35:47,970: list_files() 'More than 1 files in the folders, stop listing'
INFO: 2023-07-22 13:35:47,971: prepare_thread() 'Prepared buffer contains 97 images'
INFO: 2023-07-22 13:35:47,971: regular_change_thread() 'regular_change: waiting till user resumes'
INFO: 2023-07-22 13:35:48,071: do_set_wp() 'Calling do_set_wp with /home/zer0/.config/variety/Favorites/nord_triangles.png, time: 1690047348.0715344'
INFO: 2023-07-22 13:35:48,071: apply_auto_rotate() 'ImageMagick auto-rotate cmd: convert /home/zer0/.config/variety/Favorites/nord_triangles.png -auto-orient /home/zer0/.config/variety/wallpaper/wallpaper-auto-rotated-dece5ce4a871f7425b9a9ed72fdbece9.jpg'
INFO: 2023-07-22 13:35:48,284: update_indicator() 'Setting file info to: /home/zer0/.config/variety/Favorites/nord_triangles.png'
INFO: 2023-07-22 13:35:48,285: list_files() 'More than 1 files in the folders, stop listing'
INFO: 2023-07-22 13:35:49,972: trigger_download() 'Triggering download thread to check if download needed and possible'
INFO: 2023-07-22 13:36:22,495: apply() 'Applying preferences'
INFO: 2023-07-22 13:36:22,502: log_options() 'Loaded options:'
INFO: 2023-07-22 13:36:22,502: log_options() 'change_enabled = False'
INFO: 2023-07-22 13:36:22,502: log_options() 'change_interval = 300'
INFO: 2023-07-22 13:36:22,502: log_options() 'change_on_start = False'
INFO: 2023-07-22 13:36:22,502: log_options() 'clipboard_enabled = False'
INFO: 2023-07-22 13:36:22,502: log_options() 'clipboard_hosts = ['wallhaven.cc', 'wallpapers.net', 'flickr.com', 'imgur.com', 'deviantart.com', 'interfacelift.com', 'vladstudio.com', 'imageshack.us', 'deviantart.net', 'imageshack.com']'
INFO: 2023-07-22 13:36:22,502: log_options() 'clipboard_use_whitelist = True'
INFO: 2023-07-22 13:36:22,502: log_options() 'clock_date_font = Serif 30'
INFO: 2023-07-22 13:36:22,502: log_options() 'clock_enabled = False'
INFO: 2023-07-22 13:36:22,502: log_options() 'clock_filter = -density 100 -font `fc-match -f '%{file[0]}' '%CLOCK_FONT_NAME'` -pointsize %CLOCK_FONT_SIZE -gravity SouthEast -fill '#00000044' -annotate 0x0+[%HOFFSET+58]+[%VOFFSET+108] '%H:%M' -fill white -annotate 0x0+[%HOFFSET+60]+[%VOFFSET+110] '%H:%M' -font `fc-match -f '%{file[0]}' '%DATE_FONT_NAME'` -pointsize %DATE_FONT_SIZE -fill '#00000044' -annotate 0x0+[%HOFFSET+58]+[%VOFFSET+58] '%A, %B %d' -fill white -annotate 0x0+[%HOFFSET+60]+[%VOFFSET+60] '%A, %B %d''
INFO: 2023-07-22 13:36:22,502: log_options() 'clock_font = Serif 70'
INFO: 2023-07-22 13:36:22,502: log_options() 'configfile = /home/zer0/.config/variety/variety.conf'
INFO: 2023-07-22 13:36:22,502: log_options() 'copyto_enabled = False'
INFO: 2023-07-22 13:36:22,502: log_options() 'copyto_folder = Default'
INFO: 2023-07-22 13:36:22,502: log_options() 'desired_color = [160, 160, 160]'
INFO: 2023-07-22 13:36:22,502: log_options() 'desired_color_enabled = False'
INFO: 2023-07-22 13:36:22,502: log_options() 'download_folder = /home/zer0/.config/variety/Downloaded'
INFO: 2023-07-22 13:36:22,502: log_options() 'download_preference_ratio = 0.9'
INFO: 2023-07-22 13:36:22,502: log_options() 'favorites_folder = /home/zer0/.config/variety/Favorites'
INFO: 2023-07-22 13:36:22,502: log_options() 'favorites_operations = [['Downloaded', 'Copy'], ['Fetched', 'Move'], ['Others', 'Copy']]'
INFO: 2023-07-22 13:36:22,502: log_options() 'fetched_folder = /home/zer0/.config/variety/Fetched'
INFO: 2023-07-22 13:36:22,502: log_options() 'filters = [[False, 'Keep original', ''], [False, 'Grayscale', '-type Grayscale'], [False, 'Heavy blur', '-scale 20% -blur 0x10 -resize 500%'], [False, 'Soft blur', '-scale 20% -blur 0x2 -resize 500%'], [False, 'Oil painting', '-paint 8'], [False, 'Pointilism', '-spread 10 -noise 3'], [False, 'Pixellate', '-scale 3% -scale 3333%']]'
INFO: 2023-07-22 13:36:22,502: set_visible() 'Showing indicator icon'
INFO: 2023-07-22 13:36:22,502: set_from_theme_icon() 'Showing indicator icon variety-indicator from GTK theme'
INFO: 2023-07-22 13:36:22,502: log_options() 'get_wallpaper_script = /home/zer0/.config/variety/scripts/get_wallpaper_arco'
INFO: 2023-07-22 13:36:22,502: log_options() 'icon = Light'
INFO: 2023-07-22 13:36:22,502: log_options() 'internet_enabled = True'
INFO: 2023-07-22 13:36:22,502: log_options() 'lightness_enabled = False'
INFO: 2023-07-22 13:36:22,502: log_options() 'lightness_mode = 0'
INFO: 2023-07-22 13:36:22,502: log_options() 'min_rating = 4'
INFO: 2023-07-22 13:36:22,502: log_options() 'min_rating_enabled = False'
INFO: 2023-07-22 13:36:22,502: log_options() 'min_size = 80'
INFO: 2023-07-22 13:36:22,502: log_options() 'min_size_enabled = True'
INFO: 2023-07-22 13:36:22,502: log_options() 'quota_enabled = True'
INFO: 2023-07-22 13:36:22,502: log_options() 'quota_size = 1000'
INFO: 2023-07-22 13:36:22,502: log_options() 'quotes_authors = '
INFO: 2023-07-22 13:36:22,502: log_options() 'quotes_bg_color = [80, 80, 80]'
INFO: 2023-07-22 13:36:22,502: log_options() 'quotes_bg_opacity = 55'
INFO: 2023-07-22 13:36:22,502: log_options() 'quotes_change_enabled = False'
INFO: 2023-07-22 13:36:22,502: log_options() 'quotes_change_interval = 300'
INFO: 2023-07-22 13:36:22,502: log_options() 'quotes_disabled_sources = ['Urban Dictionary']'
INFO: 2023-07-22 13:36:22,502: log_options() 'quotes_enabled = False'
INFO: 2023-07-22 13:36:22,502: log_options() 'quotes_favorites_file = /home/zer0/.config/variety/favorite_quotes.txt'
INFO: 2023-07-22 13:36:22,502: log_options() 'quotes_font = Serif 30'
INFO: 2023-07-22 13:36:22,502: log_options() 'quotes_hpos = 100'
INFO: 2023-07-22 13:36:22,502: log_options() 'quotes_max_length = 250'
INFO: 2023-07-22 13:36:22,502: log_options() 'quotes_tags = '
INFO: 2023-07-22 13:36:22,502: log_options() 'quotes_text_color = [255, 255, 255]'
INFO: 2023-07-22 13:36:22,502: log_options() 'quotes_text_shadow = False'
INFO: 2023-07-22 13:36:22,502: log_options() 'quotes_vpos = 40'
INFO: 2023-07-22 13:36:22,502: log_options() 'quotes_width = 70'
INFO: 2023-07-22 13:36:22,502: log_options() 'safe_mode = False'
INFO: 2023-07-22 13:36:22,502: log_options() 'set_wallpaper_script = /home/zer0/.config/variety/scripts/set_wallpaper_arco'
INFO: 2023-07-22 13:36:22,502: log_options() 'slideshow_custom_enabled = False'
INFO: 2023-07-22 13:36:22,502: log_options() 'slideshow_custom_folder = /home/zer0'
INFO: 2023-07-22 13:36:22,502: log_options() 'slideshow_downloads_enabled = False'
INFO: 2023-07-22 13:36:22,502: log_options() 'slideshow_fade = 0.4'
INFO: 2023-07-22 13:36:22,502: log_options() 'slideshow_favorites_enabled = True'
INFO: 2023-07-22 13:36:22,502: log_options() 'slideshow_mode = Fullscreen'
INFO: 2023-07-22 13:36:22,502: log_options() 'slideshow_monitor = All'
INFO: 2023-07-22 13:36:22,503: log_options() 'slideshow_pan = 0.05'
INFO: 2023-07-22 13:36:22,503: log_options() 'slideshow_seconds = 6.0'
INFO: 2023-07-22 13:36:22,503: log_options() 'slideshow_sort_order = Random'
INFO: 2023-07-22 13:36:22,503: log_options() 'slideshow_sources_enabled = True'
INFO: 2023-07-22 13:36:22,503: log_options() 'slideshow_zoom = 0.2'
INFO: 2023-07-22 13:36:22,503: log_options() 'smart_enabled = False'
INFO: 2023-07-22 13:36:22,503: log_options() 'smart_notice_shown = False'
INFO: 2023-07-22 13:36:22,503: log_options() 'smart_register_shown = False'
INFO: 2023-07-22 13:36:22,503: log_options() 'sources = [[True, 'favorites', 'The Favorites folder'], [False, 'fetched', 'The Fetched folder'], [False, 'folder', '/usr/share/backgrounds'], [False, 'flickr', 'user:www.flickr.com/photos/peter-levi/;user_id:93647178@N00;'], [False, 'apod', "NASA's Astronomy Picture of the Day"], [False, 'bing', 'Bing Photo of the Day'], [False, 'earthview', 'Google Earth View Wallpapers'], [False, 'natgeo', "National Geographic's photo of the day"], [False, 'unsplash', 'High-resolution photos from Unsplash.com']]'
INFO: 2023-07-22 13:36:22,503: log_options() 'stats_enabled = True'
INFO: 2023-07-22 13:36:22,503: log_options() 'stats_notice_shown = False'
INFO: 2023-07-22 13:36:22,503: log_options() 'sync_enabled = True'
INFO: 2023-07-22 13:36:22,503: log_options() 'use_landscape_enabled = True'
INFO: 2023-07-22 13:36:22,503: log_options() 'wallhaven_api_key = '
INFO: 2023-07-22 13:36:22,503: log_options() 'wallpaper_auto_rotate = True'
INFO: 2023-07-22 13:36:22,503: log_options() 'wallpaper_display_mode = os'
INFO: 2023-07-22 13:36:22,503: reload_config() 'No need to clear prepared queue'
INFO: 2023-07-22 13:36:22,503: update_indicator() 'Setting file info to: /home/zer0/.config/variety/Favorites/nord_triangles.png'
INFO: 2023-07-22 13:36:22,503: list_files() 'More than 1 files in the folders, stop listing'
INFO: 2023-07-22 13:36:22,504: regular_change_thread() 'regular_change: waiting till user resumes'
INFO: 2023-07-22 13:36:22,504: prepare_thread() 'Prepared buffer contains 97 images'
INFO: 2023-07-22 13:36:22,604: do_set_wp() 'Calling do_set_wp with /home/zer0/.config/variety/Favorites/nord_triangles.png, time: 1690047382.6045063'
INFO: 2023-07-22 13:36:22,605: apply_auto_rotate() 'ImageMagick auto-rotate cmd: convert /home/zer0/.config/variety/Favorites/nord_triangles.png -auto-orient /home/zer0/.config/variety/wallpaper/wallpaper-auto-rotated-9dab79f24736182e61c0f95bf1fa3cb0.jpg'
INFO: 2023-07-22 13:36:22,809: update_indicator() 'Setting file info to: /home/zer0/.config/variety/Favorites/nord_triangles.png'
INFO: 2023-07-22 13:36:22,810: list_files() 'More than 1 files in the folders, stop listing'
INFO: 2023-07-22 13:36:24,504: trigger_download() 'Triggering download thread to check if download needed and possible'
INFO: 2023-07-22 13:36:29,895: trigger_download() 'Triggering download thread to check if download needed and possible'
INFO: 2023-07-22 13:36:29,995: apply() 'Applying preferences'
INFO: 2023-07-22 13:36:29,999: set_visible() 'Showing indicator icon'
INFO: 2023-07-22 13:36:29,999: set_from_theme_icon() 'Showing indicator icon variety-indicator from GTK theme'
INFO: 2023-07-22 13:36:30,000: log_options() 'Loaded options:'
INFO: 2023-07-22 13:36:30,000: log_options() 'change_enabled = False'
INFO: 2023-07-22 13:36:30,000: log_options() 'change_interval = 300'
INFO: 2023-07-22 13:36:30,000: log_options() 'change_on_start = False'
INFO: 2023-07-22 13:36:30,000: log_options() 'clipboard_enabled = False'
INFO: 2023-07-22 13:36:30,000: log_options() 'clipboard_hosts = ['wallhaven.cc', 'wallpapers.net', 'flickr.com', 'imgur.com', 'deviantart.com', 'interfacelift.com', 'vladstudio.com', 'imageshack.us', 'deviantart.net', 'imageshack.com']'
INFO: 2023-07-22 13:36:30,000: log_options() 'clipboard_use_whitelist = True'
INFO: 2023-07-22 13:36:30,000: log_options() 'clock_date_font = Serif 30'
INFO: 2023-07-22 13:36:30,000: log_options() 'clock_enabled = False'
INFO: 2023-07-22 13:36:30,000: log_options() 'clock_filter = -density 100 -font `fc-match -f '%{file[0]}' '%CLOCK_FONT_NAME'` -pointsize %CLOCK_FONT_SIZE -gravity SouthEast -fill '#00000044' -annotate 0x0+[%HOFFSET+58]+[%VOFFSET+108] '%H:%M' -fill white -annotate 0x0+[%HOFFSET+60]+[%VOFFSET+110] '%H:%M' -font `fc-match -f '%{file[0]}' '%DATE_FONT_NAME'` -pointsize %DATE_FONT_SIZE -fill '#00000044' -annotate 0x0+[%HOFFSET+58]+[%VOFFSET+58] '%A, %B %d' -fill white -annotate 0x0+[%HOFFSET+60]+[%VOFFSET+60] '%A, %B %d''
INFO: 2023-07-22 13:36:30,000: log_options() 'clock_font = Serif 70'
INFO: 2023-07-22 13:36:30,000: log_options() 'configfile = /home/zer0/.config/variety/variety.conf'
INFO: 2023-07-22 13:36:30,000: log_options() 'copyto_enabled = False'
INFO: 2023-07-22 13:36:30,000: log_options() 'copyto_folder = Default'
INFO: 2023-07-22 13:36:30,000: log_options() 'desired_color = [160, 160, 160]'
INFO: 2023-07-22 13:36:30,000: log_options() 'desired_color_enabled = False'
INFO: 2023-07-22 13:36:30,000: log_options() 'download_folder = /home/zer0/.config/variety/Downloaded'
INFO: 2023-07-22 13:36:30,000: log_options() 'download_preference_ratio = 0.9'
INFO: 2023-07-22 13:36:30,000: log_options() 'favorites_folder = /home/zer0/.config/variety/Favorites'
INFO: 2023-07-22 13:36:30,000: log_options() 'favorites_operations = [['Downloaded', 'Copy'], ['Fetched', 'Move'], ['Others', 'Copy']]'
INFO: 2023-07-22 13:36:30,000: log_options() 'fetched_folder = /home/zer0/.config/variety/Fetched'
INFO: 2023-07-22 13:36:30,000: log_options() 'filters = [[False, 'Keep original', ''], [False, 'Grayscale', '-type Grayscale'], [False, 'Heavy blur', '-scale 20% -blur 0x10 -resize 500%'], [False, 'Soft blur', '-scale 20% -blur 0x2 -resize 500%'], [False, 'Oil painting', '-paint 8'], [False, 'Pointilism', '-spread 10 -noise 3'], [False, 'Pixellate', '-scale 3% -scale 3333%']]'
INFO: 2023-07-22 13:36:30,000: log_options() 'get_wallpaper_script = /home/zer0/.config/variety/scripts/get_wallpaper_arco'
INFO: 2023-07-22 13:36:30,000: log_options() 'icon = Light'
INFO: 2023-07-22 13:36:30,000: log_options() 'internet_enabled = True'
INFO: 2023-07-22 13:36:30,000: log_options() 'lightness_enabled = False'
INFO: 2023-07-22 13:36:30,000: log_options() 'lightness_mode = 0'
INFO: 2023-07-22 13:36:30,000: log_options() 'min_rating = 4'
INFO: 2023-07-22 13:36:30,000: log_options() 'min_rating_enabled = False'
INFO: 2023-07-22 13:36:30,000: log_options() 'min_size = 80'
INFO: 2023-07-22 13:36:30,000: log_options() 'min_size_enabled = True'
INFO: 2023-07-22 13:36:30,000: log_options() 'quota_enabled = True'
INFO: 2023-07-22 13:36:30,000: log_options() 'quota_size = 1000'
INFO: 2023-07-22 13:36:30,000: log_options() 'quotes_authors = '
INFO: 2023-07-22 13:36:30,000: log_options() 'quotes_bg_color = [80, 80, 80]'
INFO: 2023-07-22 13:36:30,000: log_options() 'quotes_bg_opacity = 55'
INFO: 2023-07-22 13:36:30,000: log_options() 'quotes_change_enabled = False'
INFO: 2023-07-22 13:36:30,000: log_options() 'quotes_change_interval = 300'
INFO: 2023-07-22 13:36:30,000: log_options() 'quotes_disabled_sources = ['Urban Dictionary']'
INFO: 2023-07-22 13:36:30,000: log_options() 'quotes_enabled = False'
INFO: 2023-07-22 13:36:30,000: log_options() 'quotes_favorites_file = /home/zer0/.config/variety/favorite_quotes.txt'
INFO: 2023-07-22 13:36:30,000: log_options() 'quotes_font = Serif 30'
INFO: 2023-07-22 13:36:30,000: log_options() 'quotes_hpos = 100'
INFO: 2023-07-22 13:36:30,000: log_options() 'quotes_max_length = 250'
INFO: 2023-07-22 13:36:30,000: log_options() 'quotes_tags = '
INFO: 2023-07-22 13:36:30,000: log_options() 'quotes_text_color = [255, 255, 255]'
INFO: 2023-07-22 13:36:30,000: log_options() 'quotes_text_shadow = False'
INFO: 2023-07-22 13:36:30,000: log_options() 'quotes_vpos = 40'
INFO: 2023-07-22 13:36:30,000: log_options() 'quotes_width = 70'
INFO: 2023-07-22 13:36:30,000: log_options() 'safe_mode = False'
INFO: 2023-07-22 13:36:30,000: log_options() 'set_wallpaper_script = /home/zer0/.config/variety/scripts/set_wallpaper_arco'
INFO: 2023-07-22 13:36:30,000: log_options() 'slideshow_custom_enabled = False'
INFO: 2023-07-22 13:36:30,000: log_options() 'slideshow_custom_folder = /home/zer0'
INFO: 2023-07-22 13:36:30,000: log_options() 'slideshow_downloads_enabled = False'
INFO: 2023-07-22 13:36:30,000: log_options() 'slideshow_fade = 0.4'
INFO: 2023-07-22 13:36:30,000: log_options() 'slideshow_favorites_enabled = True'
INFO: 2023-07-22 13:36:30,000: log_options() 'slideshow_mode = Fullscreen'
INFO: 2023-07-22 13:36:30,000: log_options() 'slideshow_monitor = All'
INFO: 2023-07-22 13:36:30,000: log_options() 'slideshow_pan = 0.05'
INFO: 2023-07-22 13:36:30,000: log_options() 'slideshow_seconds = 6.0'
INFO: 2023-07-22 13:36:30,001: log_options() 'slideshow_sort_order = Random'
INFO: 2023-07-22 13:36:30,001: log_options() 'slideshow_sources_enabled = True'
INFO: 2023-07-22 13:36:30,001: log_options() 'slideshow_zoom = 0.2'
INFO: 2023-07-22 13:36:30,001: log_options() 'smart_enabled = False'
INFO: 2023-07-22 13:36:30,001: log_options() 'smart_notice_shown = False'
INFO: 2023-07-22 13:36:30,001: log_options() 'smart_register_shown = False'
INFO: 2023-07-22 13:36:30,001: log_options() 'sources = [[True, 'favorites', 'The Favorites folder'], [False, 'fetched', 'The Fetched folder'], [False, 'folder', '/usr/share/backgrounds'], [False, 'flickr', 'user:www.flickr.com/photos/peter-levi/;user_id:93647178@N00;'], [False, 'apod', "NASA's Astronomy Picture of the Day"], [False, 'bing', 'Bing Photo of the Day'], [False, 'earthview', 'Google Earth View Wallpapers'], [False, 'natgeo', "National Geographic's photo of the day"], [False, 'unsplash', 'High-resolution photos from Unsplash.com']]'
INFO: 2023-07-22 13:36:30,001: log_options() 'stats_enabled = True'
INFO: 2023-07-22 13:36:30,001: log_options() 'stats_notice_shown = False'
INFO: 2023-07-22 13:36:30,001: log_options() 'sync_enabled = True'
INFO: 2023-07-22 13:36:30,001: log_options() 'use_landscape_enabled = True'
INFO: 2023-07-22 13:36:30,001: log_options() 'wallhaven_api_key = '
INFO: 2023-07-22 13:36:30,001: log_options() 'wallpaper_auto_rotate = True'
INFO: 2023-07-22 13:36:30,001: log_options() 'wallpaper_display_mode = os'
INFO: 2023-07-22 13:36:30,001: reload_config() 'No need to clear prepared queue'
INFO: 2023-07-22 13:36:30,001: update_indicator() 'Setting file info to: /home/zer0/.config/variety/Favorites/nord_triangles.png'
INFO: 2023-07-22 13:36:30,001: list_files() 'More than 1 files in the folders, stop listing'
INFO: 2023-07-22 13:36:30,002: regular_change_thread() 'regular_change: waiting till user resumes'
INFO: 2023-07-22 13:36:30,002: prepare_thread() 'Prepared buffer contains 97 images'
INFO: 2023-07-22 13:36:30,102: do_set_wp() 'Calling do_set_wp with /home/zer0/.config/variety/Favorites/nord_triangles.png, time: 1690047390.1025257'
INFO: 2023-07-22 13:36:30,102: apply_auto_rotate() 'ImageMagick auto-rotate cmd: convert /home/zer0/.config/variety/Favorites/nord_triangles.png -auto-orient /home/zer0/.config/variety/wallpaper/wallpaper-auto-rotated-96e69b98199df746cae63b13834d1dee.jpg'
INFO: 2023-07-22 13:36:30,311: update_indicator() 'Setting file info to: /home/zer0/.config/variety/Favorites/nord_triangles.png'
INFO: 2023-07-22 13:36:30,311: list_files() 'More than 1 files in the folders, stop listing'
INFO: 2023-07-22 13:36:32,002: trigger_download() 'Triggering download thread to check if download needed and possible'
